2023-03-31T07:39:08.731+05:30  WARN 9592 --- [HikariPool-1 housekeeper] com.zaxxer.hikari.pool.HikariPool        : HikariPool-1 - Thread starvation or clock leap detected (housekeeper delta=5h37m58s463ms260µs800ns).
2023-03-31T08:20:48.324+05:30  INFO 9592 --- [RMI TCP Connection(997)-127.0.0.1] inMXBeanRegistrar$SpringApplicationAdmin : Application shutdown requested.
2023-03-31T08:20:48.360+05:30  INFO 9592 --- [RMI TCP Connection(999)-127.0.0.1] inMXBeanRegistrar$SpringApplicationAdmin : Application shutdown requested.
2023-03-31T08:20:48.522+05:30  INFO 9592 --- [RMI TCP Connection(1000)-127.0.0.1] inMXBeanRegistrar$SpringApplicationAdmin : Application shutdown requested.
2023-03-31T08:20:48.568+05:30  INFO 9592 --- [RMI TCP Connection(997)-127.0.0.1] o.apache.catalina.core.StandardService   : Stopping service [Tomcat]
2023-03-31T08:20:48.588+05:30  INFO 9592 --- [RMI TCP Connection(997)-127.0.0.1] o.a.c.c.C.[Tomcat].[localhost].[/]       : Destroying Spring FrameworkServlet 'dispatcherServlet'
2023-03-31T08:20:48.680+05:30  INFO 9592 --- [RMI TCP Connection(997)-127.0.0.1] o.s.c.c.s.ConsulServiceRegistry          : Deregistering service with consul: g3-patient-info-service-9006
2023-03-31T08:20:48.691+05:30  INFO 9592 --- [RMI TCP Connection(1001)-127.0.0.1] inMXBeanRegistrar$SpringApplicationAdmin : Application shutdown requested.
2023-03-31T08:20:48.735+05:30  INFO 9592 --- [RMI TCP Connection(997)-127.0.0.1] j.LocalContainerEntityManagerFactoryBean : Closing JPA EntityManagerFactory for persistence unit 'default'
2023-03-31T08:20:48.800+05:30  INFO 9592 --- [RMI TCP Connection(997)-127.0.0.1] com.zaxxer.hikari.HikariDataSource       : HikariPool-1 - Shutdown initiated...
2023-03-31T08:20:48.828+05:30  INFO 9592 --- [RMI TCP Connection(997)-127.0.0.1] com.zaxxer.hikari.HikariDataSource       : HikariPool-1 - Shutdown completed.
2023-03-31T08:23:09.071+05:30  INFO 2492 --- [restartedMain] c.c.a.PatientInfoServiceApplication      : Starting PatientInfoServiceApplication using Java 17.0.6 with PID 2492 (C:\Users\prath\OneDrive\Desktop\PMS-Merge\admin-backend-main\g3-patient-info-service\target\classes started by prath in C:\Users\prath\OneDrive\Desktop\PMS-Merge\admin-backend-main\g3-patient-info-service)
2023-03-31T08:23:09.074+05:30  INFO 2492 --- [restartedMain] c.c.a.PatientInfoServiceApplication      : No active profile set, falling back to 1 default profile: "default"
2023-03-31T08:23:09.111+05:30  INFO 2492 --- [restartedMain] .e.DevToolsPropertyDefaultsPostProcessor : Devtools property defaults active! Set 'spring.devtools.add-properties' to 'false' to disable
2023-03-31T08:23:09.112+05:30  INFO 2492 --- [restartedMain] .e.DevToolsPropertyDefaultsPostProcessor : For additional web related logging consider setting the 'logging.level.web' property to 'DEBUG'
2023-03-31T08:23:10.143+05:30  INFO 2492 --- [restartedMain] .s.d.r.c.RepositoryConfigurationDelegate : Bootstrapping Spring Data JPA repositories in DEFAULT mode.
2023-03-31T08:23:10.262+05:30  INFO 2492 --- [restartedMain] .s.d.r.c.RepositoryConfigurationDelegate : Finished Spring Data repository scanning in 112 ms. Found 1 JPA repository interfaces.
2023-03-31T08:23:10.489+05:30  INFO 2492 --- [restartedMain] o.s.cloud.context.scope.GenericScope     : BeanFactory id=172e2e86-24d2-3402-ab21-edd9856b7d92
2023-03-31T08:23:10.572+05:30  INFO 2492 --- [restartedMain] trationDelegate$BeanPostProcessorChecker : Bean 'org.springframework.ws.config.annotation.DelegatingWsConfiguration' of type [org.springframework.ws.config.annotation.DelegatingWsConfiguration$$SpringCGLIB$$0] is not eligible for getting processed by all BeanPostProcessors (for example: not eligible for auto-proxying)
2023-03-31T08:23:10.604+05:30  INFO 2492 --- [restartedMain] .w.s.a.s.AnnotationActionEndpointMapping : Supporting [WS-Addressing August 2004, WS-Addressing 1.0]
2023-03-31T08:23:10.958+05:30  INFO 2492 --- [restartedMain] o.s.b.w.embedded.tomcat.TomcatWebServer  : Tomcat initialized with port(s): 9006 (http)
2023-03-31T08:23:10.973+05:30  INFO 2492 --- [restartedMain] o.apache.catalina.core.StandardService   : Starting service [Tomcat]
2023-03-31T08:23:10.973+05:30  INFO 2492 --- [restartedMain] o.apache.catalina.core.StandardEngine    : Starting Servlet engine: [Apache Tomcat/10.1.5]
2023-03-31T08:23:11.025+05:30  INFO 2492 --- [restartedMain] o.a.c.c.C.[Tomcat].[localhost].[/]       : Initializing Spring embedded WebApplicationContext
2023-03-31T08:23:11.026+05:30  INFO 2492 --- [restartedMain] w.s.c.ServletWebServerApplicationContext : Root WebApplicationContext: initialization completed in 1914 ms
2023-03-31T08:23:11.225+05:30  INFO 2492 --- [restartedMain] o.hibernate.jpa.internal.util.LogHelper  : HHH000204: Processing PersistenceUnitInfo [name: default]
2023-03-31T08:23:11.265+05:30  INFO 2492 --- [restartedMain] org.hibernate.Version                    : HHH000412: Hibernate ORM core version 6.1.7.Final
2023-03-31T08:23:11.456+05:30  INFO 2492 --- [restartedMain] com.zaxxer.hikari.HikariDataSource       : HikariPool-1 - Starting...
2023-03-31T08:23:11.574+05:30  INFO 2492 --- [restartedMain] com.zaxxer.hikari.pool.HikariPool        : HikariPool-1 - Added connection com.mysql.cj.jdbc.ConnectionImpl@56a8fc6e
2023-03-31T08:23:11.575+05:30  INFO 2492 --- [restartedMain] com.zaxxer.hikari.HikariDataSource       : HikariPool-1 - Start completed.
2023-03-31T08:23:11.632+05:30  INFO 2492 --- [restartedMain] SQL dialect                              : HHH000400: Using dialect: org.hibernate.dialect.MySQLDialect
2023-03-31T08:23:12.230+05:30  INFO 2492 --- [restartedMain] o.h.e.t.j.p.i.JtaPlatformInitiator       : HHH000490: Using JtaPlatform implementation: [org.hibernate.engine.transaction.jta.platform.internal.NoJtaPlatform]
2023-03-31T08:23:12.242+05:30  INFO 2492 --- [restartedMain] j.LocalContainerEntityManagerFactoryBean : Initialized JPA EntityManagerFactory for persistence unit 'default'
2023-03-31T08:23:12.526+05:30  WARN 2492 --- [restartedMain] JpaBaseConfiguration$JpaWebConfiguration : spring.jpa.open-in-view is enabled by default. Therefore, database queries may be performed during view rendering. Explicitly configure spring.jpa.open-in-view to disable this warning
2023-03-31T08:23:13.674+05:30  WARN 2492 --- [restartedMain] o.s.b.d.a.OptionalLiveReloadServer       : Unable to start LiveReload server
2023-03-31T08:23:13.809+05:30  WARN 2492 --- [restartedMain] iguration$LoadBalancerCaffeineWarnLogger : Spring Cloud LoadBalancer is currently working with the default cache. While this cache implementation is useful for development and tests, it's recommended to use Caffeine cache in production.You can switch to using Caffeine cache, by adding it and org.springframework.cache.caffeine.CaffeineCacheManager to the classpath.
2023-03-31T08:23:13.814+05:30  INFO 2492 --- [restartedMain] o.s.b.a.e.web.EndpointLinksResolver      : Exposing 1 endpoint(s) beneath base path '/actuator'
2023-03-31T08:23:13.923+05:30  INFO 2492 --- [restartedMain] o.s.b.w.embedded.tomcat.TomcatWebServer  : Tomcat started on port(s): 9006 (http) with context path ''
2023-03-31T08:23:13.926+05:30  INFO 2492 --- [restartedMain] o.s.c.c.s.ConsulServiceRegistry          : Registering service with consul: NewService{id='g3-patient-info-service-9006', name='g3-patient-info-service', tags=[], address='host.docker.internal', meta={secure=false}, port=9006, enableTagOverride=null, check=Check{script='null', dockerContainerID='null', shell='null', interval='10s', ttl='null', http='http://host.docker.internal:9006/actuator/health', method='null', header={}, tcp='null', timeout='null', deregisterCriticalServiceAfter='null', tlsSkipVerify=null, status='null', grpc='null', grpcUseTLS=null}, checks=null}
2023-03-31T08:23:14.044+05:30  INFO 2492 --- [restartedMain] c.c.a.PatientInfoServiceApplication      : Started PatientInfoServiceApplication in 5.688 seconds (process running for 6.453)
2023-03-31T08:23:14.938+05:30  INFO 2492 --- [RMI TCP Connection(9)-127.0.0.1] o.a.c.c.C.[Tomcat].[localhost].[/]       : Initializing Spring DispatcherServlet 'dispatcherServlet'
2023-03-31T08:23:14.938+05:30  INFO 2492 --- [RMI TCP Connection(9)-127.0.0.1] o.s.web.servlet.DispatcherServlet        : Initializing Servlet 'dispatcherServlet'
2023-03-31T08:23:14.943+05:30  INFO 2492 --- [RMI TCP Connection(9)-127.0.0.1] o.s.web.servlet.DispatcherServlet        : Completed initialization in 3 ms
2023-03-31T08:31:14.558+05:30  INFO 2492 --- [http-nio-9006-exec-9] c.c.a.controller.PatientInfoController   : fetching patient information by patientId successfully
2023-03-31T08:31:14.574+05:30  INFO 2492 --- [http-nio-9006-exec-9] c.c.a.s.impl.PatientInfoServiceImpl      : Patient fetched by patientId
2023-03-31T13:25:35.021+05:30  WARN 2492 --- [HikariPool-1 housekeeper] com.zaxxer.hikari.pool.HikariPool        : HikariPool-1 - Thread starvation or clock leap detected (housekeeper delta=13m18s117ms603µs500ns).
2023-03-31T15:36:49.283+05:30  INFO 2848 --- [restartedMain] c.c.a.PatientInfoServiceApplication      : Starting PatientInfoServiceApplication using Java 17.0.6 with PID 2848 (C:\Users\prath\OneDrive\Desktop\PMS-Merge\admin-backend-main\g3-patient-info-service\target\classes started by prath in C:\Users\prath\OneDrive\Desktop\PMS-Merge\admin-backend-main\g3-patient-info-service)
2023-03-31T15:36:49.286+05:30  INFO 2848 --- [restartedMain] c.c.a.PatientInfoServiceApplication      : No active profile set, falling back to 1 default profile: "default"
2023-03-31T15:36:49.334+05:30  INFO 2848 --- [restartedMain] .e.DevToolsPropertyDefaultsPostProcessor : Devtools property defaults active! Set 'spring.devtools.add-properties' to 'false' to disable
2023-03-31T15:36:49.334+05:30  INFO 2848 --- [restartedMain] .e.DevToolsPropertyDefaultsPostProcessor : For additional web related logging consider setting the 'logging.level.web' property to 'DEBUG'
2023-03-31T15:36:51.073+05:30  INFO 2848 --- [restartedMain] .s.d.r.c.RepositoryConfigurationDelegate : Bootstrapping Spring Data JPA repositories in DEFAULT mode.
2023-03-31T15:36:51.290+05:30  INFO 2848 --- [restartedMain] .s.d.r.c.RepositoryConfigurationDelegate : Finished Spring Data repository scanning in 208 ms. Found 1 JPA repository interfaces.
2023-03-31T15:36:51.592+05:30  INFO 2848 --- [restartedMain] o.s.cloud.context.scope.GenericScope     : BeanFactory id=172e2e86-24d2-3402-ab21-edd9856b7d92
2023-03-31T15:36:51.716+05:30  INFO 2848 --- [restartedMain] trationDelegate$BeanPostProcessorChecker : Bean 'org.springframework.ws.config.annotation.DelegatingWsConfiguration' of type [org.springframework.ws.config.annotation.DelegatingWsConfiguration$$SpringCGLIB$$0] is not eligible for getting processed by all BeanPostProcessors (for example: not eligible for auto-proxying)
2023-03-31T15:36:51.776+05:30  INFO 2848 --- [restartedMain] .w.s.a.s.AnnotationActionEndpointMapping : Supporting [WS-Addressing August 2004, WS-Addressing 1.0]
2023-03-31T15:36:52.510+05:30  INFO 2848 --- [restartedMain] o.s.b.w.embedded.tomcat.TomcatWebServer  : Tomcat initialized with port(s): 9006 (http)
2023-03-31T15:36:52.523+05:30  INFO 2848 --- [restartedMain] o.apache.catalina.core.StandardService   : Starting service [Tomcat]
2023-03-31T15:36:52.524+05:30  INFO 2848 --- [restartedMain] o.apache.catalina.core.StandardEngine    : Starting Servlet engine: [Apache Tomcat/10.1.5]
2023-03-31T15:36:52.611+05:30  INFO 2848 --- [restartedMain] o.a.c.c.C.[Tomcat].[localhost].[/]       : Initializing Spring embedded WebApplicationContext
2023-03-31T15:36:52.612+05:30  INFO 2848 --- [restartedMain] w.s.c.ServletWebServerApplicationContext : Root WebApplicationContext: initialization completed in 3277 ms
2023-03-31T15:36:52.901+05:30  INFO 2848 --- [restartedMain] o.hibernate.jpa.internal.util.LogHelper  : HHH000204: Processing PersistenceUnitInfo [name: default]
2023-03-31T15:36:52.981+05:30  INFO 2848 --- [restartedMain] org.hibernate.Version                    : HHH000412: Hibernate ORM core version 6.1.7.Final
2023-03-31T15:36:53.387+05:30  INFO 2848 --- [restartedMain] com.zaxxer.hikari.HikariDataSource       : HikariPool-1 - Starting...
2023-03-31T15:36:53.573+05:30  INFO 2848 --- [restartedMain] com.zaxxer.hikari.pool.HikariPool        : HikariPool-1 - Added connection com.mysql.cj.jdbc.ConnectionImpl@55ce47f
2023-03-31T15:36:53.574+05:30  INFO 2848 --- [restartedMain] com.zaxxer.hikari.HikariDataSource       : HikariPool-1 - Start completed.
2023-03-31T15:36:53.665+05:30  INFO 2848 --- [restartedMain] SQL dialect                              : HHH000400: Using dialect: org.hibernate.dialect.MySQLDialect
2023-03-31T15:36:54.586+05:30  INFO 2848 --- [restartedMain] o.h.e.t.j.p.i.JtaPlatformInitiator       : HHH000490: Using JtaPlatform implementation: [org.hibernate.engine.transaction.jta.platform.internal.NoJtaPlatform]
2023-03-31T15:36:54.597+05:30  INFO 2848 --- [restartedMain] j.LocalContainerEntityManagerFactoryBean : Initialized JPA EntityManagerFactory for persistence unit 'default'
2023-03-31T15:36:55.012+05:30  WARN 2848 --- [restartedMain] JpaBaseConfiguration$JpaWebConfiguration : spring.jpa.open-in-view is enabled by default. Therefore, database queries may be performed during view rendering. Explicitly configure spring.jpa.open-in-view to disable this warning
2023-03-31T15:36:56.505+05:30  WARN 2848 --- [restartedMain] o.s.b.d.a.OptionalLiveReloadServer       : Unable to start LiveReload server
2023-03-31T15:36:56.662+05:30  WARN 2848 --- [restartedMain] iguration$LoadBalancerCaffeineWarnLogger : Spring Cloud LoadBalancer is currently working with the default cache. While this cache implementation is useful for development and tests, it's recommended to use Caffeine cache in production.You can switch to using Caffeine cache, by adding it and org.springframework.cache.caffeine.CaffeineCacheManager to the classpath.
2023-03-31T15:36:56.670+05:30  INFO 2848 --- [restartedMain] o.s.b.a.e.web.EndpointLinksResolver      : Exposing 1 endpoint(s) beneath base path '/actuator'
2023-03-31T15:36:56.791+05:30  WARN 2848 --- [restartedMain] ConfigServletWebServerApplicationContext : Exception encountered during context initialization - cancelling refresh attempt: org.springframework.context.ApplicationContextException: Failed to start bean 'webServerStartStop'
2023-03-31T15:36:56.802+05:30  INFO 2848 --- [restartedMain] j.LocalContainerEntityManagerFactoryBean : Closing JPA EntityManagerFactory for persistence unit 'default'
2023-03-31T15:36:56.806+05:30  INFO 2848 --- [restartedMain] com.zaxxer.hikari.HikariDataSource       : HikariPool-1 - Shutdown initiated...
2023-03-31T15:36:56.832+05:30  INFO 2848 --- [restartedMain] com.zaxxer.hikari.HikariDataSource       : HikariPool-1 - Shutdown completed.
2023-03-31T15:36:56.839+05:30  INFO 2848 --- [restartedMain] o.apache.catalina.core.StandardService   : Stopping service [Tomcat]
2023-03-31T15:36:56.865+05:30  INFO 2848 --- [restartedMain] .s.b.a.l.ConditionEvaluationReportLogger : 

Error starting ApplicationContext. To display the condition evaluation report re-run your application with 'debug' enabled.
2023-03-31T15:36:56.893+05:30 ERROR 2848 --- [restartedMain] o.s.b.d.LoggingFailureAnalysisReporter   : 

***************************
APPLICATION FAILED TO START
***************************

Description:

Web server failed to start. Port 9006 was already in use.

Action:

Identify and stop the process that's listening on port 9006 or configure this application to listen on another port.

2023-03-31T15:37:41.269+05:30  INFO 2492 --- [RMI TCP Connection(437)-127.0.0.1] inMXBeanRegistrar$SpringApplicationAdmin : Application shutdown requested.
2023-03-31T15:37:41.594+05:30  INFO 2492 --- [RMI TCP Connection(437)-127.0.0.1] o.apache.catalina.core.StandardService   : Stopping service [Tomcat]
2023-03-31T15:37:41.626+05:30  INFO 2492 --- [RMI TCP Connection(437)-127.0.0.1] o.a.c.c.C.[Tomcat].[localhost].[/]       : Destroying Spring FrameworkServlet 'dispatcherServlet'
2023-03-31T15:37:41.770+05:30  INFO 2492 --- [RMI TCP Connection(437)-127.0.0.1] o.s.c.c.s.ConsulServiceRegistry          : Deregistering service with consul: g3-patient-info-service-9006
2023-03-31T15:37:41.866+05:30  INFO 2492 --- [RMI TCP Connection(437)-127.0.0.1] j.LocalContainerEntityManagerFactoryBean : Closing JPA EntityManagerFactory for persistence unit 'default'
2023-03-31T15:37:41.947+05:30  INFO 2492 --- [RMI TCP Connection(437)-127.0.0.1] com.zaxxer.hikari.HikariDataSource       : HikariPool-1 - Shutdown initiated...
2023-03-31T15:37:41.983+05:30  INFO 2492 --- [RMI TCP Connection(437)-127.0.0.1] com.zaxxer.hikari.HikariDataSource       : HikariPool-1 - Shutdown completed.
2023-03-31T15:38:00.563+05:30  INFO 22176 --- [restartedMain] c.c.a.PatientInfoServiceApplication      : Starting PatientInfoServiceApplication using Java 17.0.6 with PID 22176 (C:\Users\prath\OneDrive\Desktop\PMS-Merge\admin-backend-main\g3-patient-info-service\target\classes started by prath in C:\Users\prath\OneDrive\Desktop\PMS-Merge\admin-backend-main\g3-patient-info-service)
2023-03-31T15:38:00.566+05:30  INFO 22176 --- [restartedMain] c.c.a.PatientInfoServiceApplication      : No active profile set, falling back to 1 default profile: "default"
2023-03-31T15:38:00.609+05:30  INFO 22176 --- [restartedMain] .e.DevToolsPropertyDefaultsPostProcessor : Devtools property defaults active! Set 'spring.devtools.add-properties' to 'false' to disable
2023-03-31T15:38:00.609+05:30  INFO 22176 --- [restartedMain] .e.DevToolsPropertyDefaultsPostProcessor : For additional web related logging consider setting the 'logging.level.web' property to 'DEBUG'
2023-03-31T15:38:01.813+05:30  INFO 22176 --- [restartedMain] .s.d.r.c.RepositoryConfigurationDelegate : Bootstrapping Spring Data JPA repositories in DEFAULT mode.
2023-03-31T15:38:01.970+05:30  INFO 22176 --- [restartedMain] .s.d.r.c.RepositoryConfigurationDelegate : Finished Spring Data repository scanning in 143 ms. Found 1 JPA repository interfaces.
2023-03-31T15:38:02.258+05:30  INFO 22176 --- [restartedMain] o.s.cloud.context.scope.GenericScope     : BeanFactory id=172e2e86-24d2-3402-ab21-edd9856b7d92
2023-03-31T15:38:02.364+05:30  INFO 22176 --- [restartedMain] trationDelegate$BeanPostProcessorChecker : Bean 'org.springframework.ws.config.annotation.DelegatingWsConfiguration' of type [org.springframework.ws.config.annotation.DelegatingWsConfiguration$$SpringCGLIB$$0] is not eligible for getting processed by all BeanPostProcessors (for example: not eligible for auto-proxying)
2023-03-31T15:38:02.404+05:30  INFO 22176 --- [restartedMain] .w.s.a.s.AnnotationActionEndpointMapping : Supporting [WS-Addressing August 2004, WS-Addressing 1.0]
2023-03-31T15:38:02.783+05:30  INFO 22176 --- [restartedMain] o.s.b.w.embedded.tomcat.TomcatWebServer  : Tomcat initialized with port(s): 9006 (http)
2023-03-31T15:38:02.795+05:30  INFO 22176 --- [restartedMain] o.apache.catalina.core.StandardService   : Starting service [Tomcat]
2023-03-31T15:38:02.796+05:30  INFO 22176 --- [restartedMain] o.apache.catalina.core.StandardEngine    : Starting Servlet engine: [Apache Tomcat/10.1.5]
2023-03-31T15:38:02.867+05:30  INFO 22176 --- [restartedMain] o.a.c.c.C.[Tomcat].[localhost].[/]       : Initializing Spring embedded WebApplicationContext
2023-03-31T15:38:02.869+05:30  INFO 22176 --- [restartedMain] w.s.c.ServletWebServerApplicationContext : Root WebApplicationContext: initialization completed in 2259 ms
2023-03-31T15:38:03.176+05:30  INFO 22176 --- [restartedMain] o.hibernate.jpa.internal.util.LogHelper  : HHH000204: Processing PersistenceUnitInfo [name: default]
2023-03-31T15:38:03.215+05:30  INFO 22176 --- [restartedMain] org.hibernate.Version                    : HHH000412: Hibernate ORM core version 6.1.7.Final
2023-03-31T15:38:03.457+05:30  INFO 22176 --- [restartedMain] com.zaxxer.hikari.HikariDataSource       : HikariPool-1 - Starting...
2023-03-31T15:38:03.602+05:30  INFO 22176 --- [restartedMain] com.zaxxer.hikari.pool.HikariPool        : HikariPool-1 - Added connection com.mysql.cj.jdbc.ConnectionImpl@737dcd5f
2023-03-31T15:38:03.603+05:30  INFO 22176 --- [restartedMain] com.zaxxer.hikari.HikariDataSource       : HikariPool-1 - Start completed.
2023-03-31T15:38:03.674+05:30  INFO 22176 --- [restartedMain] SQL dialect                              : HHH000400: Using dialect: org.hibernate.dialect.MySQLDialect
2023-03-31T15:38:04.374+05:30  INFO 22176 --- [restartedMain] o.h.e.t.j.p.i.JtaPlatformInitiator       : HHH000490: Using JtaPlatform implementation: [org.hibernate.engine.transaction.jta.platform.internal.NoJtaPlatform]
2023-03-31T15:38:04.383+05:30  INFO 22176 --- [restartedMain] j.LocalContainerEntityManagerFactoryBean : Initialized JPA EntityManagerFactory for persistence unit 'default'
2023-03-31T15:38:04.767+05:30  WARN 22176 --- [restartedMain] JpaBaseConfiguration$JpaWebConfiguration : spring.jpa.open-in-view is enabled by default. Therefore, database queries may be performed during view rendering. Explicitly configure spring.jpa.open-in-view to disable this warning
2023-03-31T15:38:06.146+05:30  WARN 22176 --- [restartedMain] o.s.b.d.a.OptionalLiveReloadServer       : Unable to start LiveReload server
2023-03-31T15:38:06.327+05:30  WARN 22176 --- [restartedMain] iguration$LoadBalancerCaffeineWarnLogger : Spring Cloud LoadBalancer is currently working with the default cache. While this cache implementation is useful for development and tests, it's recommended to use Caffeine cache in production.You can switch to using Caffeine cache, by adding it and org.springframework.cache.caffeine.CaffeineCacheManager to the classpath.
2023-03-31T15:38:06.332+05:30  INFO 22176 --- [restartedMain] o.s.b.a.e.web.EndpointLinksResolver      : Exposing 1 endpoint(s) beneath base path '/actuator'
2023-03-31T15:38:06.485+05:30  INFO 22176 --- [restartedMain] o.s.b.w.embedded.tomcat.TomcatWebServer  : Tomcat started on port(s): 9006 (http) with context path ''
2023-03-31T15:38:06.488+05:30  INFO 22176 --- [restartedMain] o.s.c.c.s.ConsulServiceRegistry          : Registering service with consul: NewService{id='g3-patient-info-service-9006', name='g3-patient-info-service', tags=[], address='PRATHAMESH', meta={secure=false}, port=9006, enableTagOverride=null, check=Check{script='null', dockerContainerID='null', shell='null', interval='10s', ttl='null', http='http://PRATHAMESH:9006/actuator/health', method='null', header={}, tcp='null', timeout='null', deregisterCriticalServiceAfter='null', tlsSkipVerify=null, status='null', grpc='null', grpcUseTLS=null}, checks=null}
2023-03-31T15:38:06.644+05:30  INFO 22176 --- [restartedMain] c.c.a.PatientInfoServiceApplication      : Started PatientInfoServiceApplication in 6.867 seconds (process running for 7.741)
2023-03-31T15:38:08.481+05:30  INFO 22176 --- [RMI TCP Connection(10)-127.0.0.1] o.a.c.c.C.[Tomcat].[localhost].[/]       : Initializing Spring DispatcherServlet 'dispatcherServlet'
2023-03-31T15:38:08.482+05:30  INFO 22176 --- [RMI TCP Connection(10)-127.0.0.1] o.s.web.servlet.DispatcherServlet        : Initializing Servlet 'dispatcherServlet'
2023-03-31T15:38:08.484+05:30  INFO 22176 --- [RMI TCP Connection(10)-127.0.0.1] o.s.web.servlet.DispatcherServlet        : Completed initialization in 2 ms
2023-03-31T15:40:42.696+05:30  INFO 22176 --- [http-nio-9006-exec-6] c.c.a.controller.PatientInfoController   : fetching patient information by patientId successfully
2023-03-31T15:40:42.708+05:30  INFO 22176 --- [http-nio-9006-exec-6] c.c.a.s.impl.PatientInfoServiceImpl      : Patient fetched by patientId
2023-03-31T15:40:47.612+05:30  INFO 22176 --- [http-nio-9006-exec-8] c.c.a.controller.PatientInfoController   : fetching patient information by patientId successfully
2023-03-31T15:40:47.613+05:30  INFO 22176 --- [http-nio-9006-exec-8] c.c.a.s.impl.PatientInfoServiceImpl      : Patient fetched by patientId
2023-03-31T15:40:50.366+05:30  INFO 22176 --- [http-nio-9006-exec-9] c.c.a.controller.PatientInfoController   : fetching patient information by patientId successfully
2023-03-31T15:40:50.367+05:30  INFO 22176 --- [http-nio-9006-exec-9] c.c.a.s.impl.PatientInfoServiceImpl      : Patient fetched by patientId
2023-03-31T15:40:58.806+05:30  INFO 22176 --- [http-nio-9006-exec-1] c.c.a.controller.PatientInfoController   : fetching patient information by patientId successfully
2023-03-31T15:40:58.807+05:30  INFO 22176 --- [http-nio-9006-exec-1] c.c.a.s.impl.PatientInfoServiceImpl      : Patient fetched by patientId
2023-03-31T15:41:00.243+05:30  INFO 22176 --- [http-nio-9006-exec-2] c.c.a.controller.PatientInfoController   : fetching patient information by patientId successfully
2023-03-31T15:41:00.243+05:30  INFO 22176 --- [http-nio-9006-exec-2] c.c.a.s.impl.PatientInfoServiceImpl      : Patient fetched by patientId
2023-03-31T15:41:02.109+05:30  INFO 22176 --- [http-nio-9006-exec-3] c.c.a.controller.PatientInfoController   : fetching patient information by patientId successfully
2023-03-31T15:41:02.110+05:30  INFO 22176 --- [http-nio-9006-exec-3] c.c.a.s.impl.PatientInfoServiceImpl      : Patient fetched by patientId
2023-03-31T15:41:19.115+05:30  INFO 22176 --- [http-nio-9006-exec-7] c.c.a.controller.PatientInfoController   : fetching patient information by patientId successfully
2023-03-31T15:41:19.115+05:30  INFO 22176 --- [http-nio-9006-exec-7] c.c.a.s.impl.PatientInfoServiceImpl      : Patient fetched by patientId
2023-03-31T15:42:05.287+05:30  INFO 22176 --- [http-nio-9006-exec-2] c.c.a.controller.PatientInfoController   : Patient list fetched successfully
2023-03-31T15:42:05.289+05:30  INFO 22176 --- [http-nio-9006-exec-2] c.c.a.s.impl.PatientInfoServiceImpl      : Fetched patient list successfully
2023-03-31T15:43:02.839+05:30  INFO 22176 --- [http-nio-9006-exec-8] c.c.a.controller.PatientInfoController   : fetching patient information by patientId successfully
2023-03-31T15:43:02.841+05:30  INFO 22176 --- [http-nio-9006-exec-8] c.c.a.s.impl.PatientInfoServiceImpl      : Patient fetched by patientId
2023-03-31T15:43:15.596+05:30  INFO 22176 --- [http-nio-9006-exec-1] c.c.a.controller.PatientInfoController   : fetching patient information by patientId successfully
2023-03-31T15:43:15.597+05:30  INFO 22176 --- [http-nio-9006-exec-1] c.c.a.s.impl.PatientInfoServiceImpl      : Patient fetched by patientId
2023-03-31T15:43:25.927+05:30  INFO 22176 --- [http-nio-9006-exec-3] c.c.a.controller.PatientInfoController   : fetching patient information by patientId successfully
2023-03-31T15:43:25.930+05:30  INFO 22176 --- [http-nio-9006-exec-3] c.c.a.s.impl.PatientInfoServiceImpl      : Patient fetched by patientId
2023-03-31T15:43:30.980+05:30  INFO 22176 --- [http-nio-9006-exec-4] c.c.a.controller.PatientInfoController   : fetching patient information by patientId successfully
2023-03-31T15:43:30.981+05:30  INFO 22176 --- [http-nio-9006-exec-4] c.c.a.s.impl.PatientInfoServiceImpl      : Patient fetched by patientId
2023-03-31T15:45:10.093+05:30  INFO 22176 --- [http-nio-9006-exec-7] c.c.a.controller.PatientInfoController   : Patient list fetched successfully
2023-03-31T15:45:10.094+05:30  INFO 22176 --- [http-nio-9006-exec-7] c.c.a.s.impl.PatientInfoServiceImpl      : Fetched patient list successfully
2023-03-31T15:46:05.519+05:30  INFO 22176 --- [http-nio-9006-exec-3] c.c.a.controller.PatientInfoController   : Patient list fetched successfully
2023-03-31T15:46:05.520+05:30  INFO 22176 --- [http-nio-9006-exec-3] c.c.a.s.impl.PatientInfoServiceImpl      : Fetched patient list successfully
2023-03-31T15:46:14.035+05:30  INFO 22176 --- [http-nio-9006-exec-5] c.c.a.controller.PatientInfoController   : fetching patient information by patientId successfully
2023-03-31T15:46:14.039+05:30  INFO 22176 --- [http-nio-9006-exec-5] c.c.a.s.impl.PatientInfoServiceImpl      : Patient fetched by patientId
2023-03-31T15:46:19.527+05:30  INFO 22176 --- [http-nio-9006-exec-7] c.c.a.controller.PatientInfoController   : fetching patient information by patientId successfully
2023-03-31T15:46:19.528+05:30  INFO 22176 --- [http-nio-9006-exec-7] c.c.a.s.impl.PatientInfoServiceImpl      : Patient fetched by patientId
2023-03-31T15:48:55.016+05:30  INFO 22176 --- [http-nio-9006-exec-4] c.c.a.controller.PatientInfoController   : fetching patient information by patientId successfully
2023-03-31T15:48:55.041+05:30  INFO 22176 --- [http-nio-9006-exec-4] c.c.a.s.impl.PatientInfoServiceImpl      : Patient fetched by patientId
2023-03-31T15:49:04.966+05:30  INFO 22176 --- [http-nio-9006-exec-7] c.c.a.controller.PatientInfoController   : fetching patient information by patientId successfully
2023-03-31T15:49:04.967+05:30  INFO 22176 --- [http-nio-9006-exec-7] c.c.a.s.impl.PatientInfoServiceImpl      : Patient fetched by patientId
2023-03-31T15:50:45.300+05:30  INFO 22176 --- [http-nio-9006-exec-8] c.c.a.controller.PatientInfoController   : fetching patient information by patientId successfully
2023-03-31T15:50:45.300+05:30  INFO 22176 --- [http-nio-9006-exec-8] c.c.a.s.impl.PatientInfoServiceImpl      : Patient fetched by patientId
2023-03-31T15:53:26.515+05:30  INFO 22176 --- [http-nio-9006-exec-7] c.c.a.controller.PatientInfoController   : fetching patient information by patientId successfully
2023-03-31T15:53:26.516+05:30  INFO 22176 --- [http-nio-9006-exec-7] c.c.a.s.impl.PatientInfoServiceImpl      : Patient fetched by patientId
2023-03-31T15:53:46.259+05:30  INFO 22176 --- [http-nio-9006-exec-9] c.c.a.controller.PatientInfoController   : fetching patient information by patientId successfully
2023-03-31T15:53:46.261+05:30  INFO 22176 --- [http-nio-9006-exec-9] c.c.a.s.impl.PatientInfoServiceImpl      : Patient fetched by patientId
2023-03-31T15:53:51.612+05:30  INFO 22176 --- [http-nio-9006-exec-10] c.c.a.controller.PatientInfoController   : fetching patient information by patientId successfully
2023-03-31T15:53:51.613+05:30  INFO 22176 --- [http-nio-9006-exec-10] c.c.a.s.impl.PatientInfoServiceImpl      : Patient fetched by patientId
2023-03-31T16:04:32.396+05:30  INFO 22176 --- [http-nio-9006-exec-8] c.c.a.controller.PatientInfoController   : Patient list fetched successfully
2023-03-31T16:04:32.417+05:30  INFO 22176 --- [http-nio-9006-exec-8] c.c.a.s.impl.PatientInfoServiceImpl      : Fetched patient list successfully
2023-03-31T16:09:51.444+05:30  INFO 22176 --- [http-nio-9006-exec-7] c.c.a.controller.PatientInfoController   : fetching patient information by patientId successfully
2023-03-31T16:09:51.445+05:30  INFO 22176 --- [http-nio-9006-exec-7] c.c.a.s.impl.PatientInfoServiceImpl      : Patient fetched by patientId
2023-03-31T16:10:24.990+05:30  INFO 22176 --- [http-nio-9006-exec-10] c.c.a.controller.PatientInfoController   : fetching patient information by patientId successfully
2023-03-31T16:10:24.992+05:30  INFO 22176 --- [http-nio-9006-exec-10] c.c.a.s.impl.PatientInfoServiceImpl      : Patient fetched by patientId
2023-03-31T16:10:31.550+05:30  INFO 22176 --- [http-nio-9006-exec-2] c.c.a.controller.PatientInfoController   : fetching patient information by patientId successfully
2023-03-31T16:10:31.552+05:30  INFO 22176 --- [http-nio-9006-exec-2] c.c.a.s.impl.PatientInfoServiceImpl      : Patient fetched by patientId
2023-03-31T16:11:32.663+05:30  INFO 22176 --- [http-nio-9006-exec-10] c.c.a.controller.PatientInfoController   : fetching patient information by patientId successfully
2023-03-31T16:11:32.665+05:30  INFO 22176 --- [http-nio-9006-exec-10] c.c.a.s.impl.PatientInfoServiceImpl      : Patient fetched by patientId
2023-03-31T16:14:22.437+05:30  INFO 22176 --- [http-nio-9006-exec-9] c.c.a.controller.PatientInfoController   : fetching patient information by patientId successfully
2023-03-31T16:14:22.440+05:30  INFO 22176 --- [http-nio-9006-exec-9] c.c.a.s.impl.PatientInfoServiceImpl      : Patient fetched by patientId
2023-03-31T16:18:10.198+05:30  INFO 22176 --- [http-nio-9006-exec-5] c.c.a.controller.PatientInfoController   : Patient list fetched successfully
2023-03-31T16:18:10.198+05:30  INFO 22176 --- [http-nio-9006-exec-5] c.c.a.s.impl.PatientInfoServiceImpl      : Fetched patient list successfully
2023-03-31T16:18:26.511+05:30  INFO 22176 --- [http-nio-9006-exec-6] c.c.a.controller.PatientInfoController   : fetching patient information by patientId successfully
2023-03-31T16:18:26.512+05:30  INFO 22176 --- [http-nio-9006-exec-6] c.c.a.s.impl.PatientInfoServiceImpl      : Patient fetched by patientId
2023-03-31T16:18:30.083+05:30  INFO 22176 --- [http-nio-9006-exec-9] c.c.a.controller.PatientInfoController   : fetching patient information by patientId successfully
2023-03-31T16:18:30.085+05:30  INFO 22176 --- [http-nio-9006-exec-9] c.c.a.s.impl.PatientInfoServiceImpl      : Patient fetched by patientId
2023-03-31T16:18:33.393+05:30  INFO 22176 --- [http-nio-9006-exec-10] c.c.a.controller.PatientInfoController   : fetching patient information by patientId successfully
2023-03-31T16:18:33.393+05:30  INFO 22176 --- [http-nio-9006-exec-10] c.c.a.s.impl.PatientInfoServiceImpl      : Patient fetched by patientId
2023-03-31T16:18:40.622+05:30  INFO 22176 --- [http-nio-9006-exec-2] c.c.a.controller.PatientInfoController   : fetching patient information by patientId successfully
2023-03-31T16:18:40.623+05:30  INFO 22176 --- [http-nio-9006-exec-2] c.c.a.s.impl.PatientInfoServiceImpl      : Patient fetched by patientId
2023-03-31T16:18:58.111+05:30  INFO 22176 --- [http-nio-9006-exec-4] c.c.a.controller.PatientInfoController   : fetching patient information by patientId successfully
2023-03-31T16:18:58.112+05:30  INFO 22176 --- [http-nio-9006-exec-4] c.c.a.s.impl.PatientInfoServiceImpl      : Patient fetched by patientId
2023-03-31T16:23:21.075+05:30  INFO 22176 --- [http-nio-9006-exec-3] c.c.a.controller.PatientInfoController   : Patient list fetched successfully
2023-03-31T16:23:21.076+05:30  INFO 22176 --- [http-nio-9006-exec-3] c.c.a.s.impl.PatientInfoServiceImpl      : Fetched patient list successfully
2023-03-31T16:24:05.715+05:30  INFO 22176 --- [http-nio-9006-exec-8] c.c.a.controller.PatientInfoController   : fetching patient information by patientId successfully
2023-03-31T16:24:05.717+05:30  INFO 22176 --- [http-nio-9006-exec-8] c.c.a.s.impl.PatientInfoServiceImpl      : Patient fetched by patientId
2023-03-31T16:25:01.875+05:30  INFO 22176 --- [http-nio-9006-exec-5] c.c.a.controller.PatientInfoController   : fetching patient information by patientId successfully
2023-03-31T16:25:01.876+05:30  INFO 22176 --- [http-nio-9006-exec-5] c.c.a.s.impl.PatientInfoServiceImpl      : Patient fetched by patientId
2023-03-31T16:26:13.271+05:30  INFO 22176 --- [http-nio-9006-exec-4] c.c.a.controller.PatientInfoController   : fetching patient information by patientId successfully
2023-03-31T16:26:13.271+05:30  INFO 22176 --- [http-nio-9006-exec-4] c.c.a.s.impl.PatientInfoServiceImpl      : Patient fetched by patientId
2023-03-31T16:27:09.925+05:30  INFO 22176 --- [http-nio-9006-exec-10] c.c.a.controller.PatientInfoController   : fetching patient information by patientId successfully
2023-03-31T16:27:09.927+05:30  INFO 22176 --- [http-nio-9006-exec-10] c.c.a.s.impl.PatientInfoServiceImpl      : Patient fetched by patientId
2023-03-31T16:27:29.326+05:30  INFO 22176 --- [http-nio-9006-exec-3] c.c.a.controller.PatientInfoController   : fetching patient information by patientId successfully
2023-03-31T16:27:29.327+05:30  INFO 22176 --- [http-nio-9006-exec-3] c.c.a.s.impl.PatientInfoServiceImpl      : Patient fetched by patientId
2023-03-31T16:28:05.701+05:30  INFO 22176 --- [http-nio-9006-exec-8] c.c.a.controller.PatientInfoController   : fetching patient information by patientId successfully
2023-03-31T16:28:05.703+05:30  INFO 22176 --- [http-nio-9006-exec-8] c.c.a.s.impl.PatientInfoServiceImpl      : Patient fetched by patientId
2023-03-31T16:28:44.351+05:30  INFO 22176 --- [http-nio-9006-exec-3] c.c.a.controller.PatientInfoController   : fetching patient information by patientId successfully
2023-03-31T16:28:44.352+05:30  INFO 22176 --- [http-nio-9006-exec-3] c.c.a.s.impl.PatientInfoServiceImpl      : Patient fetched by patientId
2023-03-31T16:28:59.360+05:30  INFO 22176 --- [http-nio-9006-exec-5] c.c.a.controller.PatientInfoController   : fetching patient information by patientId successfully
2023-03-31T16:28:59.361+05:30  INFO 22176 --- [http-nio-9006-exec-5] c.c.a.s.impl.PatientInfoServiceImpl      : Patient fetched by patientId
2023-03-31T16:29:03.050+05:30  INFO 22176 --- [http-nio-9006-exec-6] c.c.a.controller.PatientInfoController   : fetching patient information by patientId successfully
2023-03-31T16:29:03.051+05:30  INFO 22176 --- [http-nio-9006-exec-6] c.c.a.s.impl.PatientInfoServiceImpl      : Patient fetched by patientId
2023-03-31T16:29:04.255+05:30  INFO 22176 --- [http-nio-9006-exec-8] c.c.a.controller.PatientInfoController   : fetching patient information by patientId successfully
2023-03-31T16:29:04.258+05:30  INFO 22176 --- [http-nio-9006-exec-8] c.c.a.s.impl.PatientInfoServiceImpl      : Patient fetched by patientId
2023-03-31T16:29:08.075+05:30  INFO 22176 --- [http-nio-9006-exec-9] c.c.a.controller.PatientInfoController   : fetching patient information by patientId successfully
2023-03-31T16:29:08.076+05:30  INFO 22176 --- [http-nio-9006-exec-9] c.c.a.s.impl.PatientInfoServiceImpl      : Patient fetched by patientId
2023-03-31T16:29:12.935+05:30  INFO 22176 --- [http-nio-9006-exec-1] c.c.a.controller.PatientInfoController   : fetching patient information by patientId successfully
2023-03-31T16:29:12.935+05:30  INFO 22176 --- [http-nio-9006-exec-1] c.c.a.s.impl.PatientInfoServiceImpl      : Patient fetched by patientId
2023-03-31T16:29:17.750+05:30  INFO 22176 --- [http-nio-9006-exec-2] c.c.a.controller.PatientInfoController   : fetching patient information by patientId successfully
2023-03-31T16:29:17.758+05:30  INFO 22176 --- [http-nio-9006-exec-2] c.c.a.s.impl.PatientInfoServiceImpl      : Patient fetched by patientId
2023-03-31T16:32:37.443+05:30  INFO 22176 --- [http-nio-9006-exec-4] c.c.a.controller.PatientInfoController   : fetching patient information by patientId successfully
2023-03-31T16:32:37.445+05:30  INFO 22176 --- [http-nio-9006-exec-4] c.c.a.s.impl.PatientInfoServiceImpl      : Patient fetched by patientId
2023-03-31T16:33:02.156+05:30  INFO 22176 --- [http-nio-9006-exec-8] c.c.a.controller.PatientInfoController   : fetching patient information by patientId successfully
2023-03-31T16:33:02.157+05:30  INFO 22176 --- [http-nio-9006-exec-8] c.c.a.s.impl.PatientInfoServiceImpl      : Patient fetched by patientId
2023-03-31T16:33:33.057+05:30  INFO 22176 --- [http-nio-9006-exec-2] c.c.a.controller.PatientInfoController   : fetching patient information by patientId successfully
2023-03-31T16:33:33.059+05:30  INFO 22176 --- [http-nio-9006-exec-2] c.c.a.s.impl.PatientInfoServiceImpl      : Patient fetched by patientId
2023-03-31T16:35:56.712+05:30  INFO 22176 --- [http-nio-9006-exec-8] c.c.a.controller.PatientInfoController   : fetching patient information by patientId successfully
2023-03-31T16:35:56.714+05:30  INFO 22176 --- [http-nio-9006-exec-8] c.c.a.s.impl.PatientInfoServiceImpl      : Patient fetched by patientId
2023-03-31T16:39:23.721+05:30  INFO 22176 --- [http-nio-9006-exec-1] c.c.a.controller.PatientInfoController   : fetching patient information by patientId successfully
2023-03-31T16:39:23.728+05:30  INFO 22176 --- [http-nio-9006-exec-1] c.c.a.s.impl.PatientInfoServiceImpl      : Patient fetched by patientId
2023-03-31T16:39:30.137+05:30  INFO 22176 --- [http-nio-9006-exec-2] c.c.a.controller.PatientInfoController   : fetching patient information by patientId successfully
2023-03-31T16:39:30.138+05:30  INFO 22176 --- [http-nio-9006-exec-2] c.c.a.s.impl.PatientInfoServiceImpl      : Patient fetched by patientId
2023-03-31T16:39:31.782+05:30  INFO 22176 --- [http-nio-9006-exec-3] c.c.a.controller.PatientInfoController   : fetching patient information by patientId successfully
2023-03-31T16:39:31.789+05:30  INFO 22176 --- [http-nio-9006-exec-3] c.c.a.s.impl.PatientInfoServiceImpl      : Patient fetched by patientId
2023-03-31T16:39:48.891+05:30  INFO 22176 --- [http-nio-9006-exec-7] c.c.a.controller.PatientInfoController   : fetching patient information by patientId successfully
2023-03-31T16:39:48.893+05:30  INFO 22176 --- [http-nio-9006-exec-7] c.c.a.s.impl.PatientInfoServiceImpl      : Patient fetched by patientId
2023-03-31T16:39:54.071+05:30  INFO 22176 --- [http-nio-9006-exec-8] c.c.a.controller.PatientInfoController   : fetching patient information by patientId successfully
2023-03-31T16:39:54.071+05:30  INFO 22176 --- [http-nio-9006-exec-8] c.c.a.s.impl.PatientInfoServiceImpl      : Patient fetched by patientId
2023-03-31T16:39:56.354+05:30  INFO 22176 --- [http-nio-9006-exec-9] c.c.a.controller.PatientInfoController   : fetching patient information by patientId successfully
2023-03-31T16:39:56.356+05:30  INFO 22176 --- [http-nio-9006-exec-9] c.c.a.s.impl.PatientInfoServiceImpl      : Patient fetched by patientId
2023-03-31T16:40:01.639+05:30  INFO 22176 --- [http-nio-9006-exec-10] c.c.a.controller.PatientInfoController   : fetching patient information by patientId successfully
2023-03-31T16:40:01.640+05:30  INFO 22176 --- [http-nio-9006-exec-10] c.c.a.s.impl.PatientInfoServiceImpl      : Patient fetched by patientId
2023-03-31T16:40:33.282+05:30  INFO 22176 --- [http-nio-9006-exec-5] c.c.a.controller.PatientInfoController   : fetching patient information by patientId successfully
2023-03-31T16:40:33.282+05:30  INFO 22176 --- [http-nio-9006-exec-5] c.c.a.s.impl.PatientInfoServiceImpl      : Patient fetched by patientId
2023-03-31T16:40:34.750+05:30  INFO 22176 --- [http-nio-9006-exec-7] c.c.a.controller.PatientInfoController   : fetching patient information by patientId successfully
2023-03-31T16:40:34.750+05:30  INFO 22176 --- [http-nio-9006-exec-7] c.c.a.s.impl.PatientInfoServiceImpl      : Patient fetched by patientId
2023-03-31T16:40:42.591+05:30  INFO 22176 --- [http-nio-9006-exec-8] c.c.a.controller.PatientInfoController   : fetching patient information by patientId successfully
2023-03-31T16:40:42.591+05:30  INFO 22176 --- [http-nio-9006-exec-8] c.c.a.s.impl.PatientInfoServiceImpl      : Patient fetched by patientId
2023-03-31T16:40:47.324+05:30  INFO 22176 --- [http-nio-9006-exec-9] c.c.a.controller.PatientInfoController   : fetching patient information by patientId successfully
2023-03-31T16:40:47.325+05:30  INFO 22176 --- [http-nio-9006-exec-9] c.c.a.s.impl.PatientInfoServiceImpl      : Patient fetched by patientId
2023-03-31T16:40:48.865+05:30  INFO 22176 --- [http-nio-9006-exec-10] c.c.a.controller.PatientInfoController   : fetching patient information by patientId successfully
2023-03-31T16:40:48.866+05:30  INFO 22176 --- [http-nio-9006-exec-10] c.c.a.s.impl.PatientInfoServiceImpl      : Patient fetched by patientId
2023-03-31T16:40:52.682+05:30  INFO 22176 --- [http-nio-9006-exec-2] c.c.a.controller.PatientInfoController   : fetching patient information by patientId successfully
2023-03-31T16:40:52.683+05:30  INFO 22176 --- [http-nio-9006-exec-2] c.c.a.s.impl.PatientInfoServiceImpl      : Patient fetched by patientId
2023-03-31T16:41:49.083+05:30  INFO 22176 --- [http-nio-9006-exec-8] c.c.a.controller.PatientInfoController   : fetching patient information by patientId successfully
2023-03-31T16:41:49.083+05:30  INFO 22176 --- [http-nio-9006-exec-8] c.c.a.s.impl.PatientInfoServiceImpl      : Patient fetched by patientId
2023-03-31T16:42:17.460+05:30  INFO 22176 --- [http-nio-9006-exec-2] c.c.a.controller.PatientInfoController   : fetching patient information by patientId successfully
2023-03-31T16:42:17.461+05:30  INFO 22176 --- [http-nio-9006-exec-2] c.c.a.s.impl.PatientInfoServiceImpl      : Patient fetched by patientId
2023-03-31T16:42:53.001+05:30  INFO 22176 --- [http-nio-9006-exec-6] c.c.a.controller.PatientInfoController   : fetching patient information by patientId successfully
2023-03-31T16:42:53.001+05:30  INFO 22176 --- [http-nio-9006-exec-6] c.c.a.s.impl.PatientInfoServiceImpl      : Patient fetched by patientId
2023-03-31T16:42:54.301+05:30  INFO 22176 --- [http-nio-9006-exec-8] c.c.a.controller.PatientInfoController   : fetching patient information by patientId successfully
2023-03-31T16:42:54.310+05:30  INFO 22176 --- [http-nio-9006-exec-8] c.c.a.s.impl.PatientInfoServiceImpl      : Patient fetched by patientId
2023-03-31T16:55:39.010+05:30  INFO 22176 --- [http-nio-9006-exec-7] c.c.a.controller.PatientInfoController   : fetching patient information by patientId successfully
2023-03-31T16:55:39.011+05:30  INFO 22176 --- [http-nio-9006-exec-7] c.c.a.s.impl.PatientInfoServiceImpl      : Patient fetched by patientId
2023-03-31T16:55:40.912+05:30  INFO 22176 --- [http-nio-9006-exec-6] c.c.a.controller.PatientInfoController   : fetching patient information by patientId successfully
2023-03-31T16:55:40.913+05:30  INFO 22176 --- [http-nio-9006-exec-6] c.c.a.s.impl.PatientInfoServiceImpl      : Patient fetched by patientId
2023-03-31T16:58:11.167+05:30  INFO 22176 --- [http-nio-9006-exec-4] c.c.a.controller.PatientInfoController   : fetching patient information by patientId successfully
2023-03-31T16:58:11.168+05:30  INFO 22176 --- [http-nio-9006-exec-4] c.c.a.s.impl.PatientInfoServiceImpl      : Patient fetched by patientId
2023-03-31T17:27:26.665+05:30  WARN 22176 --- [http-nio-9006-exec-1] .m.m.a.ExceptionHandlerExceptionResolver : Resolved [org.springframework.web.method.annotation.MethodArgumentTypeMismatchException: Failed to convert value of type 'java.lang.String' to required type 'int'; For input string: "login"]
2023-03-31T17:28:38.034+05:30  INFO 22176 --- [http-nio-9006-exec-9] c.c.a.controller.PatientInfoController   : Added patient information successfully
2023-03-31T17:28:38.034+05:30  INFO 22176 --- [http-nio-9006-exec-9] c.c.a.s.impl.PatientInfoServiceImpl      : Patient Updated successfully
2023-03-31T17:41:16.116+05:30  INFO 22176 --- [http-nio-9006-exec-7] c.c.a.controller.PatientInfoController   : fetching patient information by patientId successfully
2023-03-31T17:41:16.118+05:30  INFO 22176 --- [http-nio-9006-exec-7] c.c.a.s.impl.PatientInfoServiceImpl      : Patient fetched by patientId
2023-03-31T17:41:18.637+05:30  INFO 22176 --- [http-nio-9006-exec-6] c.c.a.controller.PatientInfoController   : fetching patient information by patientId successfully
2023-03-31T17:41:18.637+05:30  INFO 22176 --- [http-nio-9006-exec-6] c.c.a.s.impl.PatientInfoServiceImpl      : Patient fetched by patientId
2023-03-31T17:48:12.206+05:30  INFO 22176 --- [http-nio-9006-exec-1] c.c.a.controller.PatientInfoController   : fetching patient information by patientId successfully
2023-03-31T17:48:12.206+05:30  INFO 22176 --- [http-nio-9006-exec-1] c.c.a.s.impl.PatientInfoServiceImpl      : Patient fetched by patientId
2023-03-31T17:49:02.726+05:30  INFO 22176 --- [http-nio-9006-exec-6] c.c.a.controller.PatientInfoController   : fetching patient information by patientId successfully
2023-03-31T17:49:02.728+05:30  INFO 22176 --- [http-nio-9006-exec-6] c.c.a.s.impl.PatientInfoServiceImpl      : Patient fetched by patientId
2023-03-31T19:22:52.600+05:30  WARN 22176 --- [HikariPool-1 housekeeper] com.zaxxer.hikari.pool.HikariPool        : HikariPool-1 - Thread starvation or clock leap detected (housekeeper delta=9m45s160ms54µs100ns).
2023-03-31T19:43:59.542+05:30  INFO 22176 --- [http-nio-9006-exec-2] c.c.a.controller.PatientInfoController   : fetching patient information by patientId successfully
2023-03-31T19:43:59.560+05:30  INFO 22176 --- [http-nio-9006-exec-2] c.c.a.s.impl.PatientInfoServiceImpl      : Patient fetched by patientId
2023-03-31T19:44:18.367+05:30  INFO 22176 --- [http-nio-9006-exec-5] c.c.a.controller.PatientInfoController   : fetching patient information by patientId successfully
2023-03-31T19:44:18.367+05:30  INFO 22176 --- [http-nio-9006-exec-5] c.c.a.s.impl.PatientInfoServiceImpl      : Patient fetched by patientId
2023-03-31T19:44:24.991+05:30  INFO 22176 --- [http-nio-9006-exec-6] c.c.a.controller.PatientInfoController   : fetching patient information by patientId successfully
2023-03-31T19:44:24.991+05:30  INFO 22176 --- [http-nio-9006-exec-6] c.c.a.s.impl.PatientInfoServiceImpl      : Patient fetched by patientId
2023-03-31T21:32:54.606+05:30  WARN 22176 --- [HikariPool-1 housekeeper] com.zaxxer.hikari.pool.HikariPool        : HikariPool-1 - Thread starvation or clock leap detected (housekeeper delta=1h48m31s638ms585µs500ns).
2023-03-31T21:37:42.535+05:30  INFO 22176 --- [RMI TCP Connection(262)-127.0.0.1] inMXBeanRegistrar$SpringApplicationAdmin : Application shutdown requested.
2023-03-31T21:37:42.620+05:30  INFO 22176 --- [RMI TCP Connection(263)-127.0.0.1] inMXBeanRegistrar$SpringApplicationAdmin : Application shutdown requested.
2023-03-31T21:37:42.782+05:30  INFO 22176 --- [RMI TCP Connection(264)-127.0.0.1] inMXBeanRegistrar$SpringApplicationAdmin : Application shutdown requested.
2023-03-31T21:37:42.922+05:30  INFO 22176 --- [RMI TCP Connection(265)-127.0.0.1] inMXBeanRegistrar$SpringApplicationAdmin : Application shutdown requested.
2023-03-31T21:37:42.970+05:30  INFO 22176 --- [RMI TCP Connection(262)-127.0.0.1] o.apache.catalina.core.StandardService   : Stopping service [Tomcat]
2023-03-31T21:37:43.035+05:30  INFO 22176 --- [RMI TCP Connection(262)-127.0.0.1] o.a.c.c.C.[Tomcat].[localhost].[/]       : Destroying Spring FrameworkServlet 'dispatcherServlet'
2023-03-31T21:37:43.086+05:30  INFO 22176 --- [RMI TCP Connection(266)-127.0.0.1] inMXBeanRegistrar$SpringApplicationAdmin : Application shutdown requested.
2023-03-31T21:37:43.199+05:30  INFO 22176 --- [RMI TCP Connection(262)-127.0.0.1] o.s.c.c.s.ConsulServiceRegistry          : Deregistering service with consul: g3-patient-info-service-9006
2023-03-31T21:37:43.281+05:30  INFO 22176 --- [RMI TCP Connection(262)-127.0.0.1] j.LocalContainerEntityManagerFactoryBean : Closing JPA EntityManagerFactory for persistence unit 'default'
2023-03-31T21:50:50.003+05:30  INFO 13120 --- [restartedMain] c.c.a.PatientInfoServiceApplication      : Starting PatientInfoServiceApplication using Java 17.0.6 with PID 13120 (C:\Users\prath\OneDrive\Desktop\PMS-Merge\admin-backend-main\g3-patient-info-service\target\classes started by prath in C:\Users\prath\OneDrive\Desktop\PMS-Merge\admin-backend-main\g3-patient-info-service)
2023-03-31T21:50:50.006+05:30  INFO 13120 --- [restartedMain] c.c.a.PatientInfoServiceApplication      : No active profile set, falling back to 1 default profile: "default"
2023-03-31T21:50:50.045+05:30  INFO 13120 --- [restartedMain] .e.DevToolsPropertyDefaultsPostProcessor : Devtools property defaults active! Set 'spring.devtools.add-properties' to 'false' to disable
2023-03-31T21:50:50.046+05:30  INFO 13120 --- [restartedMain] .e.DevToolsPropertyDefaultsPostProcessor : For additional web related logging consider setting the 'logging.level.web' property to 'DEBUG'
2023-03-31T21:50:51.106+05:30  INFO 13120 --- [restartedMain] .s.d.r.c.RepositoryConfigurationDelegate : Bootstrapping Spring Data JPA repositories in DEFAULT mode.
2023-03-31T21:50:51.214+05:30  INFO 13120 --- [restartedMain] .s.d.r.c.RepositoryConfigurationDelegate : Finished Spring Data repository scanning in 101 ms. Found 1 JPA repository interfaces.
2023-03-31T21:50:51.445+05:30  INFO 13120 --- [restartedMain] o.s.cloud.context.scope.GenericScope     : BeanFactory id=172e2e86-24d2-3402-ab21-edd9856b7d92
2023-03-31T21:50:51.540+05:30  INFO 13120 --- [restartedMain] trationDelegate$BeanPostProcessorChecker : Bean 'org.springframework.ws.config.annotation.DelegatingWsConfiguration' of type [org.springframework.ws.config.annotation.DelegatingWsConfiguration$$SpringCGLIB$$0] is not eligible for getting processed by all BeanPostProcessors (for example: not eligible for auto-proxying)
2023-03-31T21:50:51.576+05:30  INFO 13120 --- [restartedMain] .w.s.a.s.AnnotationActionEndpointMapping : Supporting [WS-Addressing August 2004, WS-Addressing 1.0]
2023-03-31T21:50:51.951+05:30  INFO 13120 --- [restartedMain] o.s.b.w.embedded.tomcat.TomcatWebServer  : Tomcat initialized with port(s): 9006 (http)
2023-03-31T21:50:51.962+05:30  INFO 13120 --- [restartedMain] o.apache.catalina.core.StandardService   : Starting service [Tomcat]
2023-03-31T21:50:51.962+05:30  INFO 13120 --- [restartedMain] o.apache.catalina.core.StandardEngine    : Starting Servlet engine: [Apache Tomcat/10.1.5]
2023-03-31T21:50:52.032+05:30  INFO 13120 --- [restartedMain] o.a.c.c.C.[Tomcat].[localhost].[/]       : Initializing Spring embedded WebApplicationContext
2023-03-31T21:50:52.033+05:30  INFO 13120 --- [restartedMain] w.s.c.ServletWebServerApplicationContext : Root WebApplicationContext: initialization completed in 1986 ms
2023-03-31T21:50:52.266+05:30  INFO 13120 --- [restartedMain] o.hibernate.jpa.internal.util.LogHelper  : HHH000204: Processing PersistenceUnitInfo [name: default]
2023-03-31T21:50:52.337+05:30  INFO 13120 --- [restartedMain] org.hibernate.Version                    : HHH000412: Hibernate ORM core version 6.1.7.Final
2023-03-31T21:50:52.620+05:30  INFO 13120 --- [restartedMain] com.zaxxer.hikari.HikariDataSource       : HikariPool-1 - Starting...
2023-03-31T21:50:52.748+05:30  INFO 13120 --- [restartedMain] com.zaxxer.hikari.pool.HikariPool        : HikariPool-1 - Added connection com.mysql.cj.jdbc.ConnectionImpl@3c898d90
2023-03-31T21:50:52.750+05:30  INFO 13120 --- [restartedMain] com.zaxxer.hikari.HikariDataSource       : HikariPool-1 - Start completed.
2023-03-31T21:50:52.813+05:30  INFO 13120 --- [restartedMain] SQL dialect                              : HHH000400: Using dialect: org.hibernate.dialect.MySQLDialect
2023-03-31T21:50:53.471+05:30  INFO 13120 --- [restartedMain] o.h.e.t.j.p.i.JtaPlatformInitiator       : HHH000490: Using JtaPlatform implementation: [org.hibernate.engine.transaction.jta.platform.internal.NoJtaPlatform]
2023-03-31T21:50:53.479+05:30  INFO 13120 --- [restartedMain] j.LocalContainerEntityManagerFactoryBean : Initialized JPA EntityManagerFactory for persistence unit 'default'
2023-03-31T21:50:53.781+05:30  WARN 13120 --- [restartedMain] JpaBaseConfiguration$JpaWebConfiguration : spring.jpa.open-in-view is enabled by default. Therefore, database queries may be performed during view rendering. Explicitly configure spring.jpa.open-in-view to disable this warning
2023-03-31T21:50:54.867+05:30  WARN 13120 --- [restartedMain] o.s.b.d.a.OptionalLiveReloadServer       : Unable to start LiveReload server
2023-03-31T21:50:55.004+05:30  WARN 13120 --- [restartedMain] iguration$LoadBalancerCaffeineWarnLogger : Spring Cloud LoadBalancer is currently working with the default cache. While this cache implementation is useful for development and tests, it's recommended to use Caffeine cache in production.You can switch to using Caffeine cache, by adding it and org.springframework.cache.caffeine.CaffeineCacheManager to the classpath.
2023-03-31T21:50:55.010+05:30  INFO 13120 --- [restartedMain] o.s.b.a.e.web.EndpointLinksResolver      : Exposing 1 endpoint(s) beneath base path '/actuator'
2023-03-31T21:50:55.121+05:30  INFO 13120 --- [restartedMain] o.s.b.w.embedded.tomcat.TomcatWebServer  : Tomcat started on port(s): 9006 (http) with context path ''
2023-03-31T21:50:55.124+05:30  INFO 13120 --- [restartedMain] o.s.c.c.s.ConsulServiceRegistry          : Registering service with consul: NewService{id='g3-patient-info-service-9006', name='g3-patient-info-service', tags=[], address='PRATHAMESH', meta={secure=false}, port=9006, enableTagOverride=null, check=Check{script='null', dockerContainerID='null', shell='null', interval='10s', ttl='null', http='http://PRATHAMESH:9006/actuator/health', method='null', header={}, tcp='null', timeout='null', deregisterCriticalServiceAfter='null', tlsSkipVerify=null, status='null', grpc='null', grpcUseTLS=null}, checks=null}
2023-03-31T21:50:55.239+05:30  INFO 13120 --- [restartedMain] c.c.a.PatientInfoServiceApplication      : Started PatientInfoServiceApplication in 5.972 seconds (process running for 6.707)
2023-03-31T21:50:56.184+05:30  INFO 13120 --- [RMI TCP Connection(11)-127.0.0.1] o.a.c.c.C.[Tomcat].[localhost].[/]       : Initializing Spring DispatcherServlet 'dispatcherServlet'
2023-03-31T21:50:56.185+05:30  INFO 13120 --- [RMI TCP Connection(11)-127.0.0.1] o.s.web.servlet.DispatcherServlet        : Initializing Servlet 'dispatcherServlet'
2023-03-31T21:50:56.186+05:30  INFO 13120 --- [RMI TCP Connection(11)-127.0.0.1] o.s.web.servlet.DispatcherServlet        : Completed initialization in 1 ms
2023-03-31T21:51:20.304+05:30  INFO 13120 --- [http-nio-9006-exec-1] c.c.a.controller.PatientInfoController   : fetching patient information by patientId successfully
2023-03-31T21:51:20.304+05:30  INFO 13120 --- [http-nio-9006-exec-1] c.c.a.s.impl.PatientInfoServiceImpl      : Patient fetched by patientId
2023-03-31T21:52:38.093+05:30  INFO 13120 --- [http-nio-9006-exec-1] c.c.a.controller.PatientInfoController   : fetching patient information by patientId successfully
2023-03-31T21:52:38.093+05:30  INFO 13120 --- [http-nio-9006-exec-1] c.c.a.s.impl.PatientInfoServiceImpl      : Patient fetched by patientId
2023-03-31T21:53:09.762+05:30  INFO 13120 --- [http-nio-9006-exec-7] c.c.a.controller.PatientInfoController   : fetching patient information by patientId successfully
2023-03-31T21:53:09.762+05:30  INFO 13120 --- [http-nio-9006-exec-7] c.c.a.s.impl.PatientInfoServiceImpl      : Patient fetched by patientId
2023-03-31T21:53:15.164+05:30  INFO 13120 --- [http-nio-9006-exec-9] c.c.a.controller.PatientInfoController   : fetching patient information by patientId successfully
2023-03-31T21:53:15.164+05:30  INFO 13120 --- [http-nio-9006-exec-9] c.c.a.s.impl.PatientInfoServiceImpl      : Patient fetched by patientId
2023-03-31T21:58:13.990+05:30  INFO 13120 --- [http-nio-9006-exec-2] c.c.a.controller.PatientInfoController   : fetching patient information by patientId successfully
2023-03-31T21:58:13.990+05:30  INFO 13120 --- [http-nio-9006-exec-2] c.c.a.s.impl.PatientInfoServiceImpl      : Patient fetched by patientId
2023-03-31T21:58:18.442+05:30  INFO 13120 --- [http-nio-9006-exec-3] c.c.a.controller.PatientInfoController   : fetching patient information by patientId successfully
2023-03-31T21:58:18.442+05:30  INFO 13120 --- [http-nio-9006-exec-3] c.c.a.s.impl.PatientInfoServiceImpl      : Patient fetched by patientId
2023-03-31T21:58:45.678+05:30  INFO 13120 --- [http-nio-9006-exec-6] c.c.a.controller.PatientInfoController   : fetching patient information by patientId successfully
2023-03-31T21:58:45.679+05:30  INFO 13120 --- [http-nio-9006-exec-6] c.c.a.s.impl.PatientInfoServiceImpl      : Patient fetched by patientId
2023-03-31T21:58:49.530+05:30  INFO 13120 --- [http-nio-9006-exec-7] c.c.a.controller.PatientInfoController   : fetching patient information by patientId successfully
2023-03-31T21:58:49.530+05:30  INFO 13120 --- [http-nio-9006-exec-7] c.c.a.s.impl.PatientInfoServiceImpl      : Patient fetched by patientId
2023-03-31T22:04:54.871+05:30  INFO 13120 --- [http-nio-9006-exec-7] c.c.a.controller.PatientInfoController   : fetching patient information by patientId successfully
2023-03-31T22:04:54.922+05:30  INFO 13120 --- [http-nio-9006-exec-7] c.c.a.s.impl.PatientInfoServiceImpl      : Patient fetched by patientId
2023-03-31T22:17:53.219+05:30  INFO 13120 --- [http-nio-9006-exec-6] c.c.a.controller.PatientInfoController   : fetching patient information by patientId successfully
2023-03-31T22:17:53.235+05:30  INFO 13120 --- [http-nio-9006-exec-6] c.c.a.s.impl.PatientInfoServiceImpl      : Patient fetched by patientId
