2023-04-22T09:35:45.579+05:30  INFO 27284 --- [restartedMain] c.c.application.Auth0ServiceApplication  : Starting Auth0ServiceApplication using Java 17.0.6 with PID 27284 (C:\Users\prath\OneDrive\Desktop\krunalfinalnew\Capstone-PMS\Microservices\g3-auth0-service\g3-auth0-service\target\classes started by prath in C:\Users\prath\OneDrive\Desktop\krunalfinalnew\Capstone-PMS\Microservices\g3-auth0-service\g3-auth0-service)
2023-04-22T09:35:45.595+05:30  INFO 27284 --- [restartedMain] c.c.application.Auth0ServiceApplication  : No active profile set, falling back to 1 default profile: "default"
2023-04-22T09:35:45.684+05:30  INFO 27284 --- [restartedMain] .e.DevToolsPropertyDefaultsPostProcessor : Devtools property defaults active! Set 'spring.devtools.add-properties' to 'false' to disable
2023-04-22T09:35:45.684+05:30  INFO 27284 --- [restartedMain] .e.DevToolsPropertyDefaultsPostProcessor : For additional web related logging consider setting the 'logging.level.web' property to 'DEBUG'
2023-04-22T09:35:47.929+05:30  INFO 27284 --- [restartedMain] trationDelegate$BeanPostProcessorChecker : Bean 'org.springframework.ws.config.annotation.DelegatingWsConfiguration' of type [org.springframework.ws.config.annotation.DelegatingWsConfiguration$$SpringCGLIB$$0] is not eligible for getting processed by all BeanPostProcessors (for example: not eligible for auto-proxying)
2023-04-22T09:35:48.041+05:30  INFO 27284 --- [restartedMain] .w.s.a.s.AnnotationActionEndpointMapping : Supporting [WS-Addressing August 2004, WS-Addressing 1.0]
2023-04-22T09:35:48.497+05:30  INFO 27284 --- [restartedMain] o.s.b.w.embedded.tomcat.TomcatWebServer  : Tomcat initialized with port(s): 9010 (http)
2023-04-22T09:35:48.515+05:30  INFO 27284 --- [restartedMain] o.apache.catalina.core.StandardService   : Starting service [Tomcat]
2023-04-22T09:35:48.516+05:30  INFO 27284 --- [restartedMain] o.apache.catalina.core.StandardEngine    : Starting Servlet engine: [Apache Tomcat/10.1.7]
2023-04-22T09:35:48.630+05:30  INFO 27284 --- [restartedMain] o.a.c.c.C.[Tomcat].[localhost].[/]       : Initializing Spring embedded WebApplicationContext
2023-04-22T09:35:48.631+05:30  INFO 27284 --- [restartedMain] w.s.c.ServletWebServerApplicationContext : Root WebApplicationContext: initialization completed in 2946 ms
2023-04-22T09:35:50.633+05:30  INFO 27284 --- [restartedMain] o.s.b.d.a.OptionalLiveReloadServer       : LiveReload server is running on port 35729
2023-04-22T09:35:50.640+05:30  INFO 27284 --- [restartedMain] o.s.b.a.e.web.EndpointLinksResolver      : Exposing 15 endpoint(s) beneath base path '/actuator'
2023-04-22T09:35:50.743+05:30  INFO 27284 --- [restartedMain] o.s.b.w.embedded.tomcat.TomcatWebServer  : Tomcat started on port(s): 9010 (http) with context path ''
2023-04-22T09:35:50.770+05:30  INFO 27284 --- [restartedMain] c.c.application.Auth0ServiceApplication  : Started Auth0ServiceApplication in 5.948 seconds (process running for 8.603)
2023-04-22T09:35:52.666+05:30  INFO 27284 --- [RMI TCP Connection(5)-127.0.0.1] o.a.c.c.C.[Tomcat].[localhost].[/]       : Initializing Spring DispatcherServlet 'dispatcherServlet'
2023-04-22T09:35:52.667+05:30  INFO 27284 --- [RMI TCP Connection(5)-127.0.0.1] o.s.web.servlet.DispatcherServlet        : Initializing Servlet 'dispatcherServlet'
2023-04-22T09:35:52.670+05:30  INFO 27284 --- [RMI TCP Connection(5)-127.0.0.1] o.s.web.servlet.DispatcherServlet        : Completed initialization in 2 ms
2023-04-22T09:36:09.394+05:30  INFO 27284 --- [File Watcher] rtingClassPathChangeChangedEventListener : Restarting due to 12 class path changes (0 additions, 12 deletions, 0 modifications)
2023-04-22T09:36:09.443+05:30  INFO 27284 --- [Thread-5] o.apache.catalina.core.StandardService   : Stopping service [Tomcat]
2023-04-22T09:36:09.445+05:30  INFO 27284 --- [Thread-5] o.a.c.c.C.[Tomcat].[localhost].[/]       : Destroying Spring FrameworkServlet 'dispatcherServlet'
2023-04-22T09:36:12.930+05:30  INFO 27284 --- [restartedMain] c.c.application.Auth0ServiceApplication  : Starting Auth0ServiceApplication using Java 17.0.6 with PID 27284 (C:\Users\prath\OneDrive\Desktop\krunalfinalnew\Capstone-PMS\Microservices\g3-auth0-service\g3-auth0-service\target\classes started by prath in C:\Users\prath\OneDrive\Desktop\krunalfinalnew\Capstone-PMS\Microservices\g3-auth0-service\g3-auth0-service)
2023-04-22T09:36:12.935+05:30  INFO 27284 --- [restartedMain] c.c.application.Auth0ServiceApplication  : No active profile set, falling back to 1 default profile: "default"
2023-04-22T09:36:13.643+05:30  INFO 27284 --- [restartedMain] trationDelegate$BeanPostProcessorChecker : Bean 'org.springframework.ws.config.annotation.DelegatingWsConfiguration' of type [org.springframework.ws.config.annotation.DelegatingWsConfiguration$$SpringCGLIB$$0] is not eligible for getting processed by all BeanPostProcessors (for example: not eligible for auto-proxying)
2023-04-22T09:36:13.648+05:30  INFO 27284 --- [restartedMain] .w.s.a.s.AnnotationActionEndpointMapping : Supporting [WS-Addressing August 2004, WS-Addressing 1.0]
2023-04-22T09:36:13.751+05:30  INFO 27284 --- [restartedMain] o.s.b.w.embedded.tomcat.TomcatWebServer  : Tomcat initialized with port(s): 9010 (http)
2023-04-22T09:36:13.756+05:30  INFO 27284 --- [restartedMain] o.apache.catalina.core.StandardService   : Starting service [Tomcat]
2023-04-22T09:36:13.756+05:30  INFO 27284 --- [restartedMain] o.apache.catalina.core.StandardEngine    : Starting Servlet engine: [Apache Tomcat/10.1.7]
2023-04-22T09:36:13.796+05:30  INFO 27284 --- [restartedMain] o.a.c.c.C.[Tomcat].[localhost].[/]       : Initializing Spring embedded WebApplicationContext
2023-04-22T09:36:13.798+05:30  INFO 27284 --- [restartedMain] w.s.c.ServletWebServerApplicationContext : Root WebApplicationContext: initialization completed in 855 ms
2023-04-22T09:36:14.739+05:30  INFO 27284 --- [restartedMain] o.s.b.d.a.OptionalLiveReloadServer       : LiveReload server is running on port 35729
2023-04-22T09:36:14.756+05:30  INFO 27284 --- [restartedMain] o.s.b.a.e.web.EndpointLinksResolver      : Exposing 15 endpoint(s) beneath base path '/actuator'
2023-04-22T09:36:14.824+05:30  INFO 27284 --- [restartedMain] o.s.b.w.embedded.tomcat.TomcatWebServer  : Tomcat started on port(s): 9010 (http) with context path ''
2023-04-22T09:36:14.843+05:30  INFO 27284 --- [restartedMain] c.c.application.Auth0ServiceApplication  : Started Auth0ServiceApplication in 1.965 seconds (process running for 32.676)
2023-04-22T09:36:14.848+05:30  INFO 27284 --- [restartedMain] .ConditionEvaluationDeltaLoggingListener : Condition evaluation unchanged
2023-04-22T09:36:16.186+05:30  INFO 27284 --- [File Watcher] rtingClassPathChangeChangedEventListener : Restarting due to 5 class path changes (5 additions, 0 deletions, 0 modifications)
2023-04-22T09:36:16.208+05:30  INFO 27284 --- [Thread-11] o.apache.catalina.core.StandardService   : Stopping service [Tomcat]
2023-04-22T09:36:16.323+05:30  INFO 27284 --- [restartedMain] c.c.application.Auth0ServiceApplication  : Starting Auth0ServiceApplication using Java 17.0.6 with PID 27284 (C:\Users\prath\OneDrive\Desktop\krunalfinalnew\Capstone-PMS\Microservices\g3-auth0-service\g3-auth0-service\target\classes started by prath in C:\Users\prath\OneDrive\Desktop\krunalfinalnew\Capstone-PMS\Microservices\g3-auth0-service\g3-auth0-service)
2023-04-22T09:36:16.324+05:30  INFO 27284 --- [restartedMain] c.c.application.Auth0ServiceApplication  : No active profile set, falling back to 1 default profile: "default"
2023-04-22T09:36:17.345+05:30  INFO 27284 --- [restartedMain] trationDelegate$BeanPostProcessorChecker : Bean 'org.springframework.ws.config.annotation.DelegatingWsConfiguration' of type [org.springframework.ws.config.annotation.DelegatingWsConfiguration$$SpringCGLIB$$0] is not eligible for getting processed by all BeanPostProcessors (for example: not eligible for auto-proxying)
2023-04-22T09:36:17.348+05:30  INFO 27284 --- [restartedMain] .w.s.a.s.AnnotationActionEndpointMapping : Supporting [WS-Addressing August 2004, WS-Addressing 1.0]
2023-04-22T09:36:17.388+05:30  INFO 27284 --- [restartedMain] o.s.b.w.embedded.tomcat.TomcatWebServer  : Tomcat initialized with port(s): 9010 (http)
2023-04-22T09:36:17.391+05:30  INFO 27284 --- [restartedMain] o.apache.catalina.core.StandardService   : Starting service [Tomcat]
2023-04-22T09:36:17.391+05:30  INFO 27284 --- [restartedMain] o.apache.catalina.core.StandardEngine    : Starting Servlet engine: [Apache Tomcat/10.1.7]
2023-04-22T09:36:17.449+05:30  INFO 27284 --- [restartedMain] o.a.c.c.C.[Tomcat].[localhost].[/]       : Initializing Spring embedded WebApplicationContext
2023-04-22T09:36:17.449+05:30  INFO 27284 --- [restartedMain] w.s.c.ServletWebServerApplicationContext : Root WebApplicationContext: initialization completed in 1120 ms
2023-04-22T09:36:18.198+05:30  INFO 27284 --- [restartedMain] o.s.b.d.a.OptionalLiveReloadServer       : LiveReload server is running on port 35729
2023-04-22T09:36:18.201+05:30  INFO 27284 --- [restartedMain] o.s.b.a.e.web.EndpointLinksResolver      : Exposing 15 endpoint(s) beneath base path '/actuator'
2023-04-22T09:36:18.229+05:30  INFO 27284 --- [restartedMain] o.s.b.w.embedded.tomcat.TomcatWebServer  : Tomcat started on port(s): 9010 (http) with context path ''
2023-04-22T09:36:18.240+05:30  INFO 27284 --- [restartedMain] c.c.application.Auth0ServiceApplication  : Started Auth0ServiceApplication in 1.95 seconds (process running for 36.073)
2023-04-22T09:36:18.247+05:30  INFO 27284 --- [restartedMain] .ConditionEvaluationDeltaLoggingListener : Condition evaluation unchanged
2023-04-22T09:36:56.164+05:30  INFO 27284 --- [File Watcher] rtingClassPathChangeChangedEventListener : Restarting due to 8 class path changes (0 additions, 5 deletions, 3 modifications)
2023-04-22T09:36:56.238+05:30  INFO 27284 --- [Thread-15] o.apache.catalina.core.StandardService   : Stopping service [Tomcat]
2023-04-22T09:36:56.482+05:30  INFO 27284 --- [restartedMain] c.c.application.Auth0ServiceApplication  : Starting Auth0ServiceApplication using Java 17.0.6 with PID 27284 (C:\Users\prath\OneDrive\Desktop\krunalfinalnew\Capstone-PMS\Microservices\g3-auth0-service\g3-auth0-service\target\classes started by prath in C:\Users\prath\OneDrive\Desktop\krunalfinalnew\Capstone-PMS\Microservices\g3-auth0-service\g3-auth0-service)
2023-04-22T09:36:56.483+05:30  INFO 27284 --- [restartedMain] c.c.application.Auth0ServiceApplication  : No active profile set, falling back to 1 default profile: "default"
2023-04-22T09:36:57.443+05:30 ERROR 27284 --- [restartedMain] o.s.boot.SpringApplication               : Application run failed

java.lang.NullPointerException: Cannot read field "generatedClass" because "data" is null
	at org.springframework.cglib.proxy.Enhancer.nextInstance(Enhancer.java:783) ~[spring-core-6.0.7.jar:6.0.7]
	at org.springframework.cglib.core.AbstractClassGenerator.create(AbstractClassGenerator.java:317) ~[spring-core-6.0.7.jar:6.0.7]
	at org.springframework.cglib.proxy.Enhancer.createHelper(Enhancer.java:562) ~[spring-core-6.0.7.jar:6.0.7]
	at org.springframework.cglib.proxy.Enhancer.createClass(Enhancer.java:407) ~[spring-core-6.0.7.jar:6.0.7]
	at org.springframework.context.annotation.ConfigurationClassEnhancer.createClass(ConfigurationClassEnhancer.java:138) ~[spring-context-6.0.7.jar:6.0.7]
	at org.springframework.context.annotation.ConfigurationClassEnhancer.enhance(ConfigurationClassEnhancer.java:109) ~[spring-context-6.0.7.jar:6.0.7]
	at org.springframework.context.annotation.ConfigurationClassPostProcessor.enhanceConfigurationClasses(ConfigurationClassPostProcessor.java:514) ~[spring-context-6.0.7.jar:6.0.7]
	at org.springframework.context.annotation.ConfigurationClassPostProcessor.postProcessBeanFactory(ConfigurationClassPostProcessor.java:304) ~[spring-context-6.0.7.jar:6.0.7]
	at org.springframework.context.support.PostProcessorRegistrationDelegate.invokeBeanFactoryPostProcessors(PostProcessorRegistrationDelegate.java:358) ~[spring-context-6.0.7.jar:6.0.7]
	at org.springframework.context.support.PostProcessorRegistrationDelegate.invokeBeanFactoryPostProcessors(PostProcessorRegistrationDelegate.java:150) ~[spring-context-6.0.7.jar:6.0.7]
	at org.springframework.context.support.AbstractApplicationContext.invokeBeanFactoryPostProcessors(AbstractApplicationContext.java:747) ~[spring-context-6.0.7.jar:6.0.7]
	at org.springframework.context.support.AbstractApplicationContext.refresh(AbstractApplicationContext.java:565) ~[spring-context-6.0.7.jar:6.0.7]
	at org.springframework.boot.web.servlet.context.ServletWebServerApplicationContext.refresh(ServletWebServerApplicationContext.java:146) ~[spring-boot-3.0.5.jar:3.0.5]
	at org.springframework.boot.SpringApplication.refresh(SpringApplication.java:732) ~[spring-boot-3.0.5.jar:3.0.5]
	at org.springframework.boot.SpringApplication.refreshContext(SpringApplication.java:434) ~[spring-boot-3.0.5.jar:3.0.5]
	at org.springframework.boot.SpringApplication.run(SpringApplication.java:310) ~[spring-boot-3.0.5.jar:3.0.5]
	at org.springframework.boot.SpringApplication.run(SpringApplication.java:1304) ~[spring-boot-3.0.5.jar:3.0.5]
	at org.springframework.boot.SpringApplication.run(SpringApplication.java:1293) ~[spring-boot-3.0.5.jar:3.0.5]
	at com.capstone.application.Auth0ServiceApplication.main(Auth0ServiceApplication.java:11) ~[classes/:na]
	at java.base/jdk.internal.reflect.NativeMethodAccessorImpl.invoke0(Native Method) ~[na:na]
	at java.base/jdk.internal.reflect.NativeMethodAccessorImpl.invoke(NativeMethodAccessorImpl.java:77) ~[na:na]
	at java.base/jdk.internal.reflect.DelegatingMethodAccessorImpl.invoke(DelegatingMethodAccessorImpl.java:43) ~[na:na]
	at java.base/java.lang.reflect.Method.invoke(Method.java:568) ~[na:na]
	at org.springframework.boot.devtools.restart.RestartLauncher.run(RestartLauncher.java:49) ~[spring-boot-devtools-3.0.5.jar:3.0.5]

2023-04-22T09:37:01.487+05:30  INFO 27284 --- [restartedMain] .e.DevToolsPropertyDefaultsPostProcessor : Devtools property defaults active! Set 'spring.devtools.add-properties' to 'false' to disable
2023-04-22T09:37:01.509+05:30  INFO 27284 --- [restartedMain] .e.DevToolsPropertyDefaultsPostProcessor : For additional web related logging consider setting the 'logging.level.web' property to 'DEBUG'
2023-04-22T09:37:01.544+05:30  INFO 27284 --- [restartedMain] c.c.application.Auth0ServiceApplication  : Starting Auth0ServiceApplication using Java 17.0.6 with PID 27284 (C:\Users\prath\OneDrive\Desktop\krunalfinalnew\Capstone-PMS\Microservices\g3-auth0-service\g3-auth0-service\target\classes started by prath in C:\Users\prath\OneDrive\Desktop\krunalfinalnew\Capstone-PMS\Microservices\g3-auth0-service\g3-auth0-service)
2023-04-22T09:37:01.545+05:30  INFO 27284 --- [restartedMain] c.c.application.Auth0ServiceApplication  : No active profile set, falling back to 1 default profile: "default"
2023-04-22T09:37:02.524+05:30  INFO 27284 --- [restartedMain] trationDelegate$BeanPostProcessorChecker : Bean 'org.springframework.ws.config.annotation.DelegatingWsConfiguration' of type [org.springframework.ws.config.annotation.DelegatingWsConfiguration$$SpringCGLIB$$0] is not eligible for getting processed by all BeanPostProcessors (for example: not eligible for auto-proxying)
2023-04-22T09:37:02.526+05:30  INFO 27284 --- [restartedMain] .w.s.a.s.AnnotationActionEndpointMapping : Supporting [WS-Addressing August 2004, WS-Addressing 1.0]
2023-04-22T09:37:02.612+05:30  INFO 27284 --- [restartedMain] o.s.b.w.embedded.tomcat.TomcatWebServer  : Tomcat initialized with port(s): 9010 (http)
2023-04-22T09:37:02.617+05:30  INFO 27284 --- [restartedMain] o.apache.catalina.core.StandardService   : Starting service [Tomcat]
2023-04-22T09:37:02.618+05:30  INFO 27284 --- [restartedMain] o.apache.catalina.core.StandardEngine    : Starting Servlet engine: [Apache Tomcat/10.1.7]
2023-04-22T09:37:02.667+05:30  INFO 27284 --- [restartedMain] o.a.c.c.C.[Tomcat].[localhost].[/]       : Initializing Spring embedded WebApplicationContext
2023-04-22T09:37:02.670+05:30  INFO 27284 --- [restartedMain] w.s.c.ServletWebServerApplicationContext : Root WebApplicationContext: initialization completed in 1112 ms
2023-04-22T09:37:03.442+05:30  INFO 27284 --- [restartedMain] o.s.b.d.a.OptionalLiveReloadServer       : LiveReload server is running on port 35729
2023-04-22T09:37:03.448+05:30  INFO 27284 --- [restartedMain] o.s.b.a.e.web.EndpointLinksResolver      : Exposing 15 endpoint(s) beneath base path '/actuator'
2023-04-22T09:37:03.527+05:30  INFO 27284 --- [restartedMain] o.s.b.w.embedded.tomcat.TomcatWebServer  : Tomcat started on port(s): 9010 (http) with context path ''
2023-04-22T09:37:03.543+05:30  INFO 27284 --- [restartedMain] c.c.application.Auth0ServiceApplication  : Started Auth0ServiceApplication in 2.138 seconds (process running for 81.378)
2023-04-22T09:37:03.563+05:30  INFO 27284 --- [restartedMain] .ConditionEvaluationDeltaLoggingListener : Condition evaluation unchanged
2023-04-22T09:37:35.878+05:30  INFO 27284 --- [File Watcher] rtingClassPathChangeChangedEventListener : Restarting due to 3 class path changes (3 additions, 0 deletions, 0 modifications)
2023-04-22T09:37:35.919+05:30  INFO 27284 --- [Thread-19] o.apache.catalina.core.StandardService   : Stopping service [Tomcat]
2023-04-22T09:37:36.231+05:30  INFO 27284 --- [restartedMain] c.c.application.Auth0ServiceApplication  : Starting Auth0ServiceApplication using Java 17.0.6 with PID 27284 (C:\Users\prath\OneDrive\Desktop\krunalfinalnew\Capstone-PMS\Microservices\g3-auth0-service\g3-auth0-service\target\classes started by prath in C:\Users\prath\OneDrive\Desktop\krunalfinalnew\Capstone-PMS\Microservices\g3-auth0-service\g3-auth0-service)
2023-04-22T09:37:36.232+05:30  INFO 27284 --- [restartedMain] c.c.application.Auth0ServiceApplication  : No active profile set, falling back to 1 default profile: "default"
2023-04-22T09:37:37.645+05:30  INFO 27284 --- [restartedMain] trationDelegate$BeanPostProcessorChecker : Bean 'org.springframework.ws.config.annotation.DelegatingWsConfiguration' of type [org.springframework.ws.config.annotation.DelegatingWsConfiguration$$SpringCGLIB$$0] is not eligible for getting processed by all BeanPostProcessors (for example: not eligible for auto-proxying)
2023-04-22T09:37:37.661+05:30  INFO 27284 --- [restartedMain] .w.s.a.s.AnnotationActionEndpointMapping : Supporting [WS-Addressing August 2004, WS-Addressing 1.0]
2023-04-22T09:37:37.819+05:30  INFO 27284 --- [restartedMain] o.s.b.w.embedded.tomcat.TomcatWebServer  : Tomcat initialized with port(s): 9010 (http)
2023-04-22T09:37:37.823+05:30  INFO 27284 --- [restartedMain] o.apache.catalina.core.StandardService   : Starting service [Tomcat]
2023-04-22T09:37:37.824+05:30  INFO 27284 --- [restartedMain] o.apache.catalina.core.StandardEngine    : Starting Servlet engine: [Apache Tomcat/10.1.7]
2023-04-22T09:37:37.901+05:30  INFO 27284 --- [restartedMain] o.a.c.c.C.[Tomcat].[localhost].[/]       : Initializing Spring embedded WebApplicationContext
2023-04-22T09:37:37.902+05:30  INFO 27284 --- [restartedMain] w.s.c.ServletWebServerApplicationContext : Root WebApplicationContext: initialization completed in 1665 ms
2023-04-22T09:37:39.516+05:30  INFO 27284 --- [restartedMain] o.s.b.d.a.OptionalLiveReloadServer       : LiveReload server is running on port 35729
2023-04-22T09:37:39.529+05:30  INFO 27284 --- [restartedMain] o.s.b.a.e.web.EndpointLinksResolver      : Exposing 15 endpoint(s) beneath base path '/actuator'
2023-04-22T09:37:39.563+05:30  INFO 27284 --- [restartedMain] o.s.b.w.embedded.tomcat.TomcatWebServer  : Tomcat started on port(s): 9010 (http) with context path ''
2023-04-22T09:37:39.573+05:30  INFO 27284 --- [restartedMain] c.c.application.Auth0ServiceApplication  : Started Auth0ServiceApplication in 3.497 seconds (process running for 117.406)
2023-04-22T09:37:39.578+05:30  INFO 27284 --- [restartedMain] .ConditionEvaluationDeltaLoggingListener : Condition evaluation unchanged
2023-04-22T09:37:42.105+05:30  INFO 27284 --- [RMI TCP Connection(8)-127.0.0.1] inMXBeanRegistrar$SpringApplicationAdmin : Application shutdown requested.
2023-04-22T09:37:42.137+05:30  INFO 27284 --- [RMI TCP Connection(8)-127.0.0.1] o.apache.catalina.core.StandardService   : Stopping service [Tomcat]
