2023-03-31T07:39:15.442+05:30  WARN 16020 --- [HikariPool-11 housekeeper] com.zaxxer.hikari.pool.HikariPool        : HikariPool-11 - Thread starvation or clock leap detected (housekeeper delta=5h37m58s460ms374µs200ns).
2023-03-31T08:20:42.062+05:30  INFO 16020 --- [RMI TCP Connection(1075)-127.0.0.1] inMXBeanRegistrar$SpringApplicationAdmin : Application shutdown requested.
2023-03-31T08:20:42.082+05:30  INFO 16020 --- [RMI TCP Connection(1077)-127.0.0.1] inMXBeanRegistrar$SpringApplicationAdmin : Application shutdown requested.
2023-03-31T08:20:42.248+05:30  INFO 16020 --- [RMI TCP Connection(1078)-127.0.0.1] inMXBeanRegistrar$SpringApplicationAdmin : Application shutdown requested.
2023-03-31T08:20:42.266+05:30  INFO 16020 --- [RMI TCP Connection(1075)-127.0.0.1] o.apache.catalina.core.StandardService   : Stopping service [Tomcat]
2023-03-31T08:20:42.278+05:30  INFO 16020 --- [RMI TCP Connection(1075)-127.0.0.1] o.a.c.c.C.[Tomcat].[localhost].[/]       : Destroying Spring FrameworkServlet 'dispatcherServlet'
2023-03-31T08:20:42.355+05:30  INFO 16020 --- [RMI TCP Connection(1075)-127.0.0.1] o.s.c.c.s.ConsulServiceRegistry          : Deregistering service with consul: g3-patient-health-records-service-9005
2023-03-31T08:20:42.391+05:30  INFO 16020 --- [RMI TCP Connection(1075)-127.0.0.1] j.LocalContainerEntityManagerFactoryBean : Closing JPA EntityManagerFactory for persistence unit 'default'
2023-03-31T08:20:42.427+05:30  INFO 16020 --- [RMI TCP Connection(1075)-127.0.0.1] com.zaxxer.hikari.HikariDataSource       : HikariPool-11 - Shutdown initiated...
2023-03-31T08:20:42.439+05:30  INFO 16020 --- [RMI TCP Connection(1075)-127.0.0.1] com.zaxxer.hikari.HikariDataSource       : HikariPool-11 - Shutdown completed.
2023-03-31T08:22:48.296+05:30  INFO 2904 --- [restartedMain] .a.PatientHealthRecordServiceApplication : Starting PatientHealthRecordServiceApplication using Java 17.0.6 with PID 2904 (C:\Users\prath\OneDrive\Desktop\PMS-Merge\admin-backend-main\g3-patient-health-record-service\target\classes started by prath in C:\Users\prath\OneDrive\Desktop\PMS-Merge\admin-backend-main\g3-patient-health-record-service)
2023-03-31T08:22:48.300+05:30  INFO 2904 --- [restartedMain] .a.PatientHealthRecordServiceApplication : No active profile set, falling back to 1 default profile: "default"
2023-03-31T08:22:48.338+05:30  INFO 2904 --- [restartedMain] .e.DevToolsPropertyDefaultsPostProcessor : Devtools property defaults active! Set 'spring.devtools.add-properties' to 'false' to disable
2023-03-31T08:22:48.338+05:30  INFO 2904 --- [restartedMain] .e.DevToolsPropertyDefaultsPostProcessor : For additional web related logging consider setting the 'logging.level.web' property to 'DEBUG'
2023-03-31T08:22:49.474+05:30  INFO 2904 --- [restartedMain] .s.d.r.c.RepositoryConfigurationDelegate : Bootstrapping Spring Data JPA repositories in DEFAULT mode.
2023-03-31T08:22:49.596+05:30  INFO 2904 --- [restartedMain] .s.d.r.c.RepositoryConfigurationDelegate : Finished Spring Data repository scanning in 116 ms. Found 6 JPA repository interfaces.
2023-03-31T08:22:49.809+05:30  INFO 2904 --- [restartedMain] o.s.cloud.context.scope.GenericScope     : BeanFactory id=b6082c96-2476-32e5-884b-1089b210f1da
2023-03-31T08:22:49.898+05:30  INFO 2904 --- [restartedMain] trationDelegate$BeanPostProcessorChecker : Bean 'org.springframework.ws.config.annotation.DelegatingWsConfiguration' of type [org.springframework.ws.config.annotation.DelegatingWsConfiguration$$SpringCGLIB$$0] is not eligible for getting processed by all BeanPostProcessors (for example: not eligible for auto-proxying)
2023-03-31T08:22:49.930+05:30  INFO 2904 --- [restartedMain] .w.s.a.s.AnnotationActionEndpointMapping : Supporting [WS-Addressing August 2004, WS-Addressing 1.0]
2023-03-31T08:22:50.295+05:30  INFO 2904 --- [restartedMain] o.s.b.w.embedded.tomcat.TomcatWebServer  : Tomcat initialized with port(s): 9005 (http)
2023-03-31T08:22:50.306+05:30  INFO 2904 --- [restartedMain] o.apache.catalina.core.StandardService   : Starting service [Tomcat]
2023-03-31T08:22:50.307+05:30  INFO 2904 --- [restartedMain] o.apache.catalina.core.StandardEngine    : Starting Servlet engine: [Apache Tomcat/10.1.5]
2023-03-31T08:22:50.379+05:30  INFO 2904 --- [restartedMain] o.a.c.c.C.[Tomcat].[localhost].[/]       : Initializing Spring embedded WebApplicationContext
2023-03-31T08:22:50.379+05:30  INFO 2904 --- [restartedMain] w.s.c.ServletWebServerApplicationContext : Root WebApplicationContext: initialization completed in 2040 ms
2023-03-31T08:22:50.586+05:30  INFO 2904 --- [restartedMain] o.hibernate.jpa.internal.util.LogHelper  : HHH000204: Processing PersistenceUnitInfo [name: default]
2023-03-31T08:22:50.660+05:30  INFO 2904 --- [restartedMain] org.hibernate.Version                    : HHH000412: Hibernate ORM core version 6.1.7.Final
2023-03-31T08:22:50.960+05:30  INFO 2904 --- [restartedMain] com.zaxxer.hikari.HikariDataSource       : HikariPool-1 - Starting...
2023-03-31T08:22:51.078+05:30  INFO 2904 --- [restartedMain] com.zaxxer.hikari.pool.HikariPool        : HikariPool-1 - Added connection com.mysql.cj.jdbc.ConnectionImpl@8ef1a8f
2023-03-31T08:22:51.080+05:30  INFO 2904 --- [restartedMain] com.zaxxer.hikari.HikariDataSource       : HikariPool-1 - Start completed.
2023-03-31T08:22:51.151+05:30  INFO 2904 --- [restartedMain] SQL dialect                              : HHH000400: Using dialect: org.hibernate.dialect.MySQLDialect
2023-03-31T08:22:51.879+05:30  INFO 2904 --- [restartedMain] o.h.e.t.j.p.i.JtaPlatformInitiator       : HHH000490: Using JtaPlatform implementation: [org.hibernate.engine.transaction.jta.platform.internal.NoJtaPlatform]
2023-03-31T08:22:51.891+05:30  INFO 2904 --- [restartedMain] j.LocalContainerEntityManagerFactoryBean : Initialized JPA EntityManagerFactory for persistence unit 'default'
2023-03-31T08:22:52.333+05:30  WARN 2904 --- [restartedMain] JpaBaseConfiguration$JpaWebConfiguration : spring.jpa.open-in-view is enabled by default. Therefore, database queries may be performed during view rendering. Explicitly configure spring.jpa.open-in-view to disable this warning
2023-03-31T08:22:53.403+05:30  WARN 2904 --- [restartedMain] o.s.b.d.a.OptionalLiveReloadServer       : Unable to start LiveReload server
2023-03-31T08:22:53.537+05:30  WARN 2904 --- [restartedMain] iguration$LoadBalancerCaffeineWarnLogger : Spring Cloud LoadBalancer is currently working with the default cache. While this cache implementation is useful for development and tests, it's recommended to use Caffeine cache in production.You can switch to using Caffeine cache, by adding it and org.springframework.cache.caffeine.CaffeineCacheManager to the classpath.
2023-03-31T08:22:53.541+05:30  INFO 2904 --- [restartedMain] o.s.b.a.e.web.EndpointLinksResolver      : Exposing 1 endpoint(s) beneath base path '/actuator'
2023-03-31T08:22:53.641+05:30  INFO 2904 --- [restartedMain] o.s.b.w.embedded.tomcat.TomcatWebServer  : Tomcat started on port(s): 9005 (http) with context path ''
2023-03-31T08:22:53.645+05:30  INFO 2904 --- [restartedMain] o.s.c.c.s.ConsulServiceRegistry          : Registering service with consul: NewService{id='g3-patient-health-records-service-9005', name='g3-patient-health-records-service', tags=[], address='host.docker.internal', meta={secure=false}, port=9005, enableTagOverride=null, check=Check{script='null', dockerContainerID='null', shell='null', interval='10s', ttl='null', http='http://host.docker.internal:9005/actuator/health', method='null', header={}, tcp='null', timeout='null', deregisterCriticalServiceAfter='null', tlsSkipVerify=null, status='null', grpc='null', grpcUseTLS=null}, checks=null}
2023-03-31T08:22:53.751+05:30  INFO 2904 --- [restartedMain] .a.PatientHealthRecordServiceApplication : Started PatientHealthRecordServiceApplication in 6.127 seconds (process running for 6.877)
2023-03-31T08:22:54.515+05:30  INFO 2904 --- [http-nio-9005-exec-1] o.a.c.c.C.[Tomcat].[localhost].[/]       : Initializing Spring DispatcherServlet 'dispatcherServlet'
2023-03-31T08:22:54.515+05:30  INFO 2904 --- [http-nio-9005-exec-1] o.s.web.servlet.DispatcherServlet        : Initializing Servlet 'dispatcherServlet'
2023-03-31T08:22:54.517+05:30  INFO 2904 --- [http-nio-9005-exec-1] o.s.web.servlet.DispatcherServlet        : Completed initialization in 1 ms
2023-03-31T13:25:44.733+05:30  WARN 2904 --- [HikariPool-1 housekeeper] com.zaxxer.hikari.pool.HikariPool        : HikariPool-1 - Thread starvation or clock leap detected (housekeeper delta=13m18s115ms764µs900ns).
2023-03-31T14:31:54.871+05:30  INFO 2904 --- [File Watcher] rtingClassPathChangeChangedEventListener : Restarting due to 1 class path change (0 additions, 0 deletions, 1 modification)
2023-03-31T14:31:55.277+05:30  INFO 2904 --- [Thread-1] o.apache.catalina.core.StandardService   : Stopping service [Tomcat]
2023-03-31T14:31:55.315+05:30  INFO 2904 --- [Thread-1] o.a.c.c.C.[Tomcat].[localhost].[/]       : Destroying Spring FrameworkServlet 'dispatcherServlet'
2023-03-31T14:31:55.481+05:30  INFO 2904 --- [Thread-1] o.s.c.c.s.ConsulServiceRegistry          : Deregistering service with consul: g3-patient-health-records-service-9005
2023-03-31T14:31:55.589+05:30  INFO 2904 --- [Thread-1] j.LocalContainerEntityManagerFactoryBean : Closing JPA EntityManagerFactory for persistence unit 'default'
2023-03-31T14:31:55.731+05:30  INFO 2904 --- [Thread-1] com.zaxxer.hikari.HikariDataSource       : HikariPool-1 - Shutdown initiated...
2023-03-31T14:31:55.764+05:30  INFO 2904 --- [Thread-1] com.zaxxer.hikari.HikariDataSource       : HikariPool-1 - Shutdown completed.
2023-03-31T14:31:56.527+05:30  INFO 2904 --- [restartedMain] .a.PatientHealthRecordServiceApplication : Starting PatientHealthRecordServiceApplication using Java 17.0.6 with PID 2904 (C:\Users\prath\OneDrive\Desktop\PMS-Merge\admin-backend-main\g3-patient-health-record-service\target\classes started by prath in C:\Users\prath\OneDrive\Desktop\PMS-Merge\admin-backend-main\g3-patient-health-record-service)
2023-03-31T14:31:56.528+05:30  INFO 2904 --- [restartedMain] .a.PatientHealthRecordServiceApplication : No active profile set, falling back to 1 default profile: "default"
2023-03-31T14:31:57.442+05:30  INFO 2904 --- [restartedMain] .s.d.r.c.RepositoryConfigurationDelegate : Bootstrapping Spring Data JPA repositories in DEFAULT mode.
2023-03-31T14:31:57.487+05:30  INFO 2904 --- [restartedMain] .s.d.r.c.RepositoryConfigurationDelegate : Finished Spring Data repository scanning in 44 ms. Found 6 JPA repository interfaces.
2023-03-31T14:31:57.712+05:30  INFO 2904 --- [restartedMain] o.s.cloud.context.scope.GenericScope     : BeanFactory id=b6082c96-2476-32e5-884b-1089b210f1da
2023-03-31T14:31:57.775+05:30  INFO 2904 --- [restartedMain] trationDelegate$BeanPostProcessorChecker : Bean 'org.springframework.ws.config.annotation.DelegatingWsConfiguration' of type [org.springframework.ws.config.annotation.DelegatingWsConfiguration$$SpringCGLIB$$0] is not eligible for getting processed by all BeanPostProcessors (for example: not eligible for auto-proxying)
2023-03-31T14:31:57.790+05:30  INFO 2904 --- [restartedMain] .w.s.a.s.AnnotationActionEndpointMapping : Supporting [WS-Addressing August 2004, WS-Addressing 1.0]
2023-03-31T14:31:58.066+05:30  INFO 2904 --- [restartedMain] o.s.b.w.embedded.tomcat.TomcatWebServer  : Tomcat initialized with port(s): 9005 (http)
2023-03-31T14:31:58.066+05:30  INFO 2904 --- [restartedMain] o.apache.catalina.core.StandardService   : Starting service [Tomcat]
2023-03-31T14:31:58.067+05:30  INFO 2904 --- [restartedMain] o.apache.catalina.core.StandardEngine    : Starting Servlet engine: [Apache Tomcat/10.1.5]
2023-03-31T14:31:58.087+05:30  INFO 2904 --- [restartedMain] o.a.c.c.C.[Tomcat].[localhost].[/]       : Initializing Spring embedded WebApplicationContext
2023-03-31T14:31:58.087+05:30  INFO 2904 --- [restartedMain] w.s.c.ServletWebServerApplicationContext : Root WebApplicationContext: initialization completed in 1554 ms
2023-03-31T14:31:58.152+05:30  INFO 2904 --- [restartedMain] o.hibernate.jpa.internal.util.LogHelper  : HHH000204: Processing PersistenceUnitInfo [name: default]
2023-03-31T14:31:58.160+05:30  INFO 2904 --- [restartedMain] com.zaxxer.hikari.HikariDataSource       : HikariPool-2 - Starting...
2023-03-31T14:31:58.167+05:30  INFO 2904 --- [restartedMain] com.zaxxer.hikari.pool.HikariPool        : HikariPool-2 - Added connection com.mysql.cj.jdbc.ConnectionImpl@1ac9a2f2
2023-03-31T14:31:58.167+05:30  INFO 2904 --- [restartedMain] com.zaxxer.hikari.HikariDataSource       : HikariPool-2 - Start completed.
2023-03-31T14:31:58.171+05:30  INFO 2904 --- [restartedMain] SQL dialect                              : HHH000400: Using dialect: org.hibernate.dialect.MySQLDialect
2023-03-31T14:31:58.285+05:30  INFO 2904 --- [restartedMain] o.h.e.t.j.p.i.JtaPlatformInitiator       : HHH000490: Using JtaPlatform implementation: [org.hibernate.engine.transaction.jta.platform.internal.NoJtaPlatform]
2023-03-31T14:31:58.286+05:30  INFO 2904 --- [restartedMain] j.LocalContainerEntityManagerFactoryBean : Initialized JPA EntityManagerFactory for persistence unit 'default'
2023-03-31T14:31:58.455+05:30  WARN 2904 --- [restartedMain] JpaBaseConfiguration$JpaWebConfiguration : spring.jpa.open-in-view is enabled by default. Therefore, database queries may be performed during view rendering. Explicitly configure spring.jpa.open-in-view to disable this warning
2023-03-31T14:31:59.392+05:30  WARN 2904 --- [restartedMain] o.s.b.d.a.OptionalLiveReloadServer       : Unable to start LiveReload server
2023-03-31T14:31:59.499+05:30  WARN 2904 --- [restartedMain] iguration$LoadBalancerCaffeineWarnLogger : Spring Cloud LoadBalancer is currently working with the default cache. While this cache implementation is useful for development and tests, it's recommended to use Caffeine cache in production.You can switch to using Caffeine cache, by adding it and org.springframework.cache.caffeine.CaffeineCacheManager to the classpath.
2023-03-31T14:31:59.503+05:30  INFO 2904 --- [restartedMain] o.s.b.a.e.web.EndpointLinksResolver      : Exposing 1 endpoint(s) beneath base path '/actuator'
2023-03-31T14:31:59.554+05:30  INFO 2904 --- [restartedMain] o.s.b.w.embedded.tomcat.TomcatWebServer  : Tomcat started on port(s): 9005 (http) with context path ''
2023-03-31T14:31:59.557+05:30  INFO 2904 --- [restartedMain] o.s.c.c.s.ConsulServiceRegistry          : Registering service with consul: NewService{id='g3-patient-health-records-service-9005', name='g3-patient-health-records-service', tags=[], address='PRATHAMESH', meta={secure=false}, port=9005, enableTagOverride=null, check=Check{script='null', dockerContainerID='null', shell='null', interval='10s', ttl='null', http='http://PRATHAMESH:9005/actuator/health', method='null', header={}, tcp='null', timeout='null', deregisterCriticalServiceAfter='null', tlsSkipVerify=null, status='null', grpc='null', grpcUseTLS=null}, checks=null}
2023-03-31T14:31:59.666+05:30  INFO 2904 --- [restartedMain] .a.PatientHealthRecordServiceApplication : Started PatientHealthRecordServiceApplication in 3.273 seconds (process running for 22152.193)
2023-03-31T14:31:59.673+05:30  INFO 2904 --- [restartedMain] .ConditionEvaluationDeltaLoggingListener : Condition evaluation unchanged
2023-03-31T14:32:00.814+05:30  INFO 2904 --- [File Watcher] rtingClassPathChangeChangedEventListener : Restarting due to 1 class path change (0 additions, 0 deletions, 1 modification)
2023-03-31T14:32:00.824+05:30  INFO 2904 --- [Thread-7] o.apache.catalina.core.StandardService   : Stopping service [Tomcat]
2023-03-31T14:32:00.827+05:30  INFO 2904 --- [Thread-7] o.s.c.c.s.ConsulServiceRegistry          : Deregistering service with consul: g3-patient-health-records-service-9005
2023-03-31T14:32:00.838+05:30  INFO 2904 --- [Thread-7] j.LocalContainerEntityManagerFactoryBean : Closing JPA EntityManagerFactory for persistence unit 'default'
2023-03-31T14:32:00.839+05:30  INFO 2904 --- [Thread-7] com.zaxxer.hikari.HikariDataSource       : HikariPool-2 - Shutdown initiated...
2023-03-31T14:32:00.843+05:30  INFO 2904 --- [Thread-7] com.zaxxer.hikari.HikariDataSource       : HikariPool-2 - Shutdown completed.
2023-03-31T14:32:01.014+05:30  INFO 2904 --- [restartedMain] .a.PatientHealthRecordServiceApplication : Starting PatientHealthRecordServiceApplication using Java 17.0.6 with PID 2904 (C:\Users\prath\OneDrive\Desktop\PMS-Merge\admin-backend-main\g3-patient-health-record-service\target\classes started by prath in C:\Users\prath\OneDrive\Desktop\PMS-Merge\admin-backend-main\g3-patient-health-record-service)
2023-03-31T14:32:01.015+05:30  INFO 2904 --- [restartedMain] .a.PatientHealthRecordServiceApplication : No active profile set, falling back to 1 default profile: "default"
2023-03-31T14:32:01.308+05:30  INFO 2904 --- [restartedMain] .s.d.r.c.RepositoryConfigurationDelegate : Bootstrapping Spring Data JPA repositories in DEFAULT mode.
2023-03-31T14:32:01.325+05:30  INFO 2904 --- [restartedMain] .s.d.r.c.RepositoryConfigurationDelegate : Finished Spring Data repository scanning in 17 ms. Found 6 JPA repository interfaces.
2023-03-31T14:32:01.397+05:30  INFO 2904 --- [restartedMain] o.s.cloud.context.scope.GenericScope     : BeanFactory id=b6082c96-2476-32e5-884b-1089b210f1da
2023-03-31T14:32:01.413+05:30  INFO 2904 --- [restartedMain] trationDelegate$BeanPostProcessorChecker : Bean 'org.springframework.ws.config.annotation.DelegatingWsConfiguration' of type [org.springframework.ws.config.annotation.DelegatingWsConfiguration$$SpringCGLIB$$0] is not eligible for getting processed by all BeanPostProcessors (for example: not eligible for auto-proxying)
2023-03-31T14:32:01.415+05:30  INFO 2904 --- [restartedMain] .w.s.a.s.AnnotationActionEndpointMapping : Supporting [WS-Addressing August 2004, WS-Addressing 1.0]
2023-03-31T14:32:01.467+05:30  INFO 2904 --- [restartedMain] o.s.b.w.embedded.tomcat.TomcatWebServer  : Tomcat initialized with port(s): 9005 (http)
2023-03-31T14:32:01.467+05:30  INFO 2904 --- [restartedMain] o.apache.catalina.core.StandardService   : Starting service [Tomcat]
2023-03-31T14:32:01.467+05:30  INFO 2904 --- [restartedMain] o.apache.catalina.core.StandardEngine    : Starting Servlet engine: [Apache Tomcat/10.1.5]
2023-03-31T14:32:01.485+05:30  INFO 2904 --- [restartedMain] o.a.c.c.C.[Tomcat].[localhost].[/]       : Initializing Spring embedded WebApplicationContext
2023-03-31T14:32:01.485+05:30  INFO 2904 --- [restartedMain] w.s.c.ServletWebServerApplicationContext : Root WebApplicationContext: initialization completed in 464 ms
2023-03-31T14:32:01.541+05:30  INFO 2904 --- [restartedMain] o.hibernate.jpa.internal.util.LogHelper  : HHH000204: Processing PersistenceUnitInfo [name: default]
2023-03-31T14:32:01.546+05:30  INFO 2904 --- [restartedMain] com.zaxxer.hikari.HikariDataSource       : HikariPool-3 - Starting...
2023-03-31T14:32:01.556+05:30  INFO 2904 --- [restartedMain] com.zaxxer.hikari.pool.HikariPool        : HikariPool-3 - Added connection com.mysql.cj.jdbc.ConnectionImpl@5454dd6e
2023-03-31T14:32:01.557+05:30  INFO 2904 --- [restartedMain] com.zaxxer.hikari.HikariDataSource       : HikariPool-3 - Start completed.
2023-03-31T14:32:01.558+05:30  INFO 2904 --- [restartedMain] SQL dialect                              : HHH000400: Using dialect: org.hibernate.dialect.MySQLDialect
2023-03-31T14:32:01.657+05:30  INFO 2904 --- [restartedMain] o.h.e.t.j.p.i.JtaPlatformInitiator       : HHH000490: Using JtaPlatform implementation: [org.hibernate.engine.transaction.jta.platform.internal.NoJtaPlatform]
2023-03-31T14:32:01.658+05:30  INFO 2904 --- [restartedMain] j.LocalContainerEntityManagerFactoryBean : Initialized JPA EntityManagerFactory for persistence unit 'default'
2023-03-31T14:32:01.799+05:30  WARN 2904 --- [restartedMain] JpaBaseConfiguration$JpaWebConfiguration : spring.jpa.open-in-view is enabled by default. Therefore, database queries may be performed during view rendering. Explicitly configure spring.jpa.open-in-view to disable this warning
2023-03-31T14:32:02.339+05:30  WARN 2904 --- [restartedMain] o.s.b.d.a.OptionalLiveReloadServer       : Unable to start LiveReload server
2023-03-31T14:32:02.414+05:30  WARN 2904 --- [restartedMain] iguration$LoadBalancerCaffeineWarnLogger : Spring Cloud LoadBalancer is currently working with the default cache. While this cache implementation is useful for development and tests, it's recommended to use Caffeine cache in production.You can switch to using Caffeine cache, by adding it and org.springframework.cache.caffeine.CaffeineCacheManager to the classpath.
2023-03-31T14:32:02.417+05:30  INFO 2904 --- [restartedMain] o.s.b.a.e.web.EndpointLinksResolver      : Exposing 1 endpoint(s) beneath base path '/actuator'
2023-03-31T14:32:02.447+05:30  INFO 2904 --- [restartedMain] o.s.b.w.embedded.tomcat.TomcatWebServer  : Tomcat started on port(s): 9005 (http) with context path ''
2023-03-31T14:32:02.449+05:30  INFO 2904 --- [restartedMain] o.s.c.c.s.ConsulServiceRegistry          : Registering service with consul: NewService{id='g3-patient-health-records-service-9005', name='g3-patient-health-records-service', tags=[], address='PRATHAMESH', meta={secure=false}, port=9005, enableTagOverride=null, check=Check{script='null', dockerContainerID='null', shell='null', interval='10s', ttl='null', http='http://PRATHAMESH:9005/actuator/health', method='null', header={}, tcp='null', timeout='null', deregisterCriticalServiceAfter='null', tlsSkipVerify=null, status='null', grpc='null', grpcUseTLS=null}, checks=null}
2023-03-31T14:32:02.537+05:30  INFO 2904 --- [restartedMain] .a.PatientHealthRecordServiceApplication : Started PatientHealthRecordServiceApplication in 1.619 seconds (process running for 22155.063)
2023-03-31T14:32:02.540+05:30  INFO 2904 --- [restartedMain] .ConditionEvaluationDeltaLoggingListener : Condition evaluation unchanged
2023-03-31T14:32:11.431+05:30  INFO 2904 --- [http-nio-9005-exec-1] o.a.c.c.C.[Tomcat].[localhost].[/]       : Initializing Spring DispatcherServlet 'dispatcherServlet'
2023-03-31T14:32:11.432+05:30  INFO 2904 --- [http-nio-9005-exec-1] o.s.web.servlet.DispatcherServlet        : Initializing Servlet 'dispatcherServlet'
2023-03-31T14:32:11.434+05:30  INFO 2904 --- [http-nio-9005-exec-1] o.s.web.servlet.DispatcherServlet        : Completed initialization in 2 ms
2023-03-31T14:33:08.729+05:30  INFO 2904 --- [File Watcher] rtingClassPathChangeChangedEventListener : Restarting due to 1 class path change (0 additions, 0 deletions, 1 modification)
2023-03-31T14:33:08.742+05:30  INFO 2904 --- [Thread-13] o.apache.catalina.core.StandardService   : Stopping service [Tomcat]
2023-03-31T14:33:08.742+05:30  INFO 2904 --- [Thread-13] o.a.c.c.C.[Tomcat].[localhost].[/]       : Destroying Spring FrameworkServlet 'dispatcherServlet'
2023-03-31T14:33:08.745+05:30  INFO 2904 --- [Thread-13] o.s.c.c.s.ConsulServiceRegistry          : Deregistering service with consul: g3-patient-health-records-service-9005
2023-03-31T14:33:08.771+05:30  INFO 2904 --- [Thread-13] j.LocalContainerEntityManagerFactoryBean : Closing JPA EntityManagerFactory for persistence unit 'default'
2023-03-31T14:33:08.772+05:30  INFO 2904 --- [Thread-13] com.zaxxer.hikari.HikariDataSource       : HikariPool-3 - Shutdown initiated...
2023-03-31T14:33:08.775+05:30  INFO 2904 --- [Thread-13] com.zaxxer.hikari.HikariDataSource       : HikariPool-3 - Shutdown completed.
2023-03-31T14:33:08.946+05:30  INFO 2904 --- [restartedMain] .a.PatientHealthRecordServiceApplication : Starting PatientHealthRecordServiceApplication using Java 17.0.6 with PID 2904 (C:\Users\prath\OneDrive\Desktop\PMS-Merge\admin-backend-main\g3-patient-health-record-service\target\classes started by prath in C:\Users\prath\OneDrive\Desktop\PMS-Merge\admin-backend-main\g3-patient-health-record-service)
2023-03-31T14:33:08.947+05:30  INFO 2904 --- [restartedMain] .a.PatientHealthRecordServiceApplication : No active profile set, falling back to 1 default profile: "default"
2023-03-31T14:33:09.228+05:30  INFO 2904 --- [restartedMain] .s.d.r.c.RepositoryConfigurationDelegate : Bootstrapping Spring Data JPA repositories in DEFAULT mode.
2023-03-31T14:33:09.244+05:30  INFO 2904 --- [restartedMain] .s.d.r.c.RepositoryConfigurationDelegate : Finished Spring Data repository scanning in 15 ms. Found 6 JPA repository interfaces.
2023-03-31T14:33:09.319+05:30  INFO 2904 --- [restartedMain] o.s.cloud.context.scope.GenericScope     : BeanFactory id=b6082c96-2476-32e5-884b-1089b210f1da
2023-03-31T14:33:09.336+05:30  INFO 2904 --- [restartedMain] trationDelegate$BeanPostProcessorChecker : Bean 'org.springframework.ws.config.annotation.DelegatingWsConfiguration' of type [org.springframework.ws.config.annotation.DelegatingWsConfiguration$$SpringCGLIB$$0] is not eligible for getting processed by all BeanPostProcessors (for example: not eligible for auto-proxying)
2023-03-31T14:33:09.339+05:30  INFO 2904 --- [restartedMain] .w.s.a.s.AnnotationActionEndpointMapping : Supporting [WS-Addressing August 2004, WS-Addressing 1.0]
2023-03-31T14:33:09.391+05:30  INFO 2904 --- [restartedMain] o.s.b.w.embedded.tomcat.TomcatWebServer  : Tomcat initialized with port(s): 9005 (http)
2023-03-31T14:33:09.392+05:30  INFO 2904 --- [restartedMain] o.apache.catalina.core.StandardService   : Starting service [Tomcat]
2023-03-31T14:33:09.392+05:30  INFO 2904 --- [restartedMain] o.apache.catalina.core.StandardEngine    : Starting Servlet engine: [Apache Tomcat/10.1.5]
2023-03-31T14:33:09.412+05:30  INFO 2904 --- [restartedMain] o.a.c.c.C.[Tomcat].[localhost].[/]       : Initializing Spring embedded WebApplicationContext
2023-03-31T14:33:09.413+05:30  INFO 2904 --- [restartedMain] w.s.c.ServletWebServerApplicationContext : Root WebApplicationContext: initialization completed in 461 ms
2023-03-31T14:33:09.470+05:30  INFO 2904 --- [restartedMain] o.hibernate.jpa.internal.util.LogHelper  : HHH000204: Processing PersistenceUnitInfo [name: default]
2023-03-31T14:33:09.475+05:30  INFO 2904 --- [restartedMain] com.zaxxer.hikari.HikariDataSource       : HikariPool-4 - Starting...
2023-03-31T14:33:09.482+05:30  INFO 2904 --- [restartedMain] com.zaxxer.hikari.pool.HikariPool        : HikariPool-4 - Added connection com.mysql.cj.jdbc.ConnectionImpl@7a6c967e
2023-03-31T14:33:09.483+05:30  INFO 2904 --- [restartedMain] com.zaxxer.hikari.HikariDataSource       : HikariPool-4 - Start completed.
2023-03-31T14:33:09.484+05:30  INFO 2904 --- [restartedMain] SQL dialect                              : HHH000400: Using dialect: org.hibernate.dialect.MySQLDialect
2023-03-31T14:33:09.577+05:30  INFO 2904 --- [restartedMain] o.h.e.t.j.p.i.JtaPlatformInitiator       : HHH000490: Using JtaPlatform implementation: [org.hibernate.engine.transaction.jta.platform.internal.NoJtaPlatform]
2023-03-31T14:33:09.579+05:30  INFO 2904 --- [restartedMain] j.LocalContainerEntityManagerFactoryBean : Initialized JPA EntityManagerFactory for persistence unit 'default'
2023-03-31T14:33:09.750+05:30  WARN 2904 --- [restartedMain] JpaBaseConfiguration$JpaWebConfiguration : spring.jpa.open-in-view is enabled by default. Therefore, database queries may be performed during view rendering. Explicitly configure spring.jpa.open-in-view to disable this warning
2023-03-31T14:33:10.303+05:30  WARN 2904 --- [restartedMain] o.s.b.d.a.OptionalLiveReloadServer       : Unable to start LiveReload server
2023-03-31T14:33:10.380+05:30  WARN 2904 --- [restartedMain] iguration$LoadBalancerCaffeineWarnLogger : Spring Cloud LoadBalancer is currently working with the default cache. While this cache implementation is useful for development and tests, it's recommended to use Caffeine cache in production.You can switch to using Caffeine cache, by adding it and org.springframework.cache.caffeine.CaffeineCacheManager to the classpath.
2023-03-31T14:33:10.384+05:30  INFO 2904 --- [restartedMain] o.s.b.a.e.web.EndpointLinksResolver      : Exposing 1 endpoint(s) beneath base path '/actuator'
2023-03-31T14:33:10.416+05:30  INFO 2904 --- [restartedMain] o.s.b.w.embedded.tomcat.TomcatWebServer  : Tomcat started on port(s): 9005 (http) with context path ''
2023-03-31T14:33:10.419+05:30  INFO 2904 --- [restartedMain] o.s.c.c.s.ConsulServiceRegistry          : Registering service with consul: NewService{id='g3-patient-health-records-service-9005', name='g3-patient-health-records-service', tags=[], address='PRATHAMESH', meta={secure=false}, port=9005, enableTagOverride=null, check=Check{script='null', dockerContainerID='null', shell='null', interval='10s', ttl='null', http='http://PRATHAMESH:9005/actuator/health', method='null', header={}, tcp='null', timeout='null', deregisterCriticalServiceAfter='null', tlsSkipVerify=null, status='null', grpc='null', grpcUseTLS=null}, checks=null}
2023-03-31T14:33:10.504+05:30  INFO 2904 --- [restartedMain] .a.PatientHealthRecordServiceApplication : Started PatientHealthRecordServiceApplication in 1.653 seconds (process running for 22223.031)
2023-03-31T14:33:10.507+05:30  INFO 2904 --- [restartedMain] .ConditionEvaluationDeltaLoggingListener : Condition evaluation unchanged
2023-03-31T14:33:17.037+05:30  INFO 2904 --- [http-nio-9005-exec-1] o.a.c.c.C.[Tomcat].[localhost].[/]       : Initializing Spring DispatcherServlet 'dispatcherServlet'
2023-03-31T14:33:17.037+05:30  INFO 2904 --- [http-nio-9005-exec-1] o.s.web.servlet.DispatcherServlet        : Initializing Servlet 'dispatcherServlet'
2023-03-31T14:33:17.040+05:30  INFO 2904 --- [http-nio-9005-exec-1] o.s.web.servlet.DispatcherServlet        : Completed initialization in 3 ms
2023-03-31T14:33:25.986+05:30  INFO 2904 --- [File Watcher] rtingClassPathChangeChangedEventListener : Restarting due to 1 class path change (0 additions, 0 deletions, 1 modification)
2023-03-31T14:33:26.004+05:30  INFO 2904 --- [Thread-19] o.apache.catalina.core.StandardService   : Stopping service [Tomcat]
2023-03-31T14:33:26.005+05:30  INFO 2904 --- [Thread-19] o.a.c.c.C.[Tomcat].[localhost].[/]       : Destroying Spring FrameworkServlet 'dispatcherServlet'
2023-03-31T14:33:26.009+05:30  INFO 2904 --- [Thread-19] o.s.c.c.s.ConsulServiceRegistry          : Deregistering service with consul: g3-patient-health-records-service-9005
2023-03-31T14:33:26.020+05:30  INFO 2904 --- [Thread-19] j.LocalContainerEntityManagerFactoryBean : Closing JPA EntityManagerFactory for persistence unit 'default'
2023-03-31T14:33:26.021+05:30  INFO 2904 --- [Thread-19] com.zaxxer.hikari.HikariDataSource       : HikariPool-4 - Shutdown initiated...
2023-03-31T14:33:26.025+05:30  INFO 2904 --- [Thread-19] com.zaxxer.hikari.HikariDataSource       : HikariPool-4 - Shutdown completed.
2023-03-31T14:33:26.211+05:30  INFO 2904 --- [restartedMain] .a.PatientHealthRecordServiceApplication : Starting PatientHealthRecordServiceApplication using Java 17.0.6 with PID 2904 (C:\Users\prath\OneDrive\Desktop\PMS-Merge\admin-backend-main\g3-patient-health-record-service\target\classes started by prath in C:\Users\prath\OneDrive\Desktop\PMS-Merge\admin-backend-main\g3-patient-health-record-service)
2023-03-31T14:33:26.212+05:30  INFO 2904 --- [restartedMain] .a.PatientHealthRecordServiceApplication : No active profile set, falling back to 1 default profile: "default"
2023-03-31T14:33:26.503+05:30  INFO 2904 --- [restartedMain] .s.d.r.c.RepositoryConfigurationDelegate : Bootstrapping Spring Data JPA repositories in DEFAULT mode.
2023-03-31T14:33:26.520+05:30  INFO 2904 --- [restartedMain] .s.d.r.c.RepositoryConfigurationDelegate : Finished Spring Data repository scanning in 16 ms. Found 6 JPA repository interfaces.
2023-03-31T14:33:26.587+05:30  INFO 2904 --- [restartedMain] o.s.cloud.context.scope.GenericScope     : BeanFactory id=b6082c96-2476-32e5-884b-1089b210f1da
2023-03-31T14:33:26.604+05:30  INFO 2904 --- [restartedMain] trationDelegate$BeanPostProcessorChecker : Bean 'org.springframework.ws.config.annotation.DelegatingWsConfiguration' of type [org.springframework.ws.config.annotation.DelegatingWsConfiguration$$SpringCGLIB$$0] is not eligible for getting processed by all BeanPostProcessors (for example: not eligible for auto-proxying)
2023-03-31T14:33:26.605+05:30  INFO 2904 --- [restartedMain] .w.s.a.s.AnnotationActionEndpointMapping : Supporting [WS-Addressing August 2004, WS-Addressing 1.0]
2023-03-31T14:33:26.648+05:30  INFO 2904 --- [restartedMain] o.s.b.w.embedded.tomcat.TomcatWebServer  : Tomcat initialized with port(s): 9005 (http)
2023-03-31T14:33:26.649+05:30  INFO 2904 --- [restartedMain] o.apache.catalina.core.StandardService   : Starting service [Tomcat]
2023-03-31T14:33:26.649+05:30  INFO 2904 --- [restartedMain] o.apache.catalina.core.StandardEngine    : Starting Servlet engine: [Apache Tomcat/10.1.5]
2023-03-31T14:33:26.671+05:30  INFO 2904 --- [restartedMain] o.a.c.c.C.[Tomcat].[localhost].[/]       : Initializing Spring embedded WebApplicationContext
2023-03-31T14:33:26.672+05:30  INFO 2904 --- [restartedMain] w.s.c.ServletWebServerApplicationContext : Root WebApplicationContext: initialization completed in 459 ms
2023-03-31T14:33:26.735+05:30  INFO 2904 --- [restartedMain] o.hibernate.jpa.internal.util.LogHelper  : HHH000204: Processing PersistenceUnitInfo [name: default]
2023-03-31T14:33:26.740+05:30  INFO 2904 --- [restartedMain] com.zaxxer.hikari.HikariDataSource       : HikariPool-5 - Starting...
2023-03-31T14:33:26.744+05:30  INFO 2904 --- [restartedMain] com.zaxxer.hikari.pool.HikariPool        : HikariPool-5 - Added connection com.mysql.cj.jdbc.ConnectionImpl@1055a9d9
2023-03-31T14:33:26.744+05:30  INFO 2904 --- [restartedMain] com.zaxxer.hikari.HikariDataSource       : HikariPool-5 - Start completed.
2023-03-31T14:33:26.747+05:30  INFO 2904 --- [restartedMain] SQL dialect                              : HHH000400: Using dialect: org.hibernate.dialect.MySQLDialect
2023-03-31T14:33:26.822+05:30  INFO 2904 --- [restartedMain] o.h.e.t.j.p.i.JtaPlatformInitiator       : HHH000490: Using JtaPlatform implementation: [org.hibernate.engine.transaction.jta.platform.internal.NoJtaPlatform]
2023-03-31T14:33:26.822+05:30  INFO 2904 --- [restartedMain] j.LocalContainerEntityManagerFactoryBean : Initialized JPA EntityManagerFactory for persistence unit 'default'
2023-03-31T14:33:26.970+05:30  WARN 2904 --- [restartedMain] JpaBaseConfiguration$JpaWebConfiguration : spring.jpa.open-in-view is enabled by default. Therefore, database queries may be performed during view rendering. Explicitly configure spring.jpa.open-in-view to disable this warning
2023-03-31T14:33:27.543+05:30  WARN 2904 --- [restartedMain] o.s.b.d.a.OptionalLiveReloadServer       : Unable to start LiveReload server
2023-03-31T14:33:27.629+05:30  WARN 2904 --- [restartedMain] iguration$LoadBalancerCaffeineWarnLogger : Spring Cloud LoadBalancer is currently working with the default cache. While this cache implementation is useful for development and tests, it's recommended to use Caffeine cache in production.You can switch to using Caffeine cache, by adding it and org.springframework.cache.caffeine.CaffeineCacheManager to the classpath.
2023-03-31T14:33:27.631+05:30  INFO 2904 --- [restartedMain] o.s.b.a.e.web.EndpointLinksResolver      : Exposing 1 endpoint(s) beneath base path '/actuator'
2023-03-31T14:33:27.662+05:30  INFO 2904 --- [restartedMain] o.s.b.w.embedded.tomcat.TomcatWebServer  : Tomcat started on port(s): 9005 (http) with context path ''
2023-03-31T14:33:27.663+05:30  INFO 2904 --- [restartedMain] o.s.c.c.s.ConsulServiceRegistry          : Registering service with consul: NewService{id='g3-patient-health-records-service-9005', name='g3-patient-health-records-service', tags=[], address='PRATHAMESH', meta={secure=false}, port=9005, enableTagOverride=null, check=Check{script='null', dockerContainerID='null', shell='null', interval='10s', ttl='null', http='http://PRATHAMESH:9005/actuator/health', method='null', header={}, tcp='null', timeout='null', deregisterCriticalServiceAfter='null', tlsSkipVerify=null, status='null', grpc='null', grpcUseTLS=null}, checks=null}
2023-03-31T14:33:27.742+05:30  INFO 2904 --- [restartedMain] .a.PatientHealthRecordServiceApplication : Started PatientHealthRecordServiceApplication in 1.642 seconds (process running for 22240.268)
2023-03-31T14:33:27.744+05:30  INFO 2904 --- [restartedMain] .ConditionEvaluationDeltaLoggingListener : Condition evaluation unchanged
2023-03-31T14:33:36.097+05:30  INFO 2904 --- [http-nio-9005-exec-1] o.a.c.c.C.[Tomcat].[localhost].[/]       : Initializing Spring DispatcherServlet 'dispatcherServlet'
2023-03-31T14:33:36.097+05:30  INFO 2904 --- [http-nio-9005-exec-1] o.s.web.servlet.DispatcherServlet        : Initializing Servlet 'dispatcherServlet'
2023-03-31T14:33:36.099+05:30  INFO 2904 --- [http-nio-9005-exec-1] o.s.web.servlet.DispatcherServlet        : Completed initialization in 2 ms
2023-03-31T14:33:43.217+05:30  INFO 2904 --- [File Watcher] rtingClassPathChangeChangedEventListener : Restarting due to 1 class path change (0 additions, 0 deletions, 1 modification)
2023-03-31T14:33:43.232+05:30  INFO 2904 --- [Thread-25] o.apache.catalina.core.StandardService   : Stopping service [Tomcat]
2023-03-31T14:33:43.232+05:30  INFO 2904 --- [Thread-25] o.a.c.c.C.[Tomcat].[localhost].[/]       : Destroying Spring FrameworkServlet 'dispatcherServlet'
2023-03-31T14:33:43.236+05:30  INFO 2904 --- [Thread-25] o.s.c.c.s.ConsulServiceRegistry          : Deregistering service with consul: g3-patient-health-records-service-9005
2023-03-31T14:33:43.252+05:30  INFO 2904 --- [Thread-25] j.LocalContainerEntityManagerFactoryBean : Closing JPA EntityManagerFactory for persistence unit 'default'
2023-03-31T14:33:43.253+05:30  INFO 2904 --- [Thread-25] com.zaxxer.hikari.HikariDataSource       : HikariPool-5 - Shutdown initiated...
2023-03-31T14:33:43.257+05:30  INFO 2904 --- [Thread-25] com.zaxxer.hikari.HikariDataSource       : HikariPool-5 - Shutdown completed.
2023-03-31T14:33:43.502+05:30  INFO 2904 --- [restartedMain] .a.PatientHealthRecordServiceApplication : Starting PatientHealthRecordServiceApplication using Java 17.0.6 with PID 2904 (C:\Users\prath\OneDrive\Desktop\PMS-Merge\admin-backend-main\g3-patient-health-record-service\target\classes started by prath in C:\Users\prath\OneDrive\Desktop\PMS-Merge\admin-backend-main\g3-patient-health-record-service)
2023-03-31T14:33:43.502+05:30  INFO 2904 --- [restartedMain] .a.PatientHealthRecordServiceApplication : No active profile set, falling back to 1 default profile: "default"
2023-03-31T14:33:43.824+05:30  INFO 2904 --- [restartedMain] .s.d.r.c.RepositoryConfigurationDelegate : Bootstrapping Spring Data JPA repositories in DEFAULT mode.
2023-03-31T14:33:43.840+05:30  INFO 2904 --- [restartedMain] .s.d.r.c.RepositoryConfigurationDelegate : Finished Spring Data repository scanning in 15 ms. Found 6 JPA repository interfaces.
2023-03-31T14:33:43.936+05:30  INFO 2904 --- [restartedMain] o.s.cloud.context.scope.GenericScope     : BeanFactory id=b6082c96-2476-32e5-884b-1089b210f1da
2023-03-31T14:33:43.966+05:30  INFO 2904 --- [restartedMain] trationDelegate$BeanPostProcessorChecker : Bean 'org.springframework.ws.config.annotation.DelegatingWsConfiguration' of type [org.springframework.ws.config.annotation.DelegatingWsConfiguration$$SpringCGLIB$$0] is not eligible for getting processed by all BeanPostProcessors (for example: not eligible for auto-proxying)
2023-03-31T14:33:43.967+05:30  INFO 2904 --- [restartedMain] .w.s.a.s.AnnotationActionEndpointMapping : Supporting [WS-Addressing August 2004, WS-Addressing 1.0]
2023-03-31T14:33:44.025+05:30  INFO 2904 --- [restartedMain] o.s.b.w.embedded.tomcat.TomcatWebServer  : Tomcat initialized with port(s): 9005 (http)
2023-03-31T14:33:44.026+05:30  INFO 2904 --- [restartedMain] o.apache.catalina.core.StandardService   : Starting service [Tomcat]
2023-03-31T14:33:44.026+05:30  INFO 2904 --- [restartedMain] o.apache.catalina.core.StandardEngine    : Starting Servlet engine: [Apache Tomcat/10.1.5]
2023-03-31T14:33:44.053+05:30  INFO 2904 --- [restartedMain] o.a.c.c.C.[Tomcat].[localhost].[/]       : Initializing Spring embedded WebApplicationContext
2023-03-31T14:33:44.053+05:30  INFO 2904 --- [restartedMain] w.s.c.ServletWebServerApplicationContext : Root WebApplicationContext: initialization completed in 549 ms
2023-03-31T14:33:44.117+05:30  INFO 2904 --- [restartedMain] o.hibernate.jpa.internal.util.LogHelper  : HHH000204: Processing PersistenceUnitInfo [name: default]
2023-03-31T14:33:44.124+05:30  INFO 2904 --- [restartedMain] com.zaxxer.hikari.HikariDataSource       : HikariPool-6 - Starting...
2023-03-31T14:33:44.131+05:30  INFO 2904 --- [restartedMain] com.zaxxer.hikari.pool.HikariPool        : HikariPool-6 - Added connection com.mysql.cj.jdbc.ConnectionImpl@2e36f2d4
2023-03-31T14:33:44.132+05:30  INFO 2904 --- [restartedMain] com.zaxxer.hikari.HikariDataSource       : HikariPool-6 - Start completed.
2023-03-31T14:33:44.133+05:30  INFO 2904 --- [restartedMain] SQL dialect                              : HHH000400: Using dialect: org.hibernate.dialect.MySQLDialect
2023-03-31T14:33:44.217+05:30  INFO 2904 --- [restartedMain] o.h.e.t.j.p.i.JtaPlatformInitiator       : HHH000490: Using JtaPlatform implementation: [org.hibernate.engine.transaction.jta.platform.internal.NoJtaPlatform]
2023-03-31T14:33:44.217+05:30  INFO 2904 --- [restartedMain] j.LocalContainerEntityManagerFactoryBean : Initialized JPA EntityManagerFactory for persistence unit 'default'
2023-03-31T14:33:44.384+05:30  WARN 2904 --- [restartedMain] JpaBaseConfiguration$JpaWebConfiguration : spring.jpa.open-in-view is enabled by default. Therefore, database queries may be performed during view rendering. Explicitly configure spring.jpa.open-in-view to disable this warning
2023-03-31T14:33:45.027+05:30  WARN 2904 --- [restartedMain] o.s.b.d.a.OptionalLiveReloadServer       : Unable to start LiveReload server
2023-03-31T14:33:45.311+05:30  WARN 2904 --- [restartedMain] iguration$LoadBalancerCaffeineWarnLogger : Spring Cloud LoadBalancer is currently working with the default cache. While this cache implementation is useful for development and tests, it's recommended to use Caffeine cache in production.You can switch to using Caffeine cache, by adding it and org.springframework.cache.caffeine.CaffeineCacheManager to the classpath.
2023-03-31T14:33:45.314+05:30  INFO 2904 --- [restartedMain] o.s.b.a.e.web.EndpointLinksResolver      : Exposing 1 endpoint(s) beneath base path '/actuator'
2023-03-31T14:33:45.366+05:30  INFO 2904 --- [restartedMain] o.s.b.w.embedded.tomcat.TomcatWebServer  : Tomcat started on port(s): 9005 (http) with context path ''
2023-03-31T14:33:45.371+05:30  INFO 2904 --- [restartedMain] o.s.c.c.s.ConsulServiceRegistry          : Registering service with consul: NewService{id='g3-patient-health-records-service-9005', name='g3-patient-health-records-service', tags=[], address='PRATHAMESH', meta={secure=false}, port=9005, enableTagOverride=null, check=Check{script='null', dockerContainerID='null', shell='null', interval='10s', ttl='null', http='http://PRATHAMESH:9005/actuator/health', method='null', header={}, tcp='null', timeout='null', deregisterCriticalServiceAfter='null', tlsSkipVerify=null, status='null', grpc='null', grpcUseTLS=null}, checks=null}
2023-03-31T14:33:45.472+05:30  INFO 2904 --- [restartedMain] .a.PatientHealthRecordServiceApplication : Started PatientHealthRecordServiceApplication in 2.133 seconds (process running for 22257.999)
2023-03-31T14:33:45.476+05:30  INFO 2904 --- [restartedMain] .ConditionEvaluationDeltaLoggingListener : Condition evaluation unchanged
2023-03-31T14:33:51.552+05:30  INFO 2904 --- [http-nio-9005-exec-1] o.a.c.c.C.[Tomcat].[localhost].[/]       : Initializing Spring DispatcherServlet 'dispatcherServlet'
2023-03-31T14:33:51.553+05:30  INFO 2904 --- [http-nio-9005-exec-1] o.s.web.servlet.DispatcherServlet        : Initializing Servlet 'dispatcherServlet'
2023-03-31T14:33:51.555+05:30  INFO 2904 --- [http-nio-9005-exec-1] o.s.web.servlet.DispatcherServlet        : Completed initialization in 2 ms
2023-03-31T15:40:48.244+05:30  INFO 2904 --- [http-nio-9005-exec-2] c.c.a.c.PatientHealthRecordController    : Visit details fetched by patientId successfully
2023-03-31T15:40:50.370+05:30  INFO 2904 --- [http-nio-9005-exec-3] c.c.a.c.PatientHealthRecordController    : Visit details fetched by patientId successfully
2023-03-31T15:40:58.809+05:30  INFO 2904 --- [http-nio-9005-exec-1] c.c.a.c.PatientHealthRecordController    : Visit details fetched by patientId successfully
2023-03-31T15:41:00.246+05:30  INFO 2904 --- [http-nio-9005-exec-7] c.c.a.c.PatientHealthRecordController    : Visit details fetched by patientId successfully
2023-03-31T15:41:02.117+05:30  INFO 2904 --- [http-nio-9005-exec-6] c.c.a.c.PatientHealthRecordController    : Visit details fetched by patientId successfully
2023-03-31T15:43:01.079+05:30  INFO 2904 --- [http-nio-9005-exec-1] c.c.a.c.PatientHealthRecordController    : Added nurses from Auth0 successfully
2023-03-31T15:43:02.403+05:30  WARN 2904 --- [http-nio-9005-exec-1] u.s.o.a.h.c.p.ResponseProcessCookies     : Invalid cookie header: "Set-Cookie: did=s%3Av0%3A9ebdb230-cfac-11ed-a77f-55ea12de0427.Mv8eGEDTM8kDRcfT7OLlaIyFqIgMVRFz8A6aqgZENFw; Max-Age=31557600; Path=/; Expires=Sat, 30 Mar 2024 16:13:02 GMT; HttpOnly; Secure; SameSite=None". Invalid 'expires' attribute: Sat, 30 Mar 2024 16:13:02 GMT
2023-03-31T15:43:02.404+05:30  WARN 2904 --- [http-nio-9005-exec-1] u.s.o.a.h.c.p.ResponseProcessCookies     : Invalid cookie header: "Set-Cookie: did_compat=s%3Av0%3A9ebdb230-cfac-11ed-a77f-55ea12de0427.Mv8eGEDTM8kDRcfT7OLlaIyFqIgMVRFz8A6aqgZENFw; Max-Age=31557600; Path=/; Expires=Sat, 30 Mar 2024 16:13:02 GMT; HttpOnly; Secure". Invalid 'expires' attribute: Sat, 30 Mar 2024 16:13:02 GMT
2023-03-31T15:46:14.041+05:30  INFO 2904 --- [http-nio-9005-exec-8] c.c.a.c.PatientHealthRecordController    : Visit details fetched by patientId successfully
2023-03-31T15:56:55.947+05:30  INFO 2904 --- [http-nio-9005-exec-10] c.c.a.c.PatientHealthRecordController    : Added admins in the admin table from auth0 successfully
2023-03-31T15:56:55.947+05:30  INFO 2904 --- [http-nio-9005-exec-1] c.c.a.c.PatientHealthRecordController    : Added nurses from Auth0 successfully
2023-03-31T15:56:57.537+05:30  WARN 2904 --- [http-nio-9005-exec-10] u.s.o.a.h.c.p.ResponseProcessCookies     : Invalid cookie header: "Set-Cookie: did=s%3Av0%3A9083a880-cfae-11ed-b5e7-d94a29d219e2.5aeDV98BFau96ZwsEVNrtKMEG5eCXZc48EwT3%2Bo5xgU; Max-Age=31557600; Path=/; Expires=Sat, 30 Mar 2024 16:26:57 GMT; HttpOnly; Secure; SameSite=None". Invalid 'expires' attribute: Sat, 30 Mar 2024 16:26:57 GMT
2023-03-31T15:56:57.538+05:30  WARN 2904 --- [http-nio-9005-exec-10] u.s.o.a.h.c.p.ResponseProcessCookies     : Invalid cookie header: "Set-Cookie: did_compat=s%3Av0%3A9083a880-cfae-11ed-b5e7-d94a29d219e2.5aeDV98BFau96ZwsEVNrtKMEG5eCXZc48EwT3%2Bo5xgU; Max-Age=31557600; Path=/; Expires=Sat, 30 Mar 2024 16:26:57 GMT; HttpOnly; Secure". Invalid 'expires' attribute: Sat, 30 Mar 2024 16:26:57 GMT
2023-03-31T15:56:57.546+05:30  WARN 2904 --- [http-nio-9005-exec-1] u.s.o.a.h.c.p.ResponseProcessCookies     : Invalid cookie header: "Set-Cookie: did=s%3Av0%3A908cd040-cfae-11ed-968c-57475c452a6a.JdzX9RN07h7zUgLYTYK3b61B3J6CHtDKAlGF5QMCo%2FY; Max-Age=31557600; Path=/; Expires=Sat, 30 Mar 2024 16:26:57 GMT; HttpOnly; Secure; SameSite=None". Invalid 'expires' attribute: Sat, 30 Mar 2024 16:26:57 GMT
2023-03-31T15:56:57.548+05:30  WARN 2904 --- [http-nio-9005-exec-1] u.s.o.a.h.c.p.ResponseProcessCookies     : Invalid cookie header: "Set-Cookie: did_compat=s%3Av0%3A908cd040-cfae-11ed-968c-57475c452a6a.JdzX9RN07h7zUgLYTYK3b61B3J6CHtDKAlGF5QMCo%2FY; Max-Age=31557600; Path=/; Expires=Sat, 30 Mar 2024 16:26:57 GMT; HttpOnly; Secure". Invalid 'expires' attribute: Sat, 30 Mar 2024 16:26:57 GMT
2023-03-31T16:05:24.581+05:30  INFO 2904 --- [http-nio-9005-exec-2] c.c.a.c.PatientHealthRecordController    : Fetched all the nurse list
2023-03-31T16:05:27.996+05:30  INFO 2904 --- [http-nio-9005-exec-3] c.c.a.c.PatientHealthRecordController    : Fectching admin list from the table successfully
2023-03-31T16:10:25.031+05:30  INFO 2904 --- [http-nio-9005-exec-1] c.c.a.c.PatientHealthRecordController    : Visit details fetched by patientId successfully
2023-03-31T16:10:31.558+05:30  INFO 2904 --- [http-nio-9005-exec-6] c.c.a.c.PatientHealthRecordController    : Visit details fetched by patientId successfully
2023-03-31T16:14:22.438+05:30  INFO 2904 --- [http-nio-9005-exec-10] c.c.a.c.PatientHealthRecordController    : Visit details fetched by patientId successfully
2023-03-31T16:18:05.205+05:30  INFO 2904 --- [http-nio-9005-exec-7] c.c.a.c.PatientHealthRecordController    : Added admins in the admin table from auth0 successfully
2023-03-31T16:18:05.205+05:30  INFO 2904 --- [http-nio-9005-exec-2] c.c.a.c.PatientHealthRecordController    : Added nurses from Auth0 successfully
2023-03-31T16:18:06.087+05:30  WARN 2904 --- [http-nio-9005-exec-7] u.s.o.a.h.c.p.ResponseProcessCookies     : Invalid cookie header: "Set-Cookie: did=s%3Av0%3A8491ebb0-cfb1-11ed-a77f-55ea12de0427.ILMwqu96O%2BXfh22%2FDDDLafLszpOXYfc8WI6njXIs0%2B4; Max-Age=31557600; Path=/; Expires=Sat, 30 Mar 2024 16:48:05 GMT; HttpOnly; Secure; SameSite=None". Invalid 'expires' attribute: Sat, 30 Mar 2024 16:48:05 GMT
2023-03-31T16:18:06.097+05:30  WARN 2904 --- [http-nio-9005-exec-7] u.s.o.a.h.c.p.ResponseProcessCookies     : Invalid cookie header: "Set-Cookie: did_compat=s%3Av0%3A8491ebb0-cfb1-11ed-a77f-55ea12de0427.ILMwqu96O%2BXfh22%2FDDDLafLszpOXYfc8WI6njXIs0%2B4; Max-Age=31557600; Path=/; Expires=Sat, 30 Mar 2024 16:48:05 GMT; HttpOnly; Secure". Invalid 'expires' attribute: Sat, 30 Mar 2024 16:48:05 GMT
2023-03-31T16:18:06.130+05:30  WARN 2904 --- [http-nio-9005-exec-2] u.s.o.a.h.c.p.ResponseProcessCookies     : Invalid cookie header: "Set-Cookie: did=s%3Av0%3A84a9b970-cfb1-11ed-ade7-4f44b3aabacb.aidwZQbtc7cCDiq3spvkchYNpNBMV%2BSQsiEXU36Ixak; Max-Age=31557600; Path=/; Expires=Sat, 30 Mar 2024 16:48:06 GMT; HttpOnly; Secure; SameSite=None". Invalid 'expires' attribute: Sat, 30 Mar 2024 16:48:06 GMT
2023-03-31T16:18:06.138+05:30  WARN 2904 --- [http-nio-9005-exec-2] u.s.o.a.h.c.p.ResponseProcessCookies     : Invalid cookie header: "Set-Cookie: did_compat=s%3Av0%3A84a9b970-cfb1-11ed-ade7-4f44b3aabacb.aidwZQbtc7cCDiq3spvkchYNpNBMV%2BSQsiEXU36Ixak; Max-Age=31557600; Path=/; Expires=Sat, 30 Mar 2024 16:48:06 GMT; HttpOnly; Secure". Invalid 'expires' attribute: Sat, 30 Mar 2024 16:48:06 GMT
2023-03-31T16:18:33.430+05:30  INFO 2904 --- [http-nio-9005-exec-1] c.c.a.c.PatientHealthRecordController    : Visit details fetched by patientId successfully
2023-03-31T16:18:58.128+05:30  INFO 2904 --- [http-nio-9005-exec-7] c.c.a.c.PatientHealthRecordController    : Visit details fetched by patientId successfully
2023-03-31T16:24:59.555+05:30  INFO 2904 --- [http-nio-9005-exec-4] c.c.a.c.PatientHealthRecordController    : Added nurses from Auth0 successfully
2023-03-31T16:25:00.130+05:30  WARN 2904 --- [http-nio-9005-exec-4] u.s.o.a.h.c.p.ResponseProcessCookies     : Invalid cookie header: "Set-Cookie: did=s%3Av0%3A7b6e06d0-cfb2-11ed-9a23-0351c6337e6a.MjQB1Wd0Rl2UhFymL9NepFdp%2FDXSlHDJUQi%2BHJ7N2KA; Max-Age=31557600; Path=/; Expires=Sat, 30 Mar 2024 16:55:00 GMT; HttpOnly; Secure; SameSite=None". Invalid 'expires' attribute: Sat, 30 Mar 2024 16:55:00 GMT
2023-03-31T16:25:00.132+05:30  WARN 2904 --- [http-nio-9005-exec-4] u.s.o.a.h.c.p.ResponseProcessCookies     : Invalid cookie header: "Set-Cookie: did_compat=s%3Av0%3A7b6e06d0-cfb2-11ed-9a23-0351c6337e6a.MjQB1Wd0Rl2UhFymL9NepFdp%2FDXSlHDJUQi%2BHJ7N2KA; Max-Age=31557600; Path=/; Expires=Sat, 30 Mar 2024 16:55:00 GMT; HttpOnly; Secure". Invalid 'expires' attribute: Sat, 30 Mar 2024 16:55:00 GMT
2023-03-31T16:32:52.567+05:30  INFO 2904 --- [http-nio-9005-exec-4] c.c.a.c.PatientHealthRecordController    : Added nurses from Auth0 successfully
2023-03-31T16:32:54.339+05:30  WARN 2904 --- [http-nio-9005-exec-4] u.s.o.a.h.c.p.ResponseProcessCookies     : Invalid cookie header: "Set-Cookie: did=s%3Av0%3A96115f90-cfb3-11ed-bcfa-0973359c9128.ZXhJoPhiNazfFEcpjlzyKWuMIeFm8iPambZGFEn7%2FtA; Max-Age=31557600; Path=/; Expires=Sat, 30 Mar 2024 17:02:54 GMT; HttpOnly; Secure; SameSite=None". Invalid 'expires' attribute: Sat, 30 Mar 2024 17:02:54 GMT
2023-03-31T16:32:54.341+05:30  WARN 2904 --- [http-nio-9005-exec-4] u.s.o.a.h.c.p.ResponseProcessCookies     : Invalid cookie header: "Set-Cookie: did_compat=s%3Av0%3A96115f90-cfb3-11ed-bcfa-0973359c9128.ZXhJoPhiNazfFEcpjlzyKWuMIeFm8iPambZGFEn7%2FtA; Max-Age=31557600; Path=/; Expires=Sat, 30 Mar 2024 17:02:54 GMT; HttpOnly; Secure". Invalid 'expires' attribute: Sat, 30 Mar 2024 17:02:54 GMT
2023-03-31T16:33:33.406+05:30  WARN 2904 --- [http-nio-9005-exec-10] .m.m.a.ExceptionHandlerExceptionResolver : Resolved [com.capstone.application.exception.PatientHealthException: No patient found with patient Id 2]
2023-03-31T16:35:24.654+05:30  INFO 2904 --- [http-nio-9005-exec-1] c.c.a.c.PatientHealthRecordController    : Visit details fetched by patientId successfully
2023-03-31T16:35:28.091+05:30  INFO 2904 --- [http-nio-9005-exec-9] c.c.a.c.PatientHealthRecordController    : Visit details fetched by patientId successfully
2023-03-31T16:35:56.732+05:30  WARN 2904 --- [http-nio-9005-exec-2] .m.m.a.ExceptionHandlerExceptionResolver : Resolved [com.capstone.application.exception.PatientHealthException: No patient found with patient Id 2]
2023-03-31T16:36:25.149+05:30  INFO 2904 --- [http-nio-9005-exec-7] c.c.a.c.PatientHealthRecordController    : Patient health record submitted successfully
2023-03-31T16:36:25.155+05:30  INFO 2904 --- [http-nio-9005-exec-7] c.c.a.c.PatientHealthRecordController    : null
2023-03-31T16:36:25.159+05:30  INFO 2904 --- [http-nio-9005-exec-7] .c.a.s.i.PatientHealthRecordsServiceImpl : Created visit details successfully
2023-03-31T16:39:28.211+05:30  INFO 2904 --- [http-nio-9005-exec-4] c.c.a.c.PatientHealthRecordController    : Visit details fetched by patientId successfully
2023-03-31T16:39:34.063+05:30  INFO 2904 --- [http-nio-9005-exec-1] c.c.a.c.PatientHealthRecordController    : Visit details fetched by patientId successfully
2023-03-31T16:39:56.358+05:30  WARN 2904 --- [http-nio-9005-exec-4] .m.m.a.ExceptionHandlerExceptionResolver : Resolved [com.capstone.application.exception.PatientHealthException: No patient found with patient Id 4]
2023-03-31T16:40:01.649+05:30  WARN 2904 --- [http-nio-9005-exec-1] .m.m.a.ExceptionHandlerExceptionResolver : Resolved [com.capstone.application.exception.PatientHealthException: No patient found with patient Id 4]
2023-03-31T16:40:36.068+05:30  INFO 2904 --- [http-nio-9005-exec-8] c.c.a.c.PatientHealthRecordController    : Visit details fetched by patientId successfully
2023-03-31T16:40:48.881+05:30  WARN 2904 --- [http-nio-9005-exec-8] .m.m.a.ExceptionHandlerExceptionResolver : Resolved [com.capstone.application.exception.PatientHealthException: No patient found with patient Id 4]
2023-03-31T16:42:05.245+05:30  INFO 2904 --- [http-nio-9005-exec-6] c.c.a.c.PatientHealthRecordController    : Visit details fetched by patientId successfully
2023-03-31T16:42:54.329+05:30  WARN 2904 --- [http-nio-9005-exec-1] .m.m.a.ExceptionHandlerExceptionResolver : Resolved [com.capstone.application.exception.PatientHealthException: No patient found with patient Id 4]
2023-03-31T16:55:42.533+05:30  INFO 2904 --- [http-nio-9005-exec-1] c.c.a.c.PatientHealthRecordController    : Visit details fetched by patientId successfully
2023-03-31T16:58:06.068+05:30  INFO 2904 --- [http-nio-9005-exec-1] c.c.a.c.PatientHealthRecordController    : Visit details fetched by patientId successfully
2023-03-31T16:58:18.275+05:30  INFO 2904 --- [http-nio-9005-exec-10] c.c.a.c.PatientHealthRecordController    : Visit details fetched by patientId successfully
2023-03-31T17:49:04.183+05:30  INFO 2904 --- [http-nio-9005-exec-3] c.c.a.c.PatientHealthRecordController    : Visit details fetched by patientId successfully
2023-03-31T19:23:03.884+05:30  WARN 2904 --- [HikariPool-6 housekeeper] com.zaxxer.hikari.pool.HikariPool        : HikariPool-6 - Thread starvation or clock leap detected (housekeeper delta=9m45s164ms27µs200ns).
2023-03-31T21:32:36.697+05:30  WARN 2904 --- [HikariPool-6 housekeeper] com.zaxxer.hikari.pool.HikariPool        : HikariPool-6 - Thread starvation or clock leap detected (housekeeper delta=1h48m31s619ms556µs500ns).
2023-03-31T21:36:57.843+05:30  INFO 2904 --- [RMI TCP Connection(698)-127.0.0.1] inMXBeanRegistrar$SpringApplicationAdmin : Application shutdown requested.
2023-03-31T21:36:57.974+05:30  INFO 2904 --- [RMI TCP Connection(699)-127.0.0.1] inMXBeanRegistrar$SpringApplicationAdmin : Application shutdown requested.
2023-03-31T21:36:58.061+05:30  INFO 2904 --- [RMI TCP Connection(698)-127.0.0.1] o.apache.catalina.core.StandardService   : Stopping service [Tomcat]
2023-03-31T21:36:58.074+05:30  INFO 2904 --- [RMI TCP Connection(698)-127.0.0.1] o.a.c.c.C.[Tomcat].[localhost].[/]       : Destroying Spring FrameworkServlet 'dispatcherServlet'
2023-03-31T21:36:58.153+05:30  INFO 2904 --- [RMI TCP Connection(700)-127.0.0.1] inMXBeanRegistrar$SpringApplicationAdmin : Application shutdown requested.
2023-03-31T21:36:58.204+05:30  WARN 2904 --- [RMI TCP Connection(698)-127.0.0.1] o.a.c.loader.WebappClassLoaderBase       : The web application [ROOT] appears to have started a thread named [Connection evictor] but has failed to stop it. This is very likely to create a memory leak. Stack trace of thread:
 java.base@17.0.6/java.lang.Thread.sleep(Native Method)
 app//unirest.shaded.org.apache.http.impl.client.IdleConnectionEvictor$1.run(IdleConnectionEvictor.java:66)
 java.base@17.0.6/java.lang.Thread.run(Thread.java:833)
2023-03-31T21:36:58.243+05:30  INFO 2904 --- [RMI TCP Connection(698)-127.0.0.1] o.s.c.c.s.ConsulServiceRegistry          : Deregistering service with consul: g3-patient-health-records-service-9005
2023-03-31T21:36:58.307+05:30  INFO 2904 --- [RMI TCP Connection(698)-127.0.0.1] j.LocalContainerEntityManagerFactoryBean : Closing JPA EntityManagerFactory for persistence unit 'default'
2023-03-31T21:36:58.360+05:30  INFO 2904 --- [RMI TCP Connection(698)-127.0.0.1] com.zaxxer.hikari.HikariDataSource       : HikariPool-6 - Shutdown initiated...
2023-03-31T21:36:58.375+05:30  INFO 2904 --- [RMI TCP Connection(698)-127.0.0.1] com.zaxxer.hikari.HikariDataSource       : HikariPool-6 - Shutdown completed.
2023-03-31T21:50:36.362+05:30  INFO 21796 --- [restartedMain] .a.PatientHealthRecordServiceApplication : Starting PatientHealthRecordServiceApplication using Java 17.0.6 with PID 21796 (C:\Users\prath\OneDrive\Desktop\PMS-Merge\admin-backend-main\g3-patient-health-record-service\target\classes started by prath in C:\Users\prath\OneDrive\Desktop\PMS-Merge\admin-backend-main\g3-patient-health-record-service)
2023-03-31T21:50:36.364+05:30  INFO 21796 --- [restartedMain] .a.PatientHealthRecordServiceApplication : No active profile set, falling back to 1 default profile: "default"
2023-03-31T21:50:36.409+05:30  INFO 21796 --- [restartedMain] .e.DevToolsPropertyDefaultsPostProcessor : Devtools property defaults active! Set 'spring.devtools.add-properties' to 'false' to disable
2023-03-31T21:50:36.409+05:30  INFO 21796 --- [restartedMain] .e.DevToolsPropertyDefaultsPostProcessor : For additional web related logging consider setting the 'logging.level.web' property to 'DEBUG'
2023-03-31T21:50:37.466+05:30  INFO 21796 --- [restartedMain] .s.d.r.c.RepositoryConfigurationDelegate : Bootstrapping Spring Data JPA repositories in DEFAULT mode.
2023-03-31T21:50:37.595+05:30  INFO 21796 --- [restartedMain] .s.d.r.c.RepositoryConfigurationDelegate : Finished Spring Data repository scanning in 122 ms. Found 6 JPA repository interfaces.
2023-03-31T21:50:37.831+05:30  INFO 21796 --- [restartedMain] o.s.cloud.context.scope.GenericScope     : BeanFactory id=b6082c96-2476-32e5-884b-1089b210f1da
2023-03-31T21:50:37.926+05:30  INFO 21796 --- [restartedMain] trationDelegate$BeanPostProcessorChecker : Bean 'org.springframework.ws.config.annotation.DelegatingWsConfiguration' of type [org.springframework.ws.config.annotation.DelegatingWsConfiguration$$SpringCGLIB$$0] is not eligible for getting processed by all BeanPostProcessors (for example: not eligible for auto-proxying)
2023-03-31T21:50:37.975+05:30  INFO 21796 --- [restartedMain] .w.s.a.s.AnnotationActionEndpointMapping : Supporting [WS-Addressing August 2004, WS-Addressing 1.0]
2023-03-31T21:50:38.425+05:30  INFO 21796 --- [restartedMain] o.s.b.w.embedded.tomcat.TomcatWebServer  : Tomcat initialized with port(s): 9005 (http)
2023-03-31T21:50:38.435+05:30  INFO 21796 --- [restartedMain] o.apache.catalina.core.StandardService   : Starting service [Tomcat]
2023-03-31T21:50:38.436+05:30  INFO 21796 --- [restartedMain] o.apache.catalina.core.StandardEngine    : Starting Servlet engine: [Apache Tomcat/10.1.5]
2023-03-31T21:50:38.501+05:30  INFO 21796 --- [restartedMain] o.a.c.c.C.[Tomcat].[localhost].[/]       : Initializing Spring embedded WebApplicationContext
2023-03-31T21:50:38.502+05:30  INFO 21796 --- [restartedMain] w.s.c.ServletWebServerApplicationContext : Root WebApplicationContext: initialization completed in 2092 ms
2023-03-31T21:50:38.718+05:30  INFO 21796 --- [restartedMain] o.hibernate.jpa.internal.util.LogHelper  : HHH000204: Processing PersistenceUnitInfo [name: default]
2023-03-31T21:50:38.791+05:30  INFO 21796 --- [restartedMain] org.hibernate.Version                    : HHH000412: Hibernate ORM core version 6.1.7.Final
2023-03-31T21:50:39.092+05:30  INFO 21796 --- [restartedMain] com.zaxxer.hikari.HikariDataSource       : HikariPool-1 - Starting...
2023-03-31T21:50:39.213+05:30  INFO 21796 --- [restartedMain] com.zaxxer.hikari.pool.HikariPool        : HikariPool-1 - Added connection com.mysql.cj.jdbc.ConnectionImpl@4ee85a3f
2023-03-31T21:50:39.214+05:30  INFO 21796 --- [restartedMain] com.zaxxer.hikari.HikariDataSource       : HikariPool-1 - Start completed.
2023-03-31T21:50:39.295+05:30  INFO 21796 --- [restartedMain] SQL dialect                              : HHH000400: Using dialect: org.hibernate.dialect.MySQLDialect
2023-03-31T21:50:40.070+05:30  INFO 21796 --- [restartedMain] o.h.e.t.j.p.i.JtaPlatformInitiator       : HHH000490: Using JtaPlatform implementation: [org.hibernate.engine.transaction.jta.platform.internal.NoJtaPlatform]
2023-03-31T21:50:40.080+05:30  INFO 21796 --- [restartedMain] j.LocalContainerEntityManagerFactoryBean : Initialized JPA EntityManagerFactory for persistence unit 'default'
2023-03-31T21:50:40.520+05:30  WARN 21796 --- [restartedMain] JpaBaseConfiguration$JpaWebConfiguration : spring.jpa.open-in-view is enabled by default. Therefore, database queries may be performed during view rendering. Explicitly configure spring.jpa.open-in-view to disable this warning
2023-03-31T21:50:41.677+05:30  WARN 21796 --- [restartedMain] o.s.b.d.a.OptionalLiveReloadServer       : Unable to start LiveReload server
2023-03-31T21:50:41.813+05:30  WARN 21796 --- [restartedMain] iguration$LoadBalancerCaffeineWarnLogger : Spring Cloud LoadBalancer is currently working with the default cache. While this cache implementation is useful for development and tests, it's recommended to use Caffeine cache in production.You can switch to using Caffeine cache, by adding it and org.springframework.cache.caffeine.CaffeineCacheManager to the classpath.
2023-03-31T21:50:41.817+05:30  INFO 21796 --- [restartedMain] o.s.b.a.e.web.EndpointLinksResolver      : Exposing 1 endpoint(s) beneath base path '/actuator'
2023-03-31T21:50:41.932+05:30  INFO 21796 --- [restartedMain] o.s.b.w.embedded.tomcat.TomcatWebServer  : Tomcat started on port(s): 9005 (http) with context path ''
2023-03-31T21:50:41.935+05:30  INFO 21796 --- [restartedMain] o.s.c.c.s.ConsulServiceRegistry          : Registering service with consul: NewService{id='g3-patient-health-records-service-9005', name='g3-patient-health-records-service', tags=[], address='PRATHAMESH', meta={secure=false}, port=9005, enableTagOverride=null, check=Check{script='null', dockerContainerID='null', shell='null', interval='10s', ttl='null', http='http://PRATHAMESH:9005/actuator/health', method='null', header={}, tcp='null', timeout='null', deregisterCriticalServiceAfter='null', tlsSkipVerify=null, status='null', grpc='null', grpcUseTLS=null}, checks=null}
2023-03-31T21:50:42.057+05:30  INFO 21796 --- [restartedMain] .a.PatientHealthRecordServiceApplication : Started PatientHealthRecordServiceApplication in 6.37 seconds (process running for 7.093)
2023-03-31T21:50:42.889+05:30  INFO 21796 --- [RMI TCP Connection(8)-127.0.0.1] o.a.c.c.C.[Tomcat].[localhost].[/]       : Initializing Spring DispatcherServlet 'dispatcherServlet'
2023-03-31T21:50:42.889+05:30  INFO 21796 --- [RMI TCP Connection(8)-127.0.0.1] o.s.web.servlet.DispatcherServlet        : Initializing Servlet 'dispatcherServlet'
2023-03-31T21:50:42.892+05:30  INFO 21796 --- [RMI TCP Connection(8)-127.0.0.1] o.s.web.servlet.DispatcherServlet        : Completed initialization in 3 ms
2023-03-31T21:58:14.332+05:30  INFO 21796 --- [http-nio-9005-exec-6] c.c.a.c.PatientHealthRecordController    : Visit details fetched by patientId successfully
2023-03-31T21:58:49.546+05:30  INFO 21796 --- [http-nio-9005-exec-2] c.c.a.c.PatientHealthRecordController    : Visit details fetched by patientId successfully
2023-03-31T22:04:55.014+05:30  INFO 21796 --- [http-nio-9005-exec-4] c.c.a.c.PatientHealthRecordController    : Visit details fetched by patientId successfully
2023-03-31T22:17:53.115+05:30  INFO 21796 --- [http-nio-9005-exec-10] c.c.a.c.PatientHealthRecordController    : Visit details fetched by patientId successfully
