2023-04-01T09:50:35.729+05:30  INFO 13260 --- [restartedMain] c.c.a.AuthenticationServiceApplication   : Starting AuthenticationServiceApplication using Java 17.0.6 with PID 13260 (C:\Users\prath\OneDrive\Desktop\Fianl integration\Final-integration\Microservices\g3-authentication-service\target\classes started by prath in C:\Users\prath\OneDrive\Desktop\Fianl integration\Final-integration\Microservices\g3-authentication-service)
2023-04-01T09:50:35.735+05:30  INFO 13260 --- [restartedMain] c.c.a.AuthenticationServiceApplication   : No active profile set, falling back to 1 default profile: "default"
2023-04-01T09:50:35.776+05:30  INFO 13260 --- [restartedMain] .e.DevToolsPropertyDefaultsPostProcessor : Devtools property defaults active! Set 'spring.devtools.add-properties' to 'false' to disable
2023-04-01T09:50:35.776+05:30  INFO 13260 --- [restartedMain] .e.DevToolsPropertyDefaultsPostProcessor : For additional web related logging consider setting the 'logging.level.web' property to 'DEBUG'
2023-04-01T09:50:36.817+05:30  INFO 13260 --- [restartedMain] .s.d.r.c.RepositoryConfigurationDelegate : Bootstrapping Spring Data JPA repositories in DEFAULT mode.
2023-04-01T09:50:36.931+05:30  INFO 13260 --- [restartedMain] .s.d.r.c.RepositoryConfigurationDelegate : Finished Spring Data repository scanning in 107 ms. Found 1 JPA repository interfaces.
2023-04-01T09:50:37.161+05:30  INFO 13260 --- [restartedMain] o.s.cloud.context.scope.GenericScope     : BeanFactory id=8dbabca3-eeca-3b3a-bd55-90c863c09f38
2023-04-01T09:50:37.249+05:30  INFO 13260 --- [restartedMain] trationDelegate$BeanPostProcessorChecker : Bean 'org.springframework.ws.config.annotation.DelegatingWsConfiguration' of type [org.springframework.ws.config.annotation.DelegatingWsConfiguration$$SpringCGLIB$$0] is not eligible for getting processed by all BeanPostProcessors (for example: not eligible for auto-proxying)
2023-04-01T09:50:37.287+05:30  INFO 13260 --- [restartedMain] .w.s.a.s.AnnotationActionEndpointMapping : Supporting [WS-Addressing August 2004, WS-Addressing 1.0]
2023-04-01T09:50:37.613+05:30  INFO 13260 --- [restartedMain] o.s.b.w.embedded.tomcat.TomcatWebServer  : Tomcat initialized with port(s): 9004 (http)
2023-04-01T09:50:37.621+05:30  INFO 13260 --- [restartedMain] o.apache.catalina.core.StandardService   : Starting service [Tomcat]
2023-04-01T09:50:37.621+05:30  INFO 13260 --- [restartedMain] o.apache.catalina.core.StandardEngine    : Starting Servlet engine: [Apache Tomcat/10.1.5]
2023-04-01T09:50:37.672+05:30  INFO 13260 --- [restartedMain] o.a.c.c.C.[Tomcat].[localhost].[/]       : Initializing Spring embedded WebApplicationContext
2023-04-01T09:50:37.673+05:30  INFO 13260 --- [restartedMain] w.s.c.ServletWebServerApplicationContext : Root WebApplicationContext: initialization completed in 1896 ms
2023-04-01T09:50:37.873+05:30  INFO 13260 --- [restartedMain] o.hibernate.jpa.internal.util.LogHelper  : HHH000204: Processing PersistenceUnitInfo [name: default]
2023-04-01T09:50:37.907+05:30  INFO 13260 --- [restartedMain] org.hibernate.Version                    : HHH000412: Hibernate ORM core version 6.1.7.Final
2023-04-01T09:50:38.093+05:30  INFO 13260 --- [restartedMain] com.zaxxer.hikari.HikariDataSource       : HikariPool-1 - Starting...
2023-04-01T09:50:38.222+05:30  INFO 13260 --- [restartedMain] com.zaxxer.hikari.pool.HikariPool        : HikariPool-1 - Added connection com.mysql.cj.jdbc.ConnectionImpl@6ad3f092
2023-04-01T09:50:38.224+05:30  INFO 13260 --- [restartedMain] com.zaxxer.hikari.HikariDataSource       : HikariPool-1 - Start completed.
2023-04-01T09:50:38.276+05:30  INFO 13260 --- [restartedMain] SQL dialect                              : HHH000400: Using dialect: org.hibernate.dialect.MySQLDialect
2023-04-01T09:50:38.833+05:30  INFO 13260 --- [restartedMain] o.h.e.t.j.p.i.JtaPlatformInitiator       : HHH000490: Using JtaPlatform implementation: [org.hibernate.engine.transaction.jta.platform.internal.NoJtaPlatform]
2023-04-01T09:50:38.841+05:30  INFO 13260 --- [restartedMain] j.LocalContainerEntityManagerFactoryBean : Initialized JPA EntityManagerFactory for persistence unit 'default'
2023-04-01T09:50:39.233+05:30  WARN 13260 --- [restartedMain] JpaBaseConfiguration$JpaWebConfiguration : spring.jpa.open-in-view is enabled by default. Therefore, database queries may be performed during view rendering. Explicitly configure spring.jpa.open-in-view to disable this warning
2023-04-01T09:50:40.328+05:30  WARN 13260 --- [restartedMain] o.s.b.d.a.OptionalLiveReloadServer       : Unable to start LiveReload server
2023-04-01T09:50:40.459+05:30  WARN 13260 --- [restartedMain] iguration$LoadBalancerCaffeineWarnLogger : Spring Cloud LoadBalancer is currently working with the default cache. While this cache implementation is useful for development and tests, it's recommended to use Caffeine cache in production.You can switch to using Caffeine cache, by adding it and org.springframework.cache.caffeine.CaffeineCacheManager to the classpath.
2023-04-01T09:50:40.469+05:30  INFO 13260 --- [restartedMain] o.s.b.a.e.web.EndpointLinksResolver      : Exposing 1 endpoint(s) beneath base path '/actuator'
2023-04-01T09:50:40.579+05:30  INFO 13260 --- [restartedMain] o.s.b.w.embedded.tomcat.TomcatWebServer  : Tomcat started on port(s): 9004 (http) with context path ''
2023-04-01T09:50:40.582+05:30  INFO 13260 --- [restartedMain] o.s.c.c.s.ConsulServiceRegistry          : Registering service with consul: NewService{id='g3-authentication-service-9004', name='g3-authentication-service', tags=[], address='PRATHAMESH', meta={secure=false}, port=9004, enableTagOverride=null, check=Check{script='null', dockerContainerID='null', shell='null', interval='10s', ttl='null', http='http://PRATHAMESH:9004/actuator/health', method='null', header={}, tcp='null', timeout='null', deregisterCriticalServiceAfter='null', tlsSkipVerify=null, status='null', grpc='null', grpcUseTLS=null}, checks=null}
2023-04-01T09:50:40.690+05:30  INFO 13260 --- [restartedMain] c.c.a.AuthenticationServiceApplication   : Started AuthenticationServiceApplication in 5.609 seconds (process running for 6.308)
2023-04-01T09:50:41.752+05:30  INFO 13260 --- [RMI TCP Connection(9)-127.0.0.1] o.a.c.c.C.[Tomcat].[localhost].[/]       : Initializing Spring DispatcherServlet 'dispatcherServlet'
2023-04-01T09:50:41.753+05:30  INFO 13260 --- [RMI TCP Connection(9)-127.0.0.1] o.s.web.servlet.DispatcherServlet        : Initializing Servlet 'dispatcherServlet'
2023-04-01T09:50:41.756+05:30  INFO 13260 --- [RMI TCP Connection(9)-127.0.0.1] o.s.web.servlet.DispatcherServlet        : Completed initialization in 3 ms
2023-04-01T09:51:30.997+05:30  INFO 13260 --- [http-nio-9004-exec-5] o.springdoc.api.AbstractOpenApiResource  : Init duration for springdoc-openapi is: 195 ms
2023-04-01T11:42:15.215+05:30  WARN 13260 --- [HikariPool-1 housekeeper] com.zaxxer.hikari.pool.HikariPool        : HikariPool-1 - Thread starvation or clock leap detected (housekeeper delta=13m3s479ms344µs700ns).
2023-04-01T11:46:11.611+05:30  INFO 13756 --- [main] .a.AuthenticationServiceApplicationTests : Starting AuthenticationServiceApplicationTests using Java 17.0.6 with PID 13756 (started by prath in C:\Users\prath\OneDrive\Desktop\Fianl integration\Final-integration\Microservices\g3-authentication-service)
2023-04-01T11:46:11.614+05:30  INFO 13756 --- [main] .a.AuthenticationServiceApplicationTests : No active profile set, falling back to 1 default profile: "default"
2023-04-01T11:46:13.840+05:30  INFO 13756 --- [main] .s.d.r.c.RepositoryConfigurationDelegate : Bootstrapping Spring Data JPA repositories in DEFAULT mode.
2023-04-01T11:46:14.088+05:30  INFO 13756 --- [main] .s.d.r.c.RepositoryConfigurationDelegate : Finished Spring Data repository scanning in 232 ms. Found 1 JPA repository interfaces.
2023-04-01T11:46:14.608+05:30  INFO 13756 --- [main] o.s.cloud.context.scope.GenericScope     : BeanFactory id=f7ebe1b0-786d-37de-954e-4d25cbd69977
2023-04-01T11:46:14.830+05:30  INFO 13756 --- [main] trationDelegate$BeanPostProcessorChecker : Bean 'org.springframework.ws.config.annotation.DelegatingWsConfiguration' of type [org.springframework.ws.config.annotation.DelegatingWsConfiguration$$SpringCGLIB$$0] is not eligible for getting processed by all BeanPostProcessors (for example: not eligible for auto-proxying)
2023-04-01T11:46:14.903+05:30  INFO 13756 --- [main] .w.s.a.s.AnnotationActionEndpointMapping : Supporting [WS-Addressing August 2004, WS-Addressing 1.0]
2023-04-01T11:46:15.161+05:30  INFO 13756 --- [main] o.hibernate.jpa.internal.util.LogHelper  : HHH000204: Processing PersistenceUnitInfo [name: default]
2023-04-01T11:46:15.272+05:30  INFO 13756 --- [main] org.hibernate.Version                    : HHH000412: Hibernate ORM core version 6.1.7.Final
2023-04-01T11:46:15.800+05:30  INFO 13756 --- [main] com.zaxxer.hikari.HikariDataSource       : HikariPool-1 - Starting...
2023-04-01T11:46:16.149+05:30  INFO 13756 --- [main] com.zaxxer.hikari.pool.HikariPool        : HikariPool-1 - Added connection com.mysql.cj.jdbc.ConnectionImpl@5e72987e
2023-04-01T11:46:16.152+05:30  INFO 13756 --- [main] com.zaxxer.hikari.HikariDataSource       : HikariPool-1 - Start completed.
2023-04-01T11:46:16.250+05:30  INFO 13756 --- [main] SQL dialect                              : HHH000400: Using dialect: org.hibernate.dialect.MySQLDialect
2023-04-01T11:46:17.315+05:30  INFO 13756 --- [main] o.h.e.t.j.p.i.JtaPlatformInitiator       : HHH000490: Using JtaPlatform implementation: [org.hibernate.engine.transaction.jta.platform.internal.NoJtaPlatform]
2023-04-01T11:46:17.334+05:30  INFO 13756 --- [main] j.LocalContainerEntityManagerFactoryBean : Initialized JPA EntityManagerFactory for persistence unit 'default'
2023-04-01T11:46:18.236+05:30  WARN 13756 --- [main] JpaBaseConfiguration$JpaWebConfiguration : spring.jpa.open-in-view is enabled by default. Therefore, database queries may be performed during view rendering. Explicitly configure spring.jpa.open-in-view to disable this warning
2023-04-01T11:46:20.447+05:30  WARN 13756 --- [main] iguration$LoadBalancerCaffeineWarnLogger : Spring Cloud LoadBalancer is currently working with the default cache. While this cache implementation is useful for development and tests, it's recommended to use Caffeine cache in production.You can switch to using Caffeine cache, by adding it and org.springframework.cache.caffeine.CaffeineCacheManager to the classpath.
2023-04-01T11:46:20.465+05:30  INFO 13756 --- [main] o.s.b.a.e.web.EndpointLinksResolver      : Exposing 1 endpoint(s) beneath base path '/actuator'
2023-04-01T11:46:20.603+05:30  INFO 13756 --- [main] .a.AuthenticationServiceApplicationTests : Started AuthenticationServiceApplicationTests in 10.528 seconds (process running for 16.088)
2023-04-01T11:46:21.142+05:30  INFO 13756 --- [main] c.a.s.i.PatientAuthenticationServiceImpl : Patient registered successfully
2023-04-01T11:46:21.146+05:30 ERROR 13756 --- [main] c.a.s.i.PatientAuthenticationServiceImpl : Cannot invoke "org.modelmapper.ModelMapper.map(Object, java.lang.Class)" because "this.modelmapper" is null
2023-04-01T11:46:21.980+05:30  INFO 13756 --- [SpringApplicationShutdownHook] j.LocalContainerEntityManagerFactoryBean : Closing JPA EntityManagerFactory for persistence unit 'default'
2023-04-01T11:46:21.985+05:30  INFO 13756 --- [SpringApplicationShutdownHook] com.zaxxer.hikari.HikariDataSource       : HikariPool-1 - Shutdown initiated...
2023-04-01T11:46:21.999+05:30  INFO 13756 --- [SpringApplicationShutdownHook] com.zaxxer.hikari.HikariDataSource       : HikariPool-1 - Shutdown completed.
2023-04-01T14:23:29.158+05:30  INFO 13260 --- [http-nio-9004-exec-3] c.c.a.c.AuthenticationServiceController  : Patient registrated successfully
2023-04-01T14:23:29.174+05:30  INFO 13260 --- [http-nio-9004-exec-3] c.a.s.i.PatientAuthenticationServiceImpl : Patient registered successfully
2023-04-01T14:23:33.506+05:30  INFO 13260 --- [http-nio-9004-exec-4] c.c.a.c.AuthenticationServiceController  : Patient registrated successfully
2023-04-01T14:23:33.506+05:30  INFO 13260 --- [http-nio-9004-exec-4] c.a.s.i.PatientAuthenticationServiceImpl : Patient registered successfully
2023-04-01T14:23:37.115+05:30  INFO 13260 --- [http-nio-9004-exec-2] c.c.a.c.AuthenticationServiceController  : Patient registrated successfully
2023-04-01T14:23:37.115+05:30  INFO 13260 --- [http-nio-9004-exec-2] c.a.s.i.PatientAuthenticationServiceImpl : Patient registered successfully
2023-04-01T14:24:11.714+05:30  INFO 13260 --- [http-nio-9004-exec-9] c.c.a.c.AuthenticationServiceController  : Patient registrated successfully
2023-04-01T14:24:11.714+05:30  INFO 13260 --- [http-nio-9004-exec-9] c.a.s.i.PatientAuthenticationServiceImpl : Patient registered successfully
2023-04-01T14:24:14.902+05:30  INFO 13260 --- [http-nio-9004-exec-1] c.c.a.c.AuthenticationServiceController  : Patient registrated successfully
2023-04-01T14:24:14.902+05:30  INFO 13260 --- [http-nio-9004-exec-1] c.a.s.i.PatientAuthenticationServiceImpl : Patient registered successfully
2023-04-01T14:24:24.879+05:30  INFO 13260 --- [http-nio-9004-exec-3] c.c.a.c.AuthenticationServiceController  : Patient registrated successfully
2023-04-01T14:24:24.879+05:30  INFO 13260 --- [http-nio-9004-exec-3] c.a.s.i.PatientAuthenticationServiceImpl : Patient registered successfully
2023-04-01T14:25:21.092+05:30 ERROR 13260 --- [http-nio-9004-exec-9] c.a.s.i.PatientAuthenticationServiceImpl : query did not return a unique result: 7
2023-04-01T14:25:21.934+05:30 ERROR 13260 --- [http-nio-9004-exec-1] c.a.s.i.PatientAuthenticationServiceImpl : query did not return a unique result: 7
2023-04-01T14:25:24.172+05:30 ERROR 13260 --- [http-nio-9004-exec-10] c.a.s.i.PatientAuthenticationServiceImpl : query did not return a unique result: 7
2023-04-01T14:25:24.674+05:30 ERROR 13260 --- [http-nio-9004-exec-3] c.a.s.i.PatientAuthenticationServiceImpl : query did not return a unique result: 7
2023-04-01T14:25:43.216+05:30  INFO 13260 --- [http-nio-9004-exec-5] c.c.a.c.AuthenticationServiceController  : Patient registrated successfully
2023-04-01T14:25:43.221+05:30  INFO 13260 --- [http-nio-9004-exec-5] c.a.s.i.PatientAuthenticationServiceImpl : Patient registered successfully
2023-04-01T14:27:04.673+05:30  INFO 13260 --- [http-nio-9004-exec-5] c.c.a.c.AuthenticationServiceController  : Patient registrated successfully
2023-04-01T14:27:04.673+05:30  INFO 13260 --- [http-nio-9004-exec-5] c.a.s.i.PatientAuthenticationServiceImpl : Patient registered successfully
2023-04-01T14:30:19.572+05:30  INFO 13260 --- [http-nio-9004-exec-8] c.c.a.c.AuthenticationServiceController  : Patient registrated successfully
2023-04-01T14:30:19.572+05:30  INFO 13260 --- [http-nio-9004-exec-8] c.a.s.i.PatientAuthenticationServiceImpl : Patient registered successfully
2023-04-01T14:31:53.419+05:30  INFO 13260 --- [http-nio-9004-exec-6] c.c.a.c.AuthenticationServiceController  : Patient registrated successfully
2023-04-01T14:31:53.420+05:30  INFO 13260 --- [http-nio-9004-exec-6] c.a.s.i.PatientAuthenticationServiceImpl : Patient registered successfully
2023-04-01T14:32:54.768+05:30 ERROR 13260 --- [http-nio-9004-exec-6] c.a.s.i.PatientAuthenticationServiceImpl : query did not return a unique result: 11
2023-04-01T14:32:56.875+05:30 ERROR 13260 --- [http-nio-9004-exec-9] c.a.s.i.PatientAuthenticationServiceImpl : query did not return a unique result: 11
2023-04-01T14:44:24.231+05:30  INFO 13260 --- [http-nio-9004-exec-1] c.c.a.c.AuthenticationServiceController  : Patient registrated successfully
2023-04-01T14:44:24.238+05:30  INFO 13260 --- [http-nio-9004-exec-1] c.a.s.i.PatientAuthenticationServiceImpl : Patient registered successfully
2023-04-01T14:44:42.434+05:30  INFO 13260 --- [http-nio-9004-exec-4] c.c.a.c.AuthenticationServiceController  : Patient registrated successfully
2023-04-01T14:44:42.434+05:30  INFO 13260 --- [http-nio-9004-exec-4] c.a.s.i.PatientAuthenticationServiceImpl : Patient registered successfully
2023-04-01T14:45:27.591+05:30  INFO 13260 --- [http-nio-9004-exec-6] c.c.a.c.AuthenticationServiceController  : Patient registrated successfully
2023-04-01T14:45:27.591+05:30  INFO 13260 --- [http-nio-9004-exec-6] c.a.s.i.PatientAuthenticationServiceImpl : Patient registered successfully
2023-04-01T15:20:15.971+05:30  INFO 13260 --- [http-nio-9004-exec-9] c.c.a.c.AuthenticationServiceController  : Patient registrated successfully
2023-04-01T15:20:15.971+05:30  INFO 13260 --- [http-nio-9004-exec-9] c.a.s.i.PatientAuthenticationServiceImpl : Patient registered successfully
2023-04-01T15:27:21.120+05:30  INFO 13260 --- [http-nio-9004-exec-9] c.c.a.c.AuthenticationServiceController  : Patient registrated successfully
2023-04-01T15:27:21.120+05:30  INFO 13260 --- [http-nio-9004-exec-9] c.a.s.i.PatientAuthenticationServiceImpl : Patient registered successfully
2023-04-01T15:44:20.184+05:30 ERROR 13260 --- [http-nio-9004-exec-2] c.a.s.i.PatientAuthenticationServiceImpl : query did not return a unique result: 14
2023-04-01T15:44:25.716+05:30 ERROR 13260 --- [http-nio-9004-exec-5] c.a.s.i.PatientAuthenticationServiceImpl : query did not return a unique result: 14
2023-04-01T15:44:43.442+05:30 ERROR 13260 --- [http-nio-9004-exec-6] c.a.s.i.PatientAuthenticationServiceImpl : query did not return a unique result: 14
2023-04-01T15:45:04.613+05:30 ERROR 13260 --- [http-nio-9004-exec-10] c.a.s.i.PatientAuthenticationServiceImpl : query did not return a unique result: 14
2023-04-01T15:45:05.538+05:30 ERROR 13260 --- [http-nio-9004-exec-4] c.a.s.i.PatientAuthenticationServiceImpl : query did not return a unique result: 14
2023-04-01T15:45:05.814+05:30 ERROR 13260 --- [http-nio-9004-exec-3] c.a.s.i.PatientAuthenticationServiceImpl : query did not return a unique result: 14
2023-04-01T15:45:05.967+05:30 ERROR 13260 --- [http-nio-9004-exec-2] c.a.s.i.PatientAuthenticationServiceImpl : query did not return a unique result: 14
2023-04-01T15:45:06.189+05:30 ERROR 13260 --- [http-nio-9004-exec-5] c.a.s.i.PatientAuthenticationServiceImpl : query did not return a unique result: 14
2023-04-01T15:45:07.181+05:30 ERROR 13260 --- [http-nio-9004-exec-8] c.a.s.i.PatientAuthenticationServiceImpl : query did not return a unique result: 14
2023-04-01T15:45:07.531+05:30 ERROR 13260 --- [http-nio-9004-exec-6] c.a.s.i.PatientAuthenticationServiceImpl : query did not return a unique result: 14
2023-04-01T15:45:10.721+05:30 ERROR 13260 --- [http-nio-9004-exec-9] c.a.s.i.PatientAuthenticationServiceImpl : query did not return a unique result: 14
2023-04-01T15:45:12.240+05:30 ERROR 13260 --- [http-nio-9004-exec-1] c.a.s.i.PatientAuthenticationServiceImpl : query did not return a unique result: 14
2023-04-01T15:45:12.726+05:30 ERROR 13260 --- [http-nio-9004-exec-10] c.a.s.i.PatientAuthenticationServiceImpl : query did not return a unique result: 14
2023-04-01T15:45:12.926+05:30 ERROR 13260 --- [http-nio-9004-exec-4] c.a.s.i.PatientAuthenticationServiceImpl : query did not return a unique result: 14
2023-04-01T15:45:32.742+05:30 ERROR 13260 --- [http-nio-9004-exec-7] c.a.s.i.PatientAuthenticationServiceImpl : query did not return a unique result: 14
2023-04-01T15:45:38.436+05:30 ERROR 13260 --- [http-nio-9004-exec-6] c.a.s.i.PatientAuthenticationServiceImpl : query did not return a unique result: 14
2023-04-01T15:45:48.103+05:30 ERROR 13260 --- [http-nio-9004-exec-1] c.a.s.i.PatientAuthenticationServiceImpl : query did not return a unique result: 14
2023-04-01T15:45:48.693+05:30 ERROR 13260 --- [http-nio-9004-exec-10] c.a.s.i.PatientAuthenticationServiceImpl : query did not return a unique result: 14
2023-04-01T15:45:48.910+05:30 ERROR 13260 --- [http-nio-9004-exec-4] c.a.s.i.PatientAuthenticationServiceImpl : query did not return a unique result: 14
2023-04-01T15:45:49.085+05:30 ERROR 13260 --- [http-nio-9004-exec-3] c.a.s.i.PatientAuthenticationServiceImpl : query did not return a unique result: 14
2023-04-01T15:45:49.307+05:30 ERROR 13260 --- [http-nio-9004-exec-2] c.a.s.i.PatientAuthenticationServiceImpl : query did not return a unique result: 14
2023-04-01T15:45:50.006+05:30 ERROR 13260 --- [http-nio-9004-exec-5] c.a.s.i.PatientAuthenticationServiceImpl : query did not return a unique result: 14
2023-04-01T15:45:50.272+05:30 ERROR 13260 --- [http-nio-9004-exec-7] c.a.s.i.PatientAuthenticationServiceImpl : query did not return a unique result: 14
2023-04-01T15:45:50.480+05:30 ERROR 13260 --- [http-nio-9004-exec-8] c.a.s.i.PatientAuthenticationServiceImpl : query did not return a unique result: 14
2023-04-01T16:17:19.846+05:30 ERROR 13260 --- [http-nio-9004-exec-7] c.a.s.i.PatientAuthenticationServiceImpl : query did not return a unique result: 14
2023-04-01T16:29:53.186+05:30  INFO 13260 --- [http-nio-9004-exec-2] c.c.a.c.AuthenticationServiceController  : Patient registrated successfully
2023-04-01T16:29:53.186+05:30  INFO 13260 --- [http-nio-9004-exec-2] c.a.s.i.PatientAuthenticationServiceImpl : Patient registered successfully
2023-04-01T17:45:03.905+05:30  INFO 13260 --- [RMI TCP Connection(478)-127.0.0.1] inMXBeanRegistrar$SpringApplicationAdmin : Application shutdown requested.
2023-04-01T17:45:04.199+05:30  INFO 13260 --- [RMI TCP Connection(478)-127.0.0.1] o.apache.catalina.core.StandardService   : Stopping service [Tomcat]
2023-04-01T17:45:04.229+05:30  INFO 13260 --- [RMI TCP Connection(478)-127.0.0.1] o.a.c.c.C.[Tomcat].[localhost].[/]       : Destroying Spring FrameworkServlet 'dispatcherServlet'
2023-04-01T17:45:04.367+05:30  INFO 13260 --- [RMI TCP Connection(478)-127.0.0.1] o.s.c.c.s.ConsulServiceRegistry          : Deregistering service with consul: g3-authentication-service-9004
2023-04-01T17:45:04.433+05:30  INFO 13260 --- [RMI TCP Connection(478)-127.0.0.1] j.LocalContainerEntityManagerFactoryBean : Closing JPA EntityManagerFactory for persistence unit 'default'
2023-04-01T17:45:04.543+05:30  INFO 13260 --- [RMI TCP Connection(478)-127.0.0.1] com.zaxxer.hikari.HikariDataSource       : HikariPool-1 - Shutdown initiated...
2023-04-01T17:45:04.571+05:30  INFO 13260 --- [RMI TCP Connection(478)-127.0.0.1] com.zaxxer.hikari.HikariDataSource       : HikariPool-1 - Shutdown completed.
2023-04-01T17:45:50.477+05:30  INFO 21868 --- [restartedMain] c.c.a.AuthenticationServiceApplication   : Starting AuthenticationServiceApplication using Java 17.0.6 with PID 21868 (C:\Users\prath\OneDrive\Desktop\Fianl integration\Final-integration\Microservices\g3-authentication-service\target\classes started by prath in C:\Users\prath\OneDrive\Desktop\Fianl integration\Final-integration\Microservices\g3-authentication-service)
2023-04-01T17:45:50.480+05:30  INFO 21868 --- [restartedMain] c.c.a.AuthenticationServiceApplication   : No active profile set, falling back to 1 default profile: "default"
2023-04-01T17:45:50.527+05:30  INFO 21868 --- [restartedMain] .e.DevToolsPropertyDefaultsPostProcessor : Devtools property defaults active! Set 'spring.devtools.add-properties' to 'false' to disable
2023-04-01T17:45:50.527+05:30  INFO 21868 --- [restartedMain] .e.DevToolsPropertyDefaultsPostProcessor : For additional web related logging consider setting the 'logging.level.web' property to 'DEBUG'
2023-04-01T17:45:51.609+05:30  INFO 21868 --- [restartedMain] .s.d.r.c.RepositoryConfigurationDelegate : Bootstrapping Spring Data JPA repositories in DEFAULT mode.
2023-04-01T17:45:51.726+05:30  INFO 21868 --- [restartedMain] .s.d.r.c.RepositoryConfigurationDelegate : Finished Spring Data repository scanning in 110 ms. Found 1 JPA repository interfaces.
2023-04-01T17:45:51.953+05:30  INFO 21868 --- [restartedMain] o.s.cloud.context.scope.GenericScope     : BeanFactory id=8dbabca3-eeca-3b3a-bd55-90c863c09f38
2023-04-01T17:45:52.047+05:30  INFO 21868 --- [restartedMain] trationDelegate$BeanPostProcessorChecker : Bean 'org.springframework.ws.config.annotation.DelegatingWsConfiguration' of type [org.springframework.ws.config.annotation.DelegatingWsConfiguration$$SpringCGLIB$$0] is not eligible for getting processed by all BeanPostProcessors (for example: not eligible for auto-proxying)
2023-04-01T17:45:52.083+05:30  INFO 21868 --- [restartedMain] .w.s.a.s.AnnotationActionEndpointMapping : Supporting [WS-Addressing August 2004, WS-Addressing 1.0]
2023-04-01T17:45:52.476+05:30  INFO 21868 --- [restartedMain] o.s.b.w.embedded.tomcat.TomcatWebServer  : Tomcat initialized with port(s): 9004 (http)
2023-04-01T17:45:52.487+05:30  INFO 21868 --- [restartedMain] o.apache.catalina.core.StandardService   : Starting service [Tomcat]
2023-04-01T17:45:52.487+05:30  INFO 21868 --- [restartedMain] o.apache.catalina.core.StandardEngine    : Starting Servlet engine: [Apache Tomcat/10.1.5]
2023-04-01T17:45:52.553+05:30  INFO 21868 --- [restartedMain] o.a.c.c.C.[Tomcat].[localhost].[/]       : Initializing Spring embedded WebApplicationContext
2023-04-01T17:45:52.554+05:30  INFO 21868 --- [restartedMain] w.s.c.ServletWebServerApplicationContext : Root WebApplicationContext: initialization completed in 2025 ms
2023-04-01T17:45:52.783+05:30  INFO 21868 --- [restartedMain] o.hibernate.jpa.internal.util.LogHelper  : HHH000204: Processing PersistenceUnitInfo [name: default]
2023-04-01T17:45:52.862+05:30  INFO 21868 --- [restartedMain] org.hibernate.Version                    : HHH000412: Hibernate ORM core version 6.1.7.Final
2023-04-01T17:45:53.161+05:30  INFO 21868 --- [restartedMain] com.zaxxer.hikari.HikariDataSource       : HikariPool-1 - Starting...
2023-04-01T17:45:53.279+05:30  INFO 21868 --- [restartedMain] com.zaxxer.hikari.pool.HikariPool        : HikariPool-1 - Added connection com.mysql.cj.jdbc.ConnectionImpl@6e835c81
2023-04-01T17:45:53.282+05:30  INFO 21868 --- [restartedMain] com.zaxxer.hikari.HikariDataSource       : HikariPool-1 - Start completed.
2023-04-01T17:45:53.352+05:30  INFO 21868 --- [restartedMain] SQL dialect                              : HHH000400: Using dialect: org.hibernate.dialect.MySQLDialect
2023-04-01T17:45:54.010+05:30  INFO 21868 --- [restartedMain] o.h.e.t.j.p.i.JtaPlatformInitiator       : HHH000490: Using JtaPlatform implementation: [org.hibernate.engine.transaction.jta.platform.internal.NoJtaPlatform]
2023-04-01T17:45:54.019+05:30  INFO 21868 --- [restartedMain] j.LocalContainerEntityManagerFactoryBean : Initialized JPA EntityManagerFactory for persistence unit 'default'
2023-04-01T17:45:54.425+05:30  WARN 21868 --- [restartedMain] JpaBaseConfiguration$JpaWebConfiguration : spring.jpa.open-in-view is enabled by default. Therefore, database queries may be performed during view rendering. Explicitly configure spring.jpa.open-in-view to disable this warning
2023-04-01T17:45:55.704+05:30  WARN 21868 --- [restartedMain] o.s.b.d.a.OptionalLiveReloadServer       : Unable to start LiveReload server
2023-04-01T17:45:55.853+05:30  WARN 21868 --- [restartedMain] iguration$LoadBalancerCaffeineWarnLogger : Spring Cloud LoadBalancer is currently working with the default cache. While this cache implementation is useful for development and tests, it's recommended to use Caffeine cache in production.You can switch to using Caffeine cache, by adding it and org.springframework.cache.caffeine.CaffeineCacheManager to the classpath.
2023-04-01T17:45:55.863+05:30  INFO 21868 --- [restartedMain] o.s.b.a.e.web.EndpointLinksResolver      : Exposing 1 endpoint(s) beneath base path '/actuator'
2023-04-01T17:45:55.990+05:30  INFO 21868 --- [restartedMain] o.s.b.w.embedded.tomcat.TomcatWebServer  : Tomcat started on port(s): 9004 (http) with context path ''
2023-04-01T17:45:55.992+05:30  INFO 21868 --- [restartedMain] o.s.c.c.s.ConsulServiceRegistry          : Registering service with consul: NewService{id='g3-authentication-service-9004', name='g3-authentication-service', tags=[], address='PRATHAMESH', meta={secure=false}, port=9004, enableTagOverride=null, check=Check{script='null', dockerContainerID='null', shell='null', interval='10s', ttl='null', http='http://PRATHAMESH:9004/actuator/health', method='null', header={}, tcp='null', timeout='null', deregisterCriticalServiceAfter='null', tlsSkipVerify=null, status='null', grpc='null', grpcUseTLS=null}, checks=null}
2023-04-01T17:45:56.082+05:30  INFO 21868 --- [restartedMain] c.c.a.AuthenticationServiceApplication   : Started AuthenticationServiceApplication in 6.324 seconds (process running for 7.056)
2023-04-01T17:45:56.923+05:30  INFO 21868 --- [RMI TCP Connection(11)-127.0.0.1] o.a.c.c.C.[Tomcat].[localhost].[/]       : Initializing Spring DispatcherServlet 'dispatcherServlet'
2023-04-01T17:45:56.924+05:30  INFO 21868 --- [RMI TCP Connection(11)-127.0.0.1] o.s.web.servlet.DispatcherServlet        : Initializing Servlet 'dispatcherServlet'
2023-04-01T17:45:56.927+05:30  INFO 21868 --- [RMI TCP Connection(11)-127.0.0.1] o.s.web.servlet.DispatcherServlet        : Completed initialization in 3 ms
2023-04-01T17:47:41.522+05:30 ERROR 21868 --- [http-nio-9004-exec-3] c.a.s.i.PatientAuthenticationServiceImpl : query did not return a unique result: 14
2023-04-01T17:49:10.612+05:30  INFO 21868 --- [http-nio-9004-exec-2] c.c.a.c.AuthenticationServiceController  : Patient registrated successfully
2023-04-01T17:49:10.612+05:30  INFO 21868 --- [http-nio-9004-exec-2] c.a.s.i.PatientAuthenticationServiceImpl : Patient registered successfully
