2023-04-04T07:29:02.431+05:30  WARN 7424 --- [HikariPool-3 housekeeper] com.zaxxer.hikari.pool.HikariPool        : HikariPool-3 - Thread starvation or clock leap detected (housekeeper delta=11h45m38s515ms586µs100ns).
2023-04-04T09:30:27.245+05:30  INFO 7424 --- [File Watcher] rtingClassPathChangeChangedEventListener : Restarting due to 3 class path changes (0 additions, 0 deletions, 3 modifications)
2023-04-04T09:30:28.050+05:30  INFO 7424 --- [Thread-13] o.apache.catalina.core.StandardService   : Stopping service [Tomcat]
2023-04-04T09:30:28.119+05:30  INFO 7424 --- [Thread-13] o.a.c.c.C.[Tomcat].[localhost].[/]       : Destroying Spring FrameworkServlet 'dispatcherServlet'
2023-04-04T09:30:28.529+05:30  INFO 7424 --- [Thread-13] o.s.c.c.s.ConsulServiceRegistry          : Deregistering service with consul: g3-appointment-service-9003
2023-04-04T09:30:28.698+05:30  INFO 7424 --- [Thread-13] j.LocalContainerEntityManagerFactoryBean : Closing JPA EntityManagerFactory for persistence unit 'default'
2023-04-04T09:30:28.836+05:30  INFO 7424 --- [Thread-13] com.zaxxer.hikari.HikariDataSource       : HikariPool-3 - Shutdown initiated...
2023-04-04T09:30:28.898+05:30  INFO 7424 --- [Thread-13] com.zaxxer.hikari.HikariDataSource       : HikariPool-3 - Shutdown completed.
2023-04-04T09:30:30.510+05:30 ERROR 7424 --- [restartedMain] o.s.b.d.LoggingFailureAnalysisReporter   : 

***************************
APPLICATION FAILED TO START
***************************

Description:

No spring.config.import property has been defined

Action:

Add a spring.config.import=consul: property to your configuration.
	If configuration is not required add spring.config.import=optional:consul: instead.
	To disable this check, set spring.cloud.consul.config.enabled=false or 
	spring.cloud.consul.config.import-check.enabled=false.

2023-04-04T09:30:32.024+05:30 ERROR 7424 --- [restartedMain] o.s.b.d.LoggingFailureAnalysisReporter   : 

***************************
APPLICATION FAILED TO START
***************************

Description:

No spring.config.import property has been defined

Action:

Add a spring.config.import=consul: property to your configuration.
	If configuration is not required add spring.config.import=optional:consul: instead.
	To disable this check, set spring.cloud.consul.config.enabled=false or 
	spring.cloud.consul.config.import-check.enabled=false.

2023-04-04T09:31:51.609+05:30  INFO 7424 --- [restartedMain] c.c.application.AppointmentApplication   : Starting AppointmentApplication using Java 17.0.6 with PID 7424 (C:\Users\prath\OneDrive\Desktop\Fianl integration\Final-integration\Microservices\g3-appointment-service\target\classes started by prath in C:\Users\prath\OneDrive\Desktop\Fianl integration\Final-integration\Microservices\g3-appointment-service)
2023-04-04T09:31:51.613+05:30  INFO 7424 --- [restartedMain] c.c.application.AppointmentApplication   : No active profile set, falling back to 1 default profile: "default"
2023-04-04T09:31:52.415+05:30  INFO 7424 --- [restartedMain] .s.d.r.c.RepositoryConfigurationDelegate : Bootstrapping Spring Data JPA repositories in DEFAULT mode.
2023-04-04T09:31:52.448+05:30  INFO 7424 --- [restartedMain] .s.d.r.c.RepositoryConfigurationDelegate : Finished Spring Data repository scanning in 31 ms. Found 1 JPA repository interfaces.
2023-04-04T09:31:52.633+05:30  INFO 7424 --- [restartedMain] o.s.cloud.context.scope.GenericScope     : BeanFactory id=18418bed-9b38-341b-bf9d-8f446204b207
2023-04-04T09:31:52.665+05:30  INFO 7424 --- [restartedMain] trationDelegate$BeanPostProcessorChecker : Bean 'org.springframework.ws.config.annotation.DelegatingWsConfiguration' of type [org.springframework.ws.config.annotation.DelegatingWsConfiguration$$SpringCGLIB$$0] is not eligible for getting processed by all BeanPostProcessors (for example: not eligible for auto-proxying)
2023-04-04T09:31:52.674+05:30  INFO 7424 --- [restartedMain] .w.s.a.s.AnnotationActionEndpointMapping : Supporting [WS-Addressing August 2004, WS-Addressing 1.0]
2023-04-04T09:31:52.885+05:30  INFO 7424 --- [restartedMain] o.s.b.w.embedded.tomcat.TomcatWebServer  : Tomcat initialized with port(s): 9003 (http)
2023-04-04T09:31:52.898+05:30  INFO 7424 --- [restartedMain] o.apache.catalina.core.StandardService   : Starting service [Tomcat]
2023-04-04T09:31:52.898+05:30  INFO 7424 --- [restartedMain] o.apache.catalina.core.StandardEngine    : Starting Servlet engine: [Apache Tomcat/10.1.5]
2023-04-04T09:31:52.975+05:30  INFO 7424 --- [restartedMain] o.a.c.c.C.[Tomcat].[localhost].[/]       : Initializing Spring embedded WebApplicationContext
2023-04-04T09:31:52.975+05:30  INFO 7424 --- [restartedMain] w.s.c.ServletWebServerApplicationContext : Root WebApplicationContext: initialization completed in 1329 ms
2023-04-04T09:31:53.159+05:30  INFO 7424 --- [restartedMain] o.hibernate.jpa.internal.util.LogHelper  : HHH000204: Processing PersistenceUnitInfo [name: default]
2023-04-04T09:31:53.229+05:30  INFO 7424 --- [restartedMain] com.zaxxer.hikari.HikariDataSource       : HikariPool-4 - Starting...
2023-04-04T09:31:53.345+05:30  INFO 7424 --- [restartedMain] com.zaxxer.hikari.pool.HikariPool        : HikariPool-4 - Added connection com.mysql.cj.jdbc.ConnectionImpl@571e0e8b
2023-04-04T09:31:53.352+05:30  INFO 7424 --- [restartedMain] com.zaxxer.hikari.HikariDataSource       : HikariPool-4 - Start completed.
2023-04-04T09:31:53.390+05:30  INFO 7424 --- [restartedMain] SQL dialect                              : HHH000400: Using dialect: org.hibernate.dialect.MySQLDialect
2023-04-04T09:31:53.587+05:30  INFO 7424 --- [restartedMain] o.h.e.t.j.p.i.JtaPlatformInitiator       : HHH000490: Using JtaPlatform implementation: [org.hibernate.engine.transaction.jta.platform.internal.NoJtaPlatform]
2023-04-04T09:31:53.588+05:30  INFO 7424 --- [restartedMain] j.LocalContainerEntityManagerFactoryBean : Initialized JPA EntityManagerFactory for persistence unit 'default'
2023-04-04T09:31:53.777+05:30  WARN 7424 --- [restartedMain] JpaBaseConfiguration$JpaWebConfiguration : spring.jpa.open-in-view is enabled by default. Therefore, database queries may be performed during view rendering. Explicitly configure spring.jpa.open-in-view to disable this warning
2023-04-04T09:31:54.365+05:30  WARN 7424 --- [restartedMain] o.s.b.d.a.OptionalLiveReloadServer       : Unable to start LiveReload server
2023-04-04T09:31:54.456+05:30  WARN 7424 --- [restartedMain] iguration$LoadBalancerCaffeineWarnLogger : Spring Cloud LoadBalancer is currently working with the default cache. While this cache implementation is useful for development and tests, it's recommended to use Caffeine cache in production.You can switch to using Caffeine cache, by adding it and org.springframework.cache.caffeine.CaffeineCacheManager to the classpath.
2023-04-04T09:31:54.459+05:30  INFO 7424 --- [restartedMain] o.s.b.a.e.web.EndpointLinksResolver      : Exposing 1 endpoint(s) beneath base path '/actuator'
2023-04-04T09:31:54.523+05:30  INFO 7424 --- [restartedMain] o.s.b.w.embedded.tomcat.TomcatWebServer  : Tomcat started on port(s): 9003 (http) with context path ''
2023-04-04T09:31:54.526+05:30  INFO 7424 --- [restartedMain] o.s.c.c.s.ConsulServiceRegistry          : Registering service with consul: NewService{id='g3-appointment-service-9003', name='g3-appointment-service', tags=[], address='host.docker.internal', meta={secure=false}, port=9003, enableTagOverride=null, check=Check{script='null', dockerContainerID='null', shell='null', interval='10s', ttl='null', http='http://host.docker.internal:9003/actuator/health', method='null', header={}, tcp='null', timeout='null', deregisterCriticalServiceAfter='null', tlsSkipVerify=null, status='null', grpc='null', grpcUseTLS=null}, checks=null}
2023-04-04T09:31:54.635+05:30  INFO 7424 --- [restartedMain] c.c.application.AppointmentApplication   : Started AppointmentApplication in 3.594 seconds (process running for 151688.802)
2023-04-04T09:31:54.647+05:30  INFO 7424 --- [restartedMain] .ConditionEvaluationDeltaLoggingListener : Condition evaluation unchanged
2023-04-04T09:31:56.263+05:30  INFO 7424 --- [http-nio-9003-exec-1] o.a.c.c.C.[Tomcat].[localhost].[/]       : Initializing Spring DispatcherServlet 'dispatcherServlet'
2023-04-04T09:31:56.264+05:30  INFO 7424 --- [http-nio-9003-exec-1] o.s.web.servlet.DispatcherServlet        : Initializing Servlet 'dispatcherServlet'
2023-04-04T09:31:56.266+05:30  INFO 7424 --- [http-nio-9003-exec-1] o.s.web.servlet.DispatcherServlet        : Completed initialization in 2 ms
2023-04-04T10:51:56.181+05:30  WARN 7424 --- [HikariPool-4 housekeeper] com.zaxxer.hikari.pool.HikariPool        : HikariPool-4 - Thread starvation or clock leap detected (housekeeper delta=18m1s757ms368µs400ns).
2023-04-04T11:59:05.796+05:30  INFO 7424 --- [RMI TCP Connection(1431)-127.0.0.1] inMXBeanRegistrar$SpringApplicationAdmin : Application shutdown requested.
2023-04-04T11:59:05.971+05:30  INFO 7424 --- [RMI TCP Connection(1431)-127.0.0.1] o.apache.catalina.core.StandardService   : Stopping service [Tomcat]
2023-04-04T11:59:05.987+05:30  INFO 7424 --- [RMI TCP Connection(1431)-127.0.0.1] o.a.c.c.C.[Tomcat].[localhost].[/]       : Destroying Spring FrameworkServlet 'dispatcherServlet'
2023-04-04T11:59:06.147+05:30  INFO 7424 --- [RMI TCP Connection(1431)-127.0.0.1] o.s.c.c.s.ConsulServiceRegistry          : Deregistering service with consul: g3-appointment-service-9003
2023-04-04T11:59:06.190+05:30  INFO 7424 --- [RMI TCP Connection(1431)-127.0.0.1] j.LocalContainerEntityManagerFactoryBean : Closing JPA EntityManagerFactory for persistence unit 'default'
2023-04-04T11:59:06.241+05:30  INFO 7424 --- [RMI TCP Connection(1431)-127.0.0.1] com.zaxxer.hikari.HikariDataSource       : HikariPool-4 - Shutdown initiated...
2023-04-04T11:59:06.271+05:30  INFO 7424 --- [RMI TCP Connection(1431)-127.0.0.1] com.zaxxer.hikari.HikariDataSource       : HikariPool-4 - Shutdown completed.
